The target system is: Generic -  - ARM
The host system is: Linux - 4.15.0-128-generic - x86_64
Compiling the C compiler identification source file "CMakeCCompilerId.c" succeeded.
Compiler: /opt/gcc-arm-none-eabi-7-2018-q2-update/bin/arm-none-eabi-gcc 
Build flags: 
Id flags: -c 

The output was:
0


Compilation of the C compiler identification source "CMakeCCompilerId.c" produced "CMakeCCompilerId.o"

The C compiler identification is GNU, found in "/home/reddyn/Test/NuceoF0_CMk/cmake-build/CMakeFiles/3.14.1/CompilerIdC/CMakeCCompilerId.o"

Compiling the CXX compiler identification source file "CMakeCXXCompilerId.cpp" succeeded.
Compiler: /opt/gcc-arm-none-eabi-7-2018-q2-update/bin/arm-none-eabi-g++ 
Build flags: 
Id flags: -c 

The output was:
0


Compilation of the CXX compiler identification source "CMakeCXXCompilerId.cpp" produced "CMakeCXXCompilerId.o"

The CXX compiler identification is GNU, found in "/home/reddyn/Test/NuceoF0_CMk/cmake-build/CMakeFiles/3.14.1/CompilerIdCXX/CMakeCXXCompilerId.o"

Determining if the C compiler works passed with the following output:
Change Dir: /home/reddyn/Test/NuceoF0_CMk/cmake-build/CMakeFiles/CMakeTmp

Run Build Command(s):/usr/bin/ninja cmTC_0d640 
[1/2] Building C object CMakeFiles/cmTC_0d640.dir/testCCompiler.c.obj
[2/2] Linking C static library libcmTC_0d640.a


Detecting C compiler ABI info compiled with the following output:
Change Dir: /home/reddyn/Test/NuceoF0_CMk/cmake-build/CMakeFiles/CMakeTmp

Run Build Command(s):/usr/bin/ninja cmTC_0ea6d 
[1/2] Building C object CMakeFiles/cmTC_0ea6d.dir/CMakeCCompilerABI.c.obj
Using built-in specs.
COLLECT_GCC=/opt/gcc-arm-none-eabi-7-2018-q2-update/bin/arm-none-eabi-gcc
Target: arm-none-eabi
Configured with: /tmp/jenkins/jenkins-GCC-7-build_toolchain_docker-775_20180622_1529687456/src/gcc/configure --target=arm-none-eabi --prefix=/tmp/jenkins/jenkins-GCC-7-build_toolchain_docker-775_20180622_1529687456/install-native --libexecdir=/tmp/jenkins/jenkins-GCC-7-build_toolchain_docker-775_20180622_1529687456/install-native/lib --infodir=/tmp/jenkins/jenkins-GCC-7-build_toolchain_docker-775_20180622_1529687456/install-native/share/doc/gcc-arm-none-eabi/info --mandir=/tmp/jenkins/jenkins-GCC-7-build_toolchain_docker-775_20180622_1529687456/install-native/share/doc/gcc-arm-none-eabi/man --htmldir=/tmp/jenkins/jenkins-GCC-7-build_toolchain_docker-775_20180622_1529687456/install-native/share/doc/gcc-arm-none-eabi/html --pdfdir=/tmp/jenkins/jenkins-GCC-7-build_toolchain_docker-775_20180622_1529687456/install-native/share/doc/gcc-arm-none-eabi/pdf --enable-languages=c,c++ --enable-plugins --disable-decimal-float --disable-libffi --disable-libgomp --disable-libmudflap --disable-libquadmath --disable-libssp --disable-libstdcxx-pch --disable-nls --disable-shared --disable-threads --disable-tls --with-gnu-as --with-gnu-ld --with-newlib --with-headers=yes --with-python-dir=share/gcc-arm-none-eabi --with-sysroot=/tmp/jenkins/jenkins-GCC-7-build_toolchain_docker-775_20180622_1529687456/install-native/arm-none-eabi --build=x86_64-linux-gnu --host=x86_64-linux-gnu --with-gmp=/tmp/jenkins/jenkins-GCC-7-build_toolchain_docker-775_20180622_1529687456/build-native/host-libs/usr --with-mpfr=/tmp/jenkins/jenkins-GCC-7-build_toolchain_docker-775_20180622_1529687456/build-native/host-libs/usr --with-mpc=/tmp/jenkins/jenkins-GCC-7-build_toolchain_docker-775_20180622_1529687456/build-native/host-libs/usr --with-isl=/tmp/jenkins/jenkins-GCC-7-build_toolchain_docker-775_20180622_1529687456/build-native/host-libs/usr --with-libelf=/tmp/jenkins/jenkins-GCC-7-build_toolchain_docker-775_20180622_1529687456/build-native/host-libs/usr --with-host-libstdcxx='-static-libgcc -Wl,-Bstatic,-lstdc++,-Bdynamic -lm' --with-pkgversion='GNU Tools for Arm Embedded Processors 7-2018-q2-update' --with-multilib-list=rmprofile
Thread model: single
gcc version 7.3.1 20180622 (release) [ARM/embedded-7-branch revision 261907] (GNU Tools for Arm Embedded Processors 7-2018-q2-update) 
COLLECT_GCC_OPTIONS='-v' '-o' 'CMakeFiles/cmTC_0ea6d.dir/CMakeCCompilerABI.c.obj' '-c'
 /opt/gcc-arm-none-eabi-7-2018-q2-update/bin/../lib/gcc/arm-none-eabi/7.3.1/cc1 -quiet -v -iprefix /opt/gcc-arm-none-eabi-7-2018-q2-update/bin/../lib/gcc/arm-none-eabi/7.3.1/ -isysroot /opt/gcc-arm-none-eabi-7-2018-q2-update/bin/../arm-none-eabi -D__USES_INITFINI__ /opt/cmake/cmake-3.14.1-Linux-x86_64/share/cmake-3.14/Modules/CMakeCCompilerABI.c -quiet -dumpbase CMakeCCompilerABI.c -auxbase-strip CMakeFiles/cmTC_0ea6d.dir/CMakeCCompilerABI.c.obj -version -o /tmp/ccDVKGdv.s
GNU C11 (GNU Tools for Arm Embedded Processors 7-2018-q2-update) version 7.3.1 20180622 (release) [ARM/embedded-7-branch revision 261907] (arm-none-eabi)
	compiled by GNU C version 4.8.4, GMP version 6.1.0, MPFR version 3.1.4, MPC version 1.0.3, isl version isl-0.15-GMP

GGC heuristics: --param ggc-min-expand=100 --param ggc-min-heapsize=131072
ignoring duplicate directory "/opt/gcc-arm-none-eabi-7-2018-q2-update/bin/../lib/gcc/../../lib/gcc/arm-none-eabi/7.3.1/include"
ignoring nonexistent directory "/opt/gcc-arm-none-eabi-7-2018-q2-update/bin/../arm-none-eabi/usr/local/include"
ignoring duplicate directory "/opt/gcc-arm-none-eabi-7-2018-q2-update/bin/../lib/gcc/../../lib/gcc/arm-none-eabi/7.3.1/include-fixed"
ignoring duplicate directory "/opt/gcc-arm-none-eabi-7-2018-q2-update/bin/../lib/gcc/../../lib/gcc/arm-none-eabi/7.3.1/../../../../arm-none-eabi/include"
ignoring nonexistent directory "/opt/gcc-arm-none-eabi-7-2018-q2-update/bin/../arm-none-eabi/usr/include"
#include "..." search starts here:
#include <...> search starts here:
 /opt/gcc-arm-none-eabi-7-2018-q2-update/bin/../lib/gcc/arm-none-eabi/7.3.1/include
 /opt/gcc-arm-none-eabi-7-2018-q2-update/bin/../lib/gcc/arm-none-eabi/7.3.1/include-fixed
 /opt/gcc-arm-none-eabi-7-2018-q2-update/bin/../lib/gcc/arm-none-eabi/7.3.1/../../../../arm-none-eabi/include
End of search list.
GNU C11 (GNU Tools for Arm Embedded Processors 7-2018-q2-update) version 7.3.1 20180622 (release) [ARM/embedded-7-branch revision 261907] (arm-none-eabi)
	compiled by GNU C version 4.8.4, GMP version 6.1.0, MPFR version 3.1.4, MPC version 1.0.3, isl version isl-0.15-GMP

GGC heuristics: --param ggc-min-expand=100 --param ggc-min-heapsize=131072
Compiler executable checksum: fe5c63cd00843f93f7875575edbc8726
COLLECT_GCC_OPTIONS='-v' '-o' 'CMakeFiles/cmTC_0ea6d.dir/CMakeCCompilerABI.c.obj' '-c'
 /opt/gcc-arm-none-eabi-7-2018-q2-update/bin/../lib/gcc/arm-none-eabi/7.3.1/../../../../arm-none-eabi/bin/as -v -meabi=5 -o CMakeFiles/cmTC_0ea6d.dir/CMakeCCompilerABI.c.obj /tmp/ccDVKGdv.s
GNU assembler version 2.30.0 (arm-none-eabi) using BFD version (GNU Tools for Arm Embedded Processors 7-2018-q2-update) 2.30.0.20180329
COMPILER_PATH=/opt/gcc-arm-none-eabi-7-2018-q2-update/bin/../lib/gcc/arm-none-eabi/7.3.1/:/opt/gcc-arm-none-eabi-7-2018-q2-update/bin/../lib/gcc/:/opt/gcc-arm-none-eabi-7-2018-q2-update/bin/../lib/gcc/arm-none-eabi/7.3.1/../../../../arm-none-eabi/bin/
LIBRARY_PATH=/opt/gcc-arm-none-eabi-7-2018-q2-update/bin/../lib/gcc/arm-none-eabi/7.3.1/:/opt/gcc-arm-none-eabi-7-2018-q2-update/bin/../lib/gcc/:/opt/gcc-arm-none-eabi-7-2018-q2-update/bin/../lib/gcc/arm-none-eabi/7.3.1/../../../../arm-none-eabi/lib/:/opt/gcc-arm-none-eabi-7-2018-q2-update/bin/../arm-none-eabi/lib/
COLLECT_GCC_OPTIONS='-v' '-o' 'CMakeFiles/cmTC_0ea6d.dir/CMakeCCompilerABI.c.obj' '-c'
[2/2] Linking C static library libcmTC_0ea6d.a


Parsed C implicit include dir info from above output: rv=done
  found start of include info
  found start of implicit include info
    add: [/opt/gcc-arm-none-eabi-7-2018-q2-update/bin/../lib/gcc/arm-none-eabi/7.3.1/include]
    add: [/opt/gcc-arm-none-eabi-7-2018-q2-update/bin/../lib/gcc/arm-none-eabi/7.3.1/include-fixed]
    add: [/opt/gcc-arm-none-eabi-7-2018-q2-update/bin/../lib/gcc/arm-none-eabi/7.3.1/../../../../arm-none-eabi/include]
  end of search list found
  collapse include dir [/opt/gcc-arm-none-eabi-7-2018-q2-update/bin/../lib/gcc/arm-none-eabi/7.3.1/include] ==> [/opt/gcc-arm-none-eabi-7-2018-q2-update/lib/gcc/arm-none-eabi/7.3.1/include]
  collapse include dir [/opt/gcc-arm-none-eabi-7-2018-q2-update/bin/../lib/gcc/arm-none-eabi/7.3.1/include-fixed] ==> [/opt/gcc-arm-none-eabi-7-2018-q2-update/lib/gcc/arm-none-eabi/7.3.1/include-fixed]
  collapse include dir [/opt/gcc-arm-none-eabi-7-2018-q2-update/bin/../lib/gcc/arm-none-eabi/7.3.1/../../../../arm-none-eabi/include] ==> [/opt/gcc-arm-none-eabi-7-2018-q2-update/arm-none-eabi/include]
  implicit include dirs: [/opt/gcc-arm-none-eabi-7-2018-q2-update/lib/gcc/arm-none-eabi/7.3.1/include;/opt/gcc-arm-none-eabi-7-2018-q2-update/lib/gcc/arm-none-eabi/7.3.1/include-fixed;/opt/gcc-arm-none-eabi-7-2018-q2-update/arm-none-eabi/include]


Parsed C implicit link information from above output:
  link line regex: [^( *|.*[/\])(arm-none-eabi-ld|CMAKE_LINK_STARTFILE-NOTFOUND|([^/\]+-)?ld|collect2)[^/\]*( |$)]
  ignore line: [Change Dir: /home/reddyn/Test/NuceoF0_CMk/cmake-build/CMakeFiles/CMakeTmp]
  ignore line: []
  ignore line: [Run Build Command(s):/usr/bin/ninja cmTC_0ea6d ]
  ignore line: [[1/2] Building C object CMakeFiles/cmTC_0ea6d.dir/CMakeCCompilerABI.c.obj]
  ignore line: [Using built-in specs.]
  ignore line: [COLLECT_GCC=/opt/gcc-arm-none-eabi-7-2018-q2-update/bin/arm-none-eabi-gcc]
  ignore line: [Target: arm-none-eabi]
  ignore line: [Configured with: /tmp/jenkins/jenkins-GCC-7-build_toolchain_docker-775_20180622_1529687456/src/gcc/configure --target=arm-none-eabi --prefix=/tmp/jenkins/jenkins-GCC-7-build_toolchain_docker-775_20180622_1529687456/install-native --libexecdir=/tmp/jenkins/jenkins-GCC-7-build_toolchain_docker-775_20180622_1529687456/install-native/lib --infodir=/tmp/jenkins/jenkins-GCC-7-build_toolchain_docker-775_20180622_1529687456/install-native/share/doc/gcc-arm-none-eabi/info --mandir=/tmp/jenkins/jenkins-GCC-7-build_toolchain_docker-775_20180622_1529687456/install-native/share/doc/gcc-arm-none-eabi/man --htmldir=/tmp/jenkins/jenkins-GCC-7-build_toolchain_docker-775_20180622_1529687456/install-native/share/doc/gcc-arm-none-eabi/html --pdfdir=/tmp/jenkins/jenkins-GCC-7-build_toolchain_docker-775_20180622_1529687456/install-native/share/doc/gcc-arm-none-eabi/pdf --enable-languages=c,c++ --enable-plugins --disable-decimal-float --disable-libffi --disable-libgomp --disable-libmudflap --disable-libquadmath --disable-libssp --disable-libstdcxx-pch --disable-nls --disable-shared --disable-threads --disable-tls --with-gnu-as --with-gnu-ld --with-newlib --with-headers=yes --with-python-dir=share/gcc-arm-none-eabi --with-sysroot=/tmp/jenkins/jenkins-GCC-7-build_toolchain_docker-775_20180622_1529687456/install-native/arm-none-eabi --build=x86_64-linux-gnu --host=x86_64-linux-gnu --with-gmp=/tmp/jenkins/jenkins-GCC-7-build_toolchain_docker-775_20180622_1529687456/build-native/host-libs/usr --with-mpfr=/tmp/jenkins/jenkins-GCC-7-build_toolchain_docker-775_20180622_1529687456/build-native/host-libs/usr --with-mpc=/tmp/jenkins/jenkins-GCC-7-build_toolchain_docker-775_20180622_1529687456/build-native/host-libs/usr --with-isl=/tmp/jenkins/jenkins-GCC-7-build_toolchain_docker-775_20180622_1529687456/build-native/host-libs/usr --with-libelf=/tmp/jenkins/jenkins-GCC-7-build_toolchain_docker-775_20180622_1529687456/build-native/host-libs/usr --with-host-libstdcxx='-static-libgcc -Wl,-Bstatic,-lstdc++,-Bdynamic -lm' --with-pkgversion='GNU Tools for Arm Embedded Processors 7-2018-q2-update' --with-multilib-list=rmprofile]
  ignore line: [Thread model: single]
  ignore line: [gcc version 7.3.1 20180622 (release) [ARM/embedded-7-branch revision 261907] (GNU Tools for Arm Embedded Processors 7-2018-q2-update) ]
  ignore line: [COLLECT_GCC_OPTIONS='-v' '-o' 'CMakeFiles/cmTC_0ea6d.dir/CMakeCCompilerABI.c.obj' '-c']
  ignore line: [ /opt/gcc-arm-none-eabi-7-2018-q2-update/bin/../lib/gcc/arm-none-eabi/7.3.1/cc1 -quiet -v -iprefix /opt/gcc-arm-none-eabi-7-2018-q2-update/bin/../lib/gcc/arm-none-eabi/7.3.1/ -isysroot /opt/gcc-arm-none-eabi-7-2018-q2-update/bin/../arm-none-eabi -D__USES_INITFINI__ /opt/cmake/cmake-3.14.1-Linux-x86_64/share/cmake-3.14/Modules/CMakeCCompilerABI.c -quiet -dumpbase CMakeCCompilerABI.c -auxbase-strip CMakeFiles/cmTC_0ea6d.dir/CMakeCCompilerABI.c.obj -version -o /tmp/ccDVKGdv.s]
  ignore line: [GNU C11 (GNU Tools for Arm Embedded Processors 7-2018-q2-update) version 7.3.1 20180622 (release) [ARM/embedded-7-branch revision 261907] (arm-none-eabi)]
  ignore line: [	compiled by GNU C version 4.8.4, GMP version 6.1.0, MPFR version 3.1.4, MPC version 1.0.3, isl version isl-0.15-GMP]
  ignore line: []
  ignore line: [GGC heuristics: --param ggc-min-expand=100 --param ggc-min-heapsize=131072]
  ignore line: [ignoring duplicate directory "/opt/gcc-arm-none-eabi-7-2018-q2-update/bin/../lib/gcc/../../lib/gcc/arm-none-eabi/7.3.1/include"]
  ignore line: [ignoring nonexistent directory "/opt/gcc-arm-none-eabi-7-2018-q2-update/bin/../arm-none-eabi/usr/local/include"]
  ignore line: [ignoring duplicate directory "/opt/gcc-arm-none-eabi-7-2018-q2-update/bin/../lib/gcc/../../lib/gcc/arm-none-eabi/7.3.1/include-fixed"]
  ignore line: [ignoring duplicate directory "/opt/gcc-arm-none-eabi-7-2018-q2-update/bin/../lib/gcc/../../lib/gcc/arm-none-eabi/7.3.1/../../../../arm-none-eabi/include"]
  ignore line: [ignoring nonexistent directory "/opt/gcc-arm-none-eabi-7-2018-q2-update/bin/../arm-none-eabi/usr/include"]
  ignore line: [#include "..." search starts here:]
  ignore line: [#include <...> search starts here:]
  ignore line: [ /opt/gcc-arm-none-eabi-7-2018-q2-update/bin/../lib/gcc/arm-none-eabi/7.3.1/include]
  ignore line: [ /opt/gcc-arm-none-eabi-7-2018-q2-update/bin/../lib/gcc/arm-none-eabi/7.3.1/include-fixed]
  ignore line: [ /opt/gcc-arm-none-eabi-7-2018-q2-update/bin/../lib/gcc/arm-none-eabi/7.3.1/../../../../arm-none-eabi/include]
  ignore line: [End of search list.]
  ignore line: [GNU C11 (GNU Tools for Arm Embedded Processors 7-2018-q2-update) version 7.3.1 20180622 (release) [ARM/embedded-7-branch revision 261907] (arm-none-eabi)]
  ignore line: [	compiled by GNU C version 4.8.4, GMP version 6.1.0, MPFR version 3.1.4, MPC version 1.0.3, isl version isl-0.15-GMP]
  ignore line: []
  ignore line: [GGC heuristics: --param ggc-min-expand=100 --param ggc-min-heapsize=131072]
  ignore line: [Compiler executable checksum: fe5c63cd00843f93f7875575edbc8726]
  ignore line: [COLLECT_GCC_OPTIONS='-v' '-o' 'CMakeFiles/cmTC_0ea6d.dir/CMakeCCompilerABI.c.obj' '-c']
  ignore line: [ /opt/gcc-arm-none-eabi-7-2018-q2-update/bin/../lib/gcc/arm-none-eabi/7.3.1/../../../../arm-none-eabi/bin/as -v -meabi=5 -o CMakeFiles/cmTC_0ea6d.dir/CMakeCCompilerABI.c.obj /tmp/ccDVKGdv.s]
  ignore line: [GNU assembler version 2.30.0 (arm-none-eabi) using BFD version (GNU Tools for Arm Embedded Processors 7-2018-q2-update) 2.30.0.20180329]
  ignore line: [COMPILER_PATH=/opt/gcc-arm-none-eabi-7-2018-q2-update/bin/../lib/gcc/arm-none-eabi/7.3.1/:/opt/gcc-arm-none-eabi-7-2018-q2-update/bin/../lib/gcc/:/opt/gcc-arm-none-eabi-7-2018-q2-update/bin/../lib/gcc/arm-none-eabi/7.3.1/../../../../arm-none-eabi/bin/]
  ignore line: [LIBRARY_PATH=/opt/gcc-arm-none-eabi-7-2018-q2-update/bin/../lib/gcc/arm-none-eabi/7.3.1/:/opt/gcc-arm-none-eabi-7-2018-q2-update/bin/../lib/gcc/:/opt/gcc-arm-none-eabi-7-2018-q2-update/bin/../lib/gcc/arm-none-eabi/7.3.1/../../../../arm-none-eabi/lib/:/opt/gcc-arm-none-eabi-7-2018-q2-update/bin/../arm-none-eabi/lib/]
  ignore line: [COLLECT_GCC_OPTIONS='-v' '-o' 'CMakeFiles/cmTC_0ea6d.dir/CMakeCCompilerABI.c.obj' '-c']
  ignore line: [[2/2] Linking C static library libcmTC_0ea6d.a]
  ignore line: []
  implicit libs: []
  implicit dirs: []
  implicit fwks: []




Detecting C [-std=c11] compiler features compiled with the following output:
Change Dir: /home/reddyn/Test/NuceoF0_CMk/cmake-build/CMakeFiles/CMakeTmp

Run Build Command(s):/usr/bin/ninja cmTC_8bcdf 
[1/2] Building C object CMakeFiles/cmTC_8bcdf.dir/feature_tests.c.obj
[2/2] Linking C static library libcmTC_8bcdf.a


    Feature record: C_FEATURE:1c_function_prototypes
    Feature record: C_FEATURE:1c_restrict
    Feature record: C_FEATURE:1c_static_assert
    Feature record: C_FEATURE:1c_variadic_macros


Detecting C [-std=c99] compiler features compiled with the following output:
Change Dir: /home/reddyn/Test/NuceoF0_CMk/cmake-build/CMakeFiles/CMakeTmp

Run Build Command(s):/usr/bin/ninja cmTC_b7cfc 
[1/2] Building C object CMakeFiles/cmTC_b7cfc.dir/feature_tests.c.obj
[2/2] Linking C static library libcmTC_b7cfc.a


    Feature record: C_FEATURE:1c_function_prototypes
    Feature record: C_FEATURE:1c_restrict
    Feature record: C_FEATURE:0c_static_assert
    Feature record: C_FEATURE:1c_variadic_macros


Detecting C [-std=c90] compiler features compiled with the following output:
Change Dir: /home/reddyn/Test/NuceoF0_CMk/cmake-build/CMakeFiles/CMakeTmp

Run Build Command(s):/usr/bin/ninja cmTC_22976 
[1/2] Building C object CMakeFiles/cmTC_22976.dir/feature_tests.c.obj
[2/2] Linking C static library libcmTC_22976.a


    Feature record: C_FEATURE:1c_function_prototypes
    Feature record: C_FEATURE:0c_restrict
    Feature record: C_FEATURE:0c_static_assert
    Feature record: C_FEATURE:0c_variadic_macros
Determining if the CXX compiler works passed with the following output:
Change Dir: /home/reddyn/Test/NuceoF0_CMk/cmake-build/CMakeFiles/CMakeTmp

Run Build Command(s):/usr/bin/ninja cmTC_3ed63 
[1/2] Building CXX object CMakeFiles/cmTC_3ed63.dir/testCXXCompiler.cxx.obj
[2/2] Linking CXX static library libcmTC_3ed63.a


Detecting CXX compiler ABI info compiled with the following output:
Change Dir: /home/reddyn/Test/NuceoF0_CMk/cmake-build/CMakeFiles/CMakeTmp

Run Build Command(s):/usr/bin/ninja cmTC_6fcd8 
[1/2] Building CXX object CMakeFiles/cmTC_6fcd8.dir/CMakeCXXCompilerABI.cpp.obj
Using built-in specs.
COLLECT_GCC=/opt/gcc-arm-none-eabi-7-2018-q2-update/bin/arm-none-eabi-g++
Target: arm-none-eabi
Configured with: /tmp/jenkins/jenkins-GCC-7-build_toolchain_docker-775_20180622_1529687456/src/gcc/configure --target=arm-none-eabi --prefix=/tmp/jenkins/jenkins-GCC-7-build_toolchain_docker-775_20180622_1529687456/install-native --libexecdir=/tmp/jenkins/jenkins-GCC-7-build_toolchain_docker-775_20180622_1529687456/install-native/lib --infodir=/tmp/jenkins/jenkins-GCC-7-build_toolchain_docker-775_20180622_1529687456/install-native/share/doc/gcc-arm-none-eabi/info --mandir=/tmp/jenkins/jenkins-GCC-7-build_toolchain_docker-775_20180622_1529687456/install-native/share/doc/gcc-arm-none-eabi/man --htmldir=/tmp/jenkins/jenkins-GCC-7-build_toolchain_docker-775_20180622_1529687456/install-native/share/doc/gcc-arm-none-eabi/html --pdfdir=/tmp/jenkins/jenkins-GCC-7-build_toolchain_docker-775_20180622_1529687456/install-native/share/doc/gcc-arm-none-eabi/pdf --enable-languages=c,c++ --enable-plugins --disable-decimal-float --disable-libffi --disable-libgomp --disable-libmudflap --disable-libquadmath --disable-libssp --disable-libstdcxx-pch --disable-nls --disable-shared --disable-threads --disable-tls --with-gnu-as --with-gnu-ld --with-newlib --with-headers=yes --with-python-dir=share/gcc-arm-none-eabi --with-sysroot=/tmp/jenkins/jenkins-GCC-7-build_toolchain_docker-775_20180622_1529687456/install-native/arm-none-eabi --build=x86_64-linux-gnu --host=x86_64-linux-gnu --with-gmp=/tmp/jenkins/jenkins-GCC-7-build_toolchain_docker-775_20180622_1529687456/build-native/host-libs/usr --with-mpfr=/tmp/jenkins/jenkins-GCC-7-build_toolchain_docker-775_20180622_1529687456/build-native/host-libs/usr --with-mpc=/tmp/jenkins/jenkins-GCC-7-build_toolchain_docker-775_20180622_1529687456/build-native/host-libs/usr --with-isl=/tmp/jenkins/jenkins-GCC-7-build_toolchain_docker-775_20180622_1529687456/build-native/host-libs/usr --with-libelf=/tmp/jenkins/jenkins-GCC-7-build_toolchain_docker-775_20180622_1529687456/build-native/host-libs/usr --with-host-libstdcxx='-static-libgcc -Wl,-Bstatic,-lstdc++,-Bdynamic -lm' --with-pkgversion='GNU Tools for Arm Embedded Processors 7-2018-q2-update' --with-multilib-list=rmprofile
Thread model: single
gcc version 7.3.1 20180622 (release) [ARM/embedded-7-branch revision 261907] (GNU Tools for Arm Embedded Processors 7-2018-q2-update) 
COLLECT_GCC_OPTIONS='-v' '-o' 'CMakeFiles/cmTC_6fcd8.dir/CMakeCXXCompilerABI.cpp.obj' '-c'
 /opt/gcc-arm-none-eabi-7-2018-q2-update/bin/../lib/gcc/arm-none-eabi/7.3.1/cc1plus -quiet -v -iprefix /opt/gcc-arm-none-eabi-7-2018-q2-update/bin/../lib/gcc/arm-none-eabi/7.3.1/ -isysroot /opt/gcc-arm-none-eabi-7-2018-q2-update/bin/../arm-none-eabi -D__USES_INITFINI__ /opt/cmake/cmake-3.14.1-Linux-x86_64/share/cmake-3.14/Modules/CMakeCXXCompilerABI.cpp -quiet -dumpbase CMakeCXXCompilerABI.cpp -auxbase-strip CMakeFiles/cmTC_6fcd8.dir/CMakeCXXCompilerABI.cpp.obj -version -o /tmp/cci9SsxH.s
GNU C++14 (GNU Tools for Arm Embedded Processors 7-2018-q2-update) version 7.3.1 20180622 (release) [ARM/embedded-7-branch revision 261907] (arm-none-eabi)
	compiled by GNU C version 4.8.4, GMP version 6.1.0, MPFR version 3.1.4, MPC version 1.0.3, isl version isl-0.15-GMP

GGC heuristics: --param ggc-min-expand=100 --param ggc-min-heapsize=131072
ignoring duplicate directory "/opt/gcc-arm-none-eabi-7-2018-q2-update/bin/../lib/gcc/../../lib/gcc/arm-none-eabi/7.3.1/../../../../arm-none-eabi/include/c++/7.3.1"
ignoring duplicate directory "/opt/gcc-arm-none-eabi-7-2018-q2-update/bin/../lib/gcc/../../lib/gcc/arm-none-eabi/7.3.1/../../../../arm-none-eabi/include/c++/7.3.1/arm-none-eabi"
ignoring duplicate directory "/opt/gcc-arm-none-eabi-7-2018-q2-update/bin/../lib/gcc/../../lib/gcc/arm-none-eabi/7.3.1/../../../../arm-none-eabi/include/c++/7.3.1/backward"
ignoring duplicate directory "/opt/gcc-arm-none-eabi-7-2018-q2-update/bin/../lib/gcc/../../lib/gcc/arm-none-eabi/7.3.1/include"
ignoring nonexistent directory "/opt/gcc-arm-none-eabi-7-2018-q2-update/bin/../arm-none-eabi/usr/local/include"
ignoring duplicate directory "/opt/gcc-arm-none-eabi-7-2018-q2-update/bin/../lib/gcc/../../lib/gcc/arm-none-eabi/7.3.1/include-fixed"
ignoring duplicate directory "/opt/gcc-arm-none-eabi-7-2018-q2-update/bin/../lib/gcc/../../lib/gcc/arm-none-eabi/7.3.1/../../../../arm-none-eabi/include"
ignoring nonexistent directory "/opt/gcc-arm-none-eabi-7-2018-q2-update/bin/../arm-none-eabi/usr/include"
#include "..." search starts here:
#include <...> search starts here:
 /opt/gcc-arm-none-eabi-7-2018-q2-update/bin/../lib/gcc/arm-none-eabi/7.3.1/../../../../arm-none-eabi/include/c++/7.3.1
 /opt/gcc-arm-none-eabi-7-2018-q2-update/bin/../lib/gcc/arm-none-eabi/7.3.1/../../../../arm-none-eabi/include/c++/7.3.1/arm-none-eabi
 /opt/gcc-arm-none-eabi-7-2018-q2-update/bin/../lib/gcc/arm-none-eabi/7.3.1/../../../../arm-none-eabi/include/c++/7.3.1/backward
 /opt/gcc-arm-none-eabi-7-2018-q2-update/bin/../lib/gcc/arm-none-eabi/7.3.1/include
 /opt/gcc-arm-none-eabi-7-2018-q2-update/bin/../lib/gcc/arm-none-eabi/7.3.1/include-fixed
 /opt/gcc-arm-none-eabi-7-2018-q2-update/bin/../lib/gcc/arm-none-eabi/7.3.1/../../../../arm-none-eabi/include
End of search list.
GNU C++14 (GNU Tools for Arm Embedded Processors 7-2018-q2-update) version 7.3.1 20180622 (release) [ARM/embedded-7-branch revision 261907] (arm-none-eabi)
	compiled by GNU C version 4.8.4, GMP version 6.1.0, MPFR version 3.1.4, MPC version 1.0.3, isl version isl-0.15-GMP

GGC heuristics: --param ggc-min-expand=100 --param ggc-min-heapsize=131072
Compiler executable checksum: 62353cd5102bba936abfe473d9a75a86
COLLECT_GCC_OPTIONS='-v' '-o' 'CMakeFiles/cmTC_6fcd8.dir/CMakeCXXCompilerABI.cpp.obj' '-c'
 /opt/gcc-arm-none-eabi-7-2018-q2-update/bin/../lib/gcc/arm-none-eabi/7.3.1/../../../../arm-none-eabi/bin/as -v -meabi=5 -o CMakeFiles/cmTC_6fcd8.dir/CMakeCXXCompilerABI.cpp.obj /tmp/cci9SsxH.s
GNU assembler version 2.30.0 (arm-none-eabi) using BFD version (GNU Tools for Arm Embedded Processors 7-2018-q2-update) 2.30.0.20180329
COMPILER_PATH=/opt/gcc-arm-none-eabi-7-2018-q2-update/bin/../lib/gcc/arm-none-eabi/7.3.1/:/opt/gcc-arm-none-eabi-7-2018-q2-update/bin/../lib/gcc/:/opt/gcc-arm-none-eabi-7-2018-q2-update/bin/../lib/gcc/arm-none-eabi/7.3.1/../../../../arm-none-eabi/bin/
LIBRARY_PATH=/opt/gcc-arm-none-eabi-7-2018-q2-update/bin/../lib/gcc/arm-none-eabi/7.3.1/:/opt/gcc-arm-none-eabi-7-2018-q2-update/bin/../lib/gcc/:/opt/gcc-arm-none-eabi-7-2018-q2-update/bin/../lib/gcc/arm-none-eabi/7.3.1/../../../../arm-none-eabi/lib/:/opt/gcc-arm-none-eabi-7-2018-q2-update/bin/../arm-none-eabi/lib/
COLLECT_GCC_OPTIONS='-v' '-o' 'CMakeFiles/cmTC_6fcd8.dir/CMakeCXXCompilerABI.cpp.obj' '-c'
[2/2] Linking CXX static library libcmTC_6fcd8.a


Parsed CXX implicit include dir info from above output: rv=done
  found start of include info
  found start of implicit include info
    add: [/opt/gcc-arm-none-eabi-7-2018-q2-update/bin/../lib/gcc/arm-none-eabi/7.3.1/../../../../arm-none-eabi/include/c++/7.3.1]
    add: [/opt/gcc-arm-none-eabi-7-2018-q2-update/bin/../lib/gcc/arm-none-eabi/7.3.1/../../../../arm-none-eabi/include/c++/7.3.1/arm-none-eabi]
    add: [/opt/gcc-arm-none-eabi-7-2018-q2-update/bin/../lib/gcc/arm-none-eabi/7.3.1/../../../../arm-none-eabi/include/c++/7.3.1/backward]
    add: [/opt/gcc-arm-none-eabi-7-2018-q2-update/bin/../lib/gcc/arm-none-eabi/7.3.1/include]
    add: [/opt/gcc-arm-none-eabi-7-2018-q2-update/bin/../lib/gcc/arm-none-eabi/7.3.1/include-fixed]
    add: [/opt/gcc-arm-none-eabi-7-2018-q2-update/bin/../lib/gcc/arm-none-eabi/7.3.1/../../../../arm-none-eabi/include]
  end of search list found
  collapse include dir [/opt/gcc-arm-none-eabi-7-2018-q2-update/bin/../lib/gcc/arm-none-eabi/7.3.1/../../../../arm-none-eabi/include/c++/7.3.1] ==> [/opt/gcc-arm-none-eabi-7-2018-q2-update/arm-none-eabi/include/c++/7.3.1]
  collapse include dir [/opt/gcc-arm-none-eabi-7-2018-q2-update/bin/../lib/gcc/arm-none-eabi/7.3.1/../../../../arm-none-eabi/include/c++/7.3.1/arm-none-eabi] ==> [/opt/gcc-arm-none-eabi-7-2018-q2-update/arm-none-eabi/include/c++/7.3.1/arm-none-eabi]
  collapse include dir [/opt/gcc-arm-none-eabi-7-2018-q2-update/bin/../lib/gcc/arm-none-eabi/7.3.1/../../../../arm-none-eabi/include/c++/7.3.1/backward] ==> [/opt/gcc-arm-none-eabi-7-2018-q2-update/arm-none-eabi/include/c++/7.3.1/backward]
  collapse include dir [/opt/gcc-arm-none-eabi-7-2018-q2-update/bin/../lib/gcc/arm-none-eabi/7.3.1/include] ==> [/opt/gcc-arm-none-eabi-7-2018-q2-update/lib/gcc/arm-none-eabi/7.3.1/include]
  collapse include dir [/opt/gcc-arm-none-eabi-7-2018-q2-update/bin/../lib/gcc/arm-none-eabi/7.3.1/include-fixed] ==> [/opt/gcc-arm-none-eabi-7-2018-q2-update/lib/gcc/arm-none-eabi/7.3.1/include-fixed]
  collapse include dir [/opt/gcc-arm-none-eabi-7-2018-q2-update/bin/../lib/gcc/arm-none-eabi/7.3.1/../../../../arm-none-eabi/include] ==> [/opt/gcc-arm-none-eabi-7-2018-q2-update/arm-none-eabi/include]
  implicit include dirs: [/opt/gcc-arm-none-eabi-7-2018-q2-update/arm-none-eabi/include/c++/7.3.1;/opt/gcc-arm-none-eabi-7-2018-q2-update/arm-none-eabi/include/c++/7.3.1/arm-none-eabi;/opt/gcc-arm-none-eabi-7-2018-q2-update/arm-none-eabi/include/c++/7.3.1/backward;/opt/gcc-arm-none-eabi-7-2018-q2-update/lib/gcc/arm-none-eabi/7.3.1/include;/opt/gcc-arm-none-eabi-7-2018-q2-update/lib/gcc/arm-none-eabi/7.3.1/include-fixed;/opt/gcc-arm-none-eabi-7-2018-q2-update/arm-none-eabi/include]


Parsed CXX implicit link information from above output:
  link line regex: [^( *|.*[/\])(arm-none-eabi-ld|CMAKE_LINK_STARTFILE-NOTFOUND|([^/\]+-)?ld|collect2)[^/\]*( |$)]
  ignore line: [Change Dir: /home/reddyn/Test/NuceoF0_CMk/cmake-build/CMakeFiles/CMakeTmp]
  ignore line: []
  ignore line: [Run Build Command(s):/usr/bin/ninja cmTC_6fcd8 ]
  ignore line: [[1/2] Building CXX object CMakeFiles/cmTC_6fcd8.dir/CMakeCXXCompilerABI.cpp.obj]
  ignore line: [Using built-in specs.]
  ignore line: [COLLECT_GCC=/opt/gcc-arm-none-eabi-7-2018-q2-update/bin/arm-none-eabi-g++]
  ignore line: [Target: arm-none-eabi]
  ignore line: [Configured with: /tmp/jenkins/jenkins-GCC-7-build_toolchain_docker-775_20180622_1529687456/src/gcc/configure --target=arm-none-eabi --prefix=/tmp/jenkins/jenkins-GCC-7-build_toolchain_docker-775_20180622_1529687456/install-native --libexecdir=/tmp/jenkins/jenkins-GCC-7-build_toolchain_docker-775_20180622_1529687456/install-native/lib --infodir=/tmp/jenkins/jenkins-GCC-7-build_toolchain_docker-775_20180622_1529687456/install-native/share/doc/gcc-arm-none-eabi/info --mandir=/tmp/jenkins/jenkins-GCC-7-build_toolchain_docker-775_20180622_1529687456/install-native/share/doc/gcc-arm-none-eabi/man --htmldir=/tmp/jenkins/jenkins-GCC-7-build_toolchain_docker-775_20180622_1529687456/install-native/share/doc/gcc-arm-none-eabi/html --pdfdir=/tmp/jenkins/jenkins-GCC-7-build_toolchain_docker-775_20180622_1529687456/install-native/share/doc/gcc-arm-none-eabi/pdf --enable-languages=c,c++ --enable-plugins --disable-decimal-float --disable-libffi --disable-libgomp --disable-libmudflap --disable-libquadmath --disable-libssp --disable-libstdcxx-pch --disable-nls --disable-shared --disable-threads --disable-tls --with-gnu-as --with-gnu-ld --with-newlib --with-headers=yes --with-python-dir=share/gcc-arm-none-eabi --with-sysroot=/tmp/jenkins/jenkins-GCC-7-build_toolchain_docker-775_20180622_1529687456/install-native/arm-none-eabi --build=x86_64-linux-gnu --host=x86_64-linux-gnu --with-gmp=/tmp/jenkins/jenkins-GCC-7-build_toolchain_docker-775_20180622_1529687456/build-native/host-libs/usr --with-mpfr=/tmp/jenkins/jenkins-GCC-7-build_toolchain_docker-775_20180622_1529687456/build-native/host-libs/usr --with-mpc=/tmp/jenkins/jenkins-GCC-7-build_toolchain_docker-775_20180622_1529687456/build-native/host-libs/usr --with-isl=/tmp/jenkins/jenkins-GCC-7-build_toolchain_docker-775_20180622_1529687456/build-native/host-libs/usr --with-libelf=/tmp/jenkins/jenkins-GCC-7-build_toolchain_docker-775_20180622_1529687456/build-native/host-libs/usr --with-host-libstdcxx='-static-libgcc -Wl,-Bstatic,-lstdc++,-Bdynamic -lm' --with-pkgversion='GNU Tools for Arm Embedded Processors 7-2018-q2-update' --with-multilib-list=rmprofile]
  ignore line: [Thread model: single]
  ignore line: [gcc version 7.3.1 20180622 (release) [ARM/embedded-7-branch revision 261907] (GNU Tools for Arm Embedded Processors 7-2018-q2-update) ]
  ignore line: [COLLECT_GCC_OPTIONS='-v' '-o' 'CMakeFiles/cmTC_6fcd8.dir/CMakeCXXCompilerABI.cpp.obj' '-c']
  ignore line: [ /opt/gcc-arm-none-eabi-7-2018-q2-update/bin/../lib/gcc/arm-none-eabi/7.3.1/cc1plus -quiet -v -iprefix /opt/gcc-arm-none-eabi-7-2018-q2-update/bin/../lib/gcc/arm-none-eabi/7.3.1/ -isysroot /opt/gcc-arm-none-eabi-7-2018-q2-update/bin/../arm-none-eabi -D__USES_INITFINI__ /opt/cmake/cmake-3.14.1-Linux-x86_64/share/cmake-3.14/Modules/CMakeCXXCompilerABI.cpp -quiet -dumpbase CMakeCXXCompilerABI.cpp -auxbase-strip CMakeFiles/cmTC_6fcd8.dir/CMakeCXXCompilerABI.cpp.obj -version -o /tmp/cci9SsxH.s]
  ignore line: [GNU C++14 (GNU Tools for Arm Embedded Processors 7-2018-q2-update) version 7.3.1 20180622 (release) [ARM/embedded-7-branch revision 261907] (arm-none-eabi)]
  ignore line: [	compiled by GNU C version 4.8.4, GMP version 6.1.0, MPFR version 3.1.4, MPC version 1.0.3, isl version isl-0.15-GMP]
  ignore line: []
  ignore line: [GGC heuristics: --param ggc-min-expand=100 --param ggc-min-heapsize=131072]
  ignore line: [ignoring duplicate directory "/opt/gcc-arm-none-eabi-7-2018-q2-update/bin/../lib/gcc/../../lib/gcc/arm-none-eabi/7.3.1/../../../../arm-none-eabi/include/c++/7.3.1"]
  ignore line: [ignoring duplicate directory "/opt/gcc-arm-none-eabi-7-2018-q2-update/bin/../lib/gcc/../../lib/gcc/arm-none-eabi/7.3.1/../../../../arm-none-eabi/include/c++/7.3.1/arm-none-eabi"]
  ignore line: [ignoring duplicate directory "/opt/gcc-arm-none-eabi-7-2018-q2-update/bin/../lib/gcc/../../lib/gcc/arm-none-eabi/7.3.1/../../../../arm-none-eabi/include/c++/7.3.1/backward"]
  ignore line: [ignoring duplicate directory "/opt/gcc-arm-none-eabi-7-2018-q2-update/bin/../lib/gcc/../../lib/gcc/arm-none-eabi/7.3.1/include"]
  ignore line: [ignoring nonexistent directory "/opt/gcc-arm-none-eabi-7-2018-q2-update/bin/../arm-none-eabi/usr/local/include"]
  ignore line: [ignoring duplicate directory "/opt/gcc-arm-none-eabi-7-2018-q2-update/bin/../lib/gcc/../../lib/gcc/arm-none-eabi/7.3.1/include-fixed"]
  ignore line: [ignoring duplicate directory "/opt/gcc-arm-none-eabi-7-2018-q2-update/bin/../lib/gcc/../../lib/gcc/arm-none-eabi/7.3.1/../../../../arm-none-eabi/include"]
  ignore line: [ignoring nonexistent directory "/opt/gcc-arm-none-eabi-7-2018-q2-update/bin/../arm-none-eabi/usr/include"]
  ignore line: [#include "..." search starts here:]
  ignore line: [#include <...> search starts here:]
  ignore line: [ /opt/gcc-arm-none-eabi-7-2018-q2-update/bin/../lib/gcc/arm-none-eabi/7.3.1/../../../../arm-none-eabi/include/c++/7.3.1]
  ignore line: [ /opt/gcc-arm-none-eabi-7-2018-q2-update/bin/../lib/gcc/arm-none-eabi/7.3.1/../../../../arm-none-eabi/include/c++/7.3.1/arm-none-eabi]
  ignore line: [ /opt/gcc-arm-none-eabi-7-2018-q2-update/bin/../lib/gcc/arm-none-eabi/7.3.1/../../../../arm-none-eabi/include/c++/7.3.1/backward]
  ignore line: [ /opt/gcc-arm-none-eabi-7-2018-q2-update/bin/../lib/gcc/arm-none-eabi/7.3.1/include]
  ignore line: [ /opt/gcc-arm-none-eabi-7-2018-q2-update/bin/../lib/gcc/arm-none-eabi/7.3.1/include-fixed]
  ignore line: [ /opt/gcc-arm-none-eabi-7-2018-q2-update/bin/../lib/gcc/arm-none-eabi/7.3.1/../../../../arm-none-eabi/include]
  ignore line: [End of search list.]
  ignore line: [GNU C++14 (GNU Tools for Arm Embedded Processors 7-2018-q2-update) version 7.3.1 20180622 (release) [ARM/embedded-7-branch revision 261907] (arm-none-eabi)]
  ignore line: [	compiled by GNU C version 4.8.4, GMP version 6.1.0, MPFR version 3.1.4, MPC version 1.0.3, isl version isl-0.15-GMP]
  ignore line: []
  ignore line: [GGC heuristics: --param ggc-min-expand=100 --param ggc-min-heapsize=131072]
  ignore line: [Compiler executable checksum: 62353cd5102bba936abfe473d9a75a86]
  ignore line: [COLLECT_GCC_OPTIONS='-v' '-o' 'CMakeFiles/cmTC_6fcd8.dir/CMakeCXXCompilerABI.cpp.obj' '-c']
  ignore line: [ /opt/gcc-arm-none-eabi-7-2018-q2-update/bin/../lib/gcc/arm-none-eabi/7.3.1/../../../../arm-none-eabi/bin/as -v -meabi=5 -o CMakeFiles/cmTC_6fcd8.dir/CMakeCXXCompilerABI.cpp.obj /tmp/cci9SsxH.s]
  ignore line: [GNU assembler version 2.30.0 (arm-none-eabi) using BFD version (GNU Tools for Arm Embedded Processors 7-2018-q2-update) 2.30.0.20180329]
  ignore line: [COMPILER_PATH=/opt/gcc-arm-none-eabi-7-2018-q2-update/bin/../lib/gcc/arm-none-eabi/7.3.1/:/opt/gcc-arm-none-eabi-7-2018-q2-update/bin/../lib/gcc/:/opt/gcc-arm-none-eabi-7-2018-q2-update/bin/../lib/gcc/arm-none-eabi/7.3.1/../../../../arm-none-eabi/bin/]
  ignore line: [LIBRARY_PATH=/opt/gcc-arm-none-eabi-7-2018-q2-update/bin/../lib/gcc/arm-none-eabi/7.3.1/:/opt/gcc-arm-none-eabi-7-2018-q2-update/bin/../lib/gcc/:/opt/gcc-arm-none-eabi-7-2018-q2-update/bin/../lib/gcc/arm-none-eabi/7.3.1/../../../../arm-none-eabi/lib/:/opt/gcc-arm-none-eabi-7-2018-q2-update/bin/../arm-none-eabi/lib/]
  ignore line: [COLLECT_GCC_OPTIONS='-v' '-o' 'CMakeFiles/cmTC_6fcd8.dir/CMakeCXXCompilerABI.cpp.obj' '-c']
  ignore line: [[2/2] Linking CXX static library libcmTC_6fcd8.a]
  ignore line: []
  implicit libs: []
  implicit dirs: []
  implicit fwks: []




Detecting CXX [-std=c++1z] compiler features compiled with the following output:
Change Dir: /home/reddyn/Test/NuceoF0_CMk/cmake-build/CMakeFiles/CMakeTmp

Run Build Command(s):/usr/bin/ninja cmTC_39d90 
[1/2] Building CXX object CMakeFiles/cmTC_39d90.dir/feature_tests.cxx.obj
[2/2] Linking CXX static library libcmTC_39d90.a


    Feature record: CXX_FEATURE:1cxx_aggregate_default_initializers
    Feature record: CXX_FEATURE:1cxx_alias_templates
    Feature record: CXX_FEATURE:1cxx_alignas
    Feature record: CXX_FEATURE:1cxx_alignof
    Feature record: CXX_FEATURE:1cxx_attributes
    Feature record: CXX_FEATURE:1cxx_attribute_deprecated
    Feature record: CXX_FEATURE:1cxx_auto_type
    Feature record: CXX_FEATURE:1cxx_binary_literals
    Feature record: CXX_FEATURE:1cxx_constexpr
    Feature record: CXX_FEATURE:1cxx_contextual_conversions
    Feature record: CXX_FEATURE:1cxx_decltype
    Feature record: CXX_FEATURE:1cxx_decltype_auto
    Feature record: CXX_FEATURE:1cxx_decltype_incomplete_return_types
    Feature record: CXX_FEATURE:1cxx_default_function_template_args
    Feature record: CXX_FEATURE:1cxx_defaulted_functions
    Feature record: CXX_FEATURE:1cxx_defaulted_move_initializers
    Feature record: CXX_FEATURE:1cxx_delegating_constructors
    Feature record: CXX_FEATURE:1cxx_deleted_functions
    Feature record: CXX_FEATURE:1cxx_digit_separators
    Feature record: CXX_FEATURE:1cxx_enum_forward_declarations
    Feature record: CXX_FEATURE:1cxx_explicit_conversions
    Feature record: CXX_FEATURE:1cxx_extended_friend_declarations
    Feature record: CXX_FEATURE:1cxx_extern_templates
    Feature record: CXX_FEATURE:1cxx_final
    Feature record: CXX_FEATURE:1cxx_func_identifier
    Feature record: CXX_FEATURE:1cxx_generalized_initializers
    Feature record: CXX_FEATURE:1cxx_generic_lambdas
    Feature record: CXX_FEATURE:1cxx_inheriting_constructors
    Feature record: CXX_FEATURE:1cxx_inline_namespaces
    Feature record: CXX_FEATURE:1cxx_lambdas
    Feature record: CXX_FEATURE:1cxx_lambda_init_captures
    Feature record: CXX_FEATURE:1cxx_local_type_template_args
    Feature record: CXX_FEATURE:1cxx_long_long_type
    Feature record: CXX_FEATURE:1cxx_noexcept
    Feature record: CXX_FEATURE:1cxx_nonstatic_member_init
    Feature record: CXX_FEATURE:1cxx_nullptr
    Feature record: CXX_FEATURE:1cxx_override
    Feature record: CXX_FEATURE:1cxx_range_for
    Feature record: CXX_FEATURE:1cxx_raw_string_literals
    Feature record: CXX_FEATURE:1cxx_reference_qualified_functions
    Feature record: CXX_FEATURE:1cxx_relaxed_constexpr
    Feature record: CXX_FEATURE:1cxx_return_type_deduction
    Feature record: CXX_FEATURE:1cxx_right_angle_brackets
    Feature record: CXX_FEATURE:1cxx_rvalue_references
    Feature record: CXX_FEATURE:1cxx_sizeof_member
    Feature record: CXX_FEATURE:1cxx_static_assert
    Feature record: CXX_FEATURE:1cxx_strong_enums
    Feature record: CXX_FEATURE:1cxx_template_template_parameters
    Feature record: CXX_FEATURE:1cxx_thread_local
    Feature record: CXX_FEATURE:1cxx_trailing_return_types
    Feature record: CXX_FEATURE:1cxx_unicode_literals
    Feature record: CXX_FEATURE:1cxx_uniform_initialization
    Feature record: CXX_FEATURE:1cxx_unrestricted_unions
    Feature record: CXX_FEATURE:1cxx_user_literals
    Feature record: CXX_FEATURE:1cxx_variable_templates
    Feature record: CXX_FEATURE:1cxx_variadic_macros
    Feature record: CXX_FEATURE:1cxx_variadic_templates


Detecting CXX [-std=c++14] compiler features compiled with the following output:
Change Dir: /home/reddyn/Test/NuceoF0_CMk/cmake-build/CMakeFiles/CMakeTmp

Run Build Command(s):/usr/bin/ninja cmTC_a842e 
[1/2] Building CXX object CMakeFiles/cmTC_a842e.dir/feature_tests.cxx.obj
[2/2] Linking CXX static library libcmTC_a842e.a


    Feature record: CXX_FEATURE:1cxx_aggregate_default_initializers
    Feature record: CXX_FEATURE:1cxx_alias_templates
    Feature record: CXX_FEATURE:1cxx_alignas
    Feature record: CXX_FEATURE:1cxx_alignof
    Feature record: CXX_FEATURE:1cxx_attributes
    Feature record: CXX_FEATURE:1cxx_attribute_deprecated
    Feature record: CXX_FEATURE:1cxx_auto_type
    Feature record: CXX_FEATURE:1cxx_binary_literals
    Feature record: CXX_FEATURE:1cxx_constexpr
    Feature record: CXX_FEATURE:1cxx_contextual_conversions
    Feature record: CXX_FEATURE:1cxx_decltype
    Feature record: CXX_FEATURE:1cxx_decltype_auto
    Feature record: CXX_FEATURE:1cxx_decltype_incomplete_return_types
    Feature record: CXX_FEATURE:1cxx_default_function_template_args
    Feature record: CXX_FEATURE:1cxx_defaulted_functions
    Feature record: CXX_FEATURE:1cxx_defaulted_move_initializers
    Feature record: CXX_FEATURE:1cxx_delegating_constructors
    Feature record: CXX_FEATURE:1cxx_deleted_functions
    Feature record: CXX_FEATURE:1cxx_digit_separators
    Feature record: CXX_FEATURE:1cxx_enum_forward_declarations
    Feature record: CXX_FEATURE:1cxx_explicit_conversions
    Feature record: CXX_FEATURE:1cxx_extended_friend_declarations
    Feature record: CXX_FEATURE:1cxx_extern_templates
    Feature record: CXX_FEATURE:1cxx_final
    Feature record: CXX_FEATURE:1cxx_func_identifier
    Feature record: CXX_FEATURE:1cxx_generalized_initializers
    Feature record: CXX_FEATURE:1cxx_generic_lambdas
    Feature record: CXX_FEATURE:1cxx_inheriting_constructors
    Feature record: CXX_FEATURE:1cxx_inline_namespaces
    Feature record: CXX_FEATURE:1cxx_lambdas
    Feature record: CXX_FEATURE:1cxx_lambda_init_captures
    Feature record: CXX_FEATURE:1cxx_local_type_template_args
    Feature record: CXX_FEATURE:1cxx_long_long_type
    Feature record: CXX_FEATURE:1cxx_noexcept
    Feature record: CXX_FEATURE:1cxx_nonstatic_member_init
    Feature record: CXX_FEATURE:1cxx_nullptr
    Feature record: CXX_FEATURE:1cxx_override
    Feature record: CXX_FEATURE:1cxx_range_for
    Feature record: CXX_FEATURE:1cxx_raw_string_literals
    Feature record: CXX_FEATURE:1cxx_reference_qualified_functions
    Feature record: CXX_FEATURE:1cxx_relaxed_constexpr
    Feature record: CXX_FEATURE:1cxx_return_type_deduction
    Feature record: CXX_FEATURE:1cxx_right_angle_brackets
    Feature record: CXX_FEATURE:1cxx_rvalue_references
    Feature record: CXX_FEATURE:1cxx_sizeof_member
    Feature record: CXX_FEATURE:1cxx_static_assert
    Feature record: CXX_FEATURE:1cxx_strong_enums
    Feature record: CXX_FEATURE:1cxx_template_template_parameters
    Feature record: CXX_FEATURE:1cxx_thread_local
    Feature record: CXX_FEATURE:1cxx_trailing_return_types
    Feature record: CXX_FEATURE:1cxx_unicode_literals
    Feature record: CXX_FEATURE:1cxx_uniform_initialization
    Feature record: CXX_FEATURE:1cxx_unrestricted_unions
    Feature record: CXX_FEATURE:1cxx_user_literals
    Feature record: CXX_FEATURE:1cxx_variable_templates
    Feature record: CXX_FEATURE:1cxx_variadic_macros
    Feature record: CXX_FEATURE:1cxx_variadic_templates


Detecting CXX [-std=c++11] compiler features compiled with the following output:
Change Dir: /home/reddyn/Test/NuceoF0_CMk/cmake-build/CMakeFiles/CMakeTmp

Run Build Command(s):/usr/bin/ninja cmTC_c9a41 
[1/2] Building CXX object CMakeFiles/cmTC_c9a41.dir/feature_tests.cxx.obj
[2/2] Linking CXX static library libcmTC_c9a41.a


    Feature record: CXX_FEATURE:0cxx_aggregate_default_initializers
    Feature record: CXX_FEATURE:1cxx_alias_templates
    Feature record: CXX_FEATURE:1cxx_alignas
    Feature record: CXX_FEATURE:1cxx_alignof
    Feature record: CXX_FEATURE:1cxx_attributes
    Feature record: CXX_FEATURE:0cxx_attribute_deprecated
    Feature record: CXX_FEATURE:1cxx_auto_type
    Feature record: CXX_FEATURE:0cxx_binary_literals
    Feature record: CXX_FEATURE:1cxx_constexpr
    Feature record: CXX_FEATURE:0cxx_contextual_conversions
    Feature record: CXX_FEATURE:1cxx_decltype
    Feature record: CXX_FEATURE:0cxx_decltype_auto
    Feature record: CXX_FEATURE:1cxx_decltype_incomplete_return_types
    Feature record: CXX_FEATURE:1cxx_default_function_template_args
    Feature record: CXX_FEATURE:1cxx_defaulted_functions
    Feature record: CXX_FEATURE:1cxx_defaulted_move_initializers
    Feature record: CXX_FEATURE:1cxx_delegating_constructors
    Feature record: CXX_FEATURE:1cxx_deleted_functions
    Feature record: CXX_FEATURE:0cxx_digit_separators
    Feature record: CXX_FEATURE:1cxx_enum_forward_declarations
    Feature record: CXX_FEATURE:1cxx_explicit_conversions
    Feature record: CXX_FEATURE:1cxx_extended_friend_declarations
    Feature record: CXX_FEATURE:1cxx_extern_templates
    Feature record: CXX_FEATURE:1cxx_final
    Feature record: CXX_FEATURE:1cxx_func_identifier
    Feature record: CXX_FEATURE:1cxx_generalized_initializers
    Feature record: CXX_FEATURE:0cxx_generic_lambdas
    Feature record: CXX_FEATURE:1cxx_inheriting_constructors
    Feature record: CXX_FEATURE:1cxx_inline_namespaces
    Feature record: CXX_FEATURE:1cxx_lambdas
    Feature record: CXX_FEATURE:0cxx_lambda_init_captures
    Feature record: CXX_FEATURE:1cxx_local_type_template_args
    Feature record: CXX_FEATURE:1cxx_long_long_type
    Feature record: CXX_FEATURE:1cxx_noexcept
    Feature record: CXX_FEATURE:1cxx_nonstatic_member_init
    Feature record: CXX_FEATURE:1cxx_nullptr
    Feature record: CXX_FEATURE:1cxx_override
    Feature record: CXX_FEATURE:1cxx_range_for
    Feature record: CXX_FEATURE:1cxx_raw_string_literals
    Feature record: CXX_FEATURE:1cxx_reference_qualified_functions
    Feature record: CXX_FEATURE:0cxx_relaxed_constexpr
    Feature record: CXX_FEATURE:0cxx_return_type_deduction
    Feature record: CXX_FEATURE:1cxx_right_angle_brackets
    Feature record: CXX_FEATURE:1cxx_rvalue_references
    Feature record: CXX_FEATURE:1cxx_sizeof_member
    Feature record: CXX_FEATURE:1cxx_static_assert
    Feature record: CXX_FEATURE:1cxx_strong_enums
    Feature record: CXX_FEATURE:1cxx_template_template_parameters
    Feature record: CXX_FEATURE:1cxx_thread_local
    Feature record: CXX_FEATURE:1cxx_trailing_return_types
    Feature record: CXX_FEATURE:1cxx_unicode_literals
    Feature record: CXX_FEATURE:1cxx_uniform_initialization
    Feature record: CXX_FEATURE:1cxx_unrestricted_unions
    Feature record: CXX_FEATURE:1cxx_user_literals
    Feature record: CXX_FEATURE:0cxx_variable_templates
    Feature record: CXX_FEATURE:1cxx_variadic_macros
    Feature record: CXX_FEATURE:1cxx_variadic_templates


Detecting CXX [-std=c++98] compiler features compiled with the following output:
Change Dir: /home/reddyn/Test/NuceoF0_CMk/cmake-build/CMakeFiles/CMakeTmp

Run Build Command(s):/usr/bin/ninja cmTC_7bed7 
[1/2] Building CXX object CMakeFiles/cmTC_7bed7.dir/feature_tests.cxx.obj
[2/2] Linking CXX static library libcmTC_7bed7.a


    Feature record: CXX_FEATURE:0cxx_aggregate_default_initializers
    Feature record: CXX_FEATURE:0cxx_alias_templates
    Feature record: CXX_FEATURE:0cxx_alignas
    Feature record: CXX_FEATURE:0cxx_alignof
    Feature record: CXX_FEATURE:0cxx_attributes
    Feature record: CXX_FEATURE:0cxx_attribute_deprecated
    Feature record: CXX_FEATURE:0cxx_auto_type
    Feature record: CXX_FEATURE:0cxx_binary_literals
    Feature record: CXX_FEATURE:0cxx_constexpr
    Feature record: CXX_FEATURE:0cxx_contextual_conversions
    Feature record: CXX_FEATURE:0cxx_decltype
    Feature record: CXX_FEATURE:0cxx_decltype_auto
    Feature record: CXX_FEATURE:0cxx_decltype_incomplete_return_types
    Feature record: CXX_FEATURE:0cxx_default_function_template_args
    Feature record: CXX_FEATURE:0cxx_defaulted_functions
    Feature record: CXX_FEATURE:0cxx_defaulted_move_initializers
    Feature record: CXX_FEATURE:0cxx_delegating_constructors
    Feature record: CXX_FEATURE:0cxx_deleted_functions
    Feature record: CXX_FEATURE:0cxx_digit_separators
    Feature record: CXX_FEATURE:0cxx_enum_forward_declarations
    Feature record: CXX_FEATURE:0cxx_explicit_conversions
    Feature record: CXX_FEATURE:0cxx_extended_friend_declarations
    Feature record: CXX_FEATURE:0cxx_extern_templates
    Feature record: CXX_FEATURE:0cxx_final
    Feature record: CXX_FEATURE:0cxx_func_identifier
    Feature record: CXX_FEATURE:0cxx_generalized_initializers
    Feature record: CXX_FEATURE:0cxx_generic_lambdas
    Feature record: CXX_FEATURE:0cxx_inheriting_constructors
    Feature record: CXX_FEATURE:0cxx_inline_namespaces
    Feature record: CXX_FEATURE:0cxx_lambdas
    Feature record: CXX_FEATURE:0cxx_lambda_init_captures
    Feature record: CXX_FEATURE:0cxx_local_type_template_args
    Feature record: CXX_FEATURE:0cxx_long_long_type
    Feature record: CXX_FEATURE:0cxx_noexcept
    Feature record: CXX_FEATURE:0cxx_nonstatic_member_init
    Feature record: CXX_FEATURE:0cxx_nullptr
    Feature record: CXX_FEATURE:0cxx_override
    Feature record: CXX_FEATURE:0cxx_range_for
    Feature record: CXX_FEATURE:0cxx_raw_string_literals
    Feature record: CXX_FEATURE:0cxx_reference_qualified_functions
    Feature record: CXX_FEATURE:0cxx_relaxed_constexpr
    Feature record: CXX_FEATURE:0cxx_return_type_deduction
    Feature record: CXX_FEATURE:0cxx_right_angle_brackets
    Feature record: CXX_FEATURE:0cxx_rvalue_references
    Feature record: CXX_FEATURE:0cxx_sizeof_member
    Feature record: CXX_FEATURE:0cxx_static_assert
    Feature record: CXX_FEATURE:0cxx_strong_enums
    Feature record: CXX_FEATURE:1cxx_template_template_parameters
    Feature record: CXX_FEATURE:0cxx_thread_local
    Feature record: CXX_FEATURE:0cxx_trailing_return_types
    Feature record: CXX_FEATURE:0cxx_unicode_literals
    Feature record: CXX_FEATURE:0cxx_uniform_initialization
    Feature record: CXX_FEATURE:0cxx_unrestricted_unions
    Feature record: CXX_FEATURE:0cxx_user_literals
    Feature record: CXX_FEATURE:0cxx_variable_templates
    Feature record: CXX_FEATURE:0cxx_variadic_macros
    Feature record: CXX_FEATURE:0cxx_variadic_templates
Checking whether the ASM compiler is GNU using "--version" matched "(GNU assembler)|(GCC)|(Free Software Foundation)":
arm-none-eabi-gcc (GNU Tools for Arm Embedded Processors 7-2018-q2-update) 7.3.1 20180622 (release) [ARM/embedded-7-branch revision 261907]
Copyright (C) 2017 Free Software Foundation, Inc.
This is free software; see the source for copying conditions.  There is NO
warranty; not even for MERCHANTABILITY or FITNESS FOR A PARTICULAR PURPOSE.

