ARM GAS  /tmp/ccFMcYIR.s 			page 1


   1              		.cpu cortex-m0
   2              		.eabi_attribute 20, 1
   3              		.eabi_attribute 21, 1
   4              		.eabi_attribute 23, 3
   5              		.eabi_attribute 24, 1
   6              		.eabi_attribute 25, 1
   7              		.eabi_attribute 26, 1
   8              		.eabi_attribute 30, 1
   9              		.eabi_attribute 34, 0
  10              		.eabi_attribute 18, 4
  11              		.file	"heap_4.c"
  12              		.text
  13              	.Ltext0:
  14              		.cfi_sections	.debug_frame
  15              		.section	.text.prvHeapInit,"ax",%progbits
  16              		.align	1
  17              		.syntax unified
  18              		.code	16
  19              		.thumb_func
  20              		.fpu softvfp
  22              	prvHeapInit:
  23              	.LFB5:
  24              		.file 1 "Middlewares/Third_Party/FreeRTOS/Source/portable/MemMang/heap_4.c"
   1:Middlewares/Third_Party/FreeRTOS/Source/portable/MemMang/heap_4.c **** /*
   2:Middlewares/Third_Party/FreeRTOS/Source/portable/MemMang/heap_4.c ****  * FreeRTOS Kernel V10.0.1
   3:Middlewares/Third_Party/FreeRTOS/Source/portable/MemMang/heap_4.c ****  * Copyright (C) 2017 Amazon.com, Inc. or its affiliates.  All Rights Reserved.
   4:Middlewares/Third_Party/FreeRTOS/Source/portable/MemMang/heap_4.c ****  *
   5:Middlewares/Third_Party/FreeRTOS/Source/portable/MemMang/heap_4.c ****  * Permission is hereby granted, free of charge, to any person obtaining a copy of
   6:Middlewares/Third_Party/FreeRTOS/Source/portable/MemMang/heap_4.c ****  * this software and associated documentation files (the "Software"), to deal in
   7:Middlewares/Third_Party/FreeRTOS/Source/portable/MemMang/heap_4.c ****  * the Software without restriction, including without limitation the rights to
   8:Middlewares/Third_Party/FreeRTOS/Source/portable/MemMang/heap_4.c ****  * use, copy, modify, merge, publish, distribute, sublicense, and/or sell copies of
   9:Middlewares/Third_Party/FreeRTOS/Source/portable/MemMang/heap_4.c ****  * the Software, and to permit persons to whom the Software is furnished to do so,
  10:Middlewares/Third_Party/FreeRTOS/Source/portable/MemMang/heap_4.c ****  * subject to the following conditions:
  11:Middlewares/Third_Party/FreeRTOS/Source/portable/MemMang/heap_4.c ****  *
  12:Middlewares/Third_Party/FreeRTOS/Source/portable/MemMang/heap_4.c ****  * The above copyright notice and this permission notice shall be included in all
  13:Middlewares/Third_Party/FreeRTOS/Source/portable/MemMang/heap_4.c ****  * copies or substantial portions of the Software.
  14:Middlewares/Third_Party/FreeRTOS/Source/portable/MemMang/heap_4.c ****  *
  15:Middlewares/Third_Party/FreeRTOS/Source/portable/MemMang/heap_4.c ****  * THE SOFTWARE IS PROVIDED "AS IS", WITHOUT WARRANTY OF ANY KIND, EXPRESS OR
  16:Middlewares/Third_Party/FreeRTOS/Source/portable/MemMang/heap_4.c ****  * IMPLIED, INCLUDING BUT NOT LIMITED TO THE WARRANTIES OF MERCHANTABILITY, FITNESS
  17:Middlewares/Third_Party/FreeRTOS/Source/portable/MemMang/heap_4.c ****  * FOR A PARTICULAR PURPOSE AND NONINFRINGEMENT. IN NO EVENT SHALL THE AUTHORS OR
  18:Middlewares/Third_Party/FreeRTOS/Source/portable/MemMang/heap_4.c ****  * COPYRIGHT HOLDERS BE LIABLE FOR ANY CLAIM, DAMAGES OR OTHER LIABILITY, WHETHER
  19:Middlewares/Third_Party/FreeRTOS/Source/portable/MemMang/heap_4.c ****  * IN AN ACTION OF CONTRACT, TORT OR OTHERWISE, ARISING FROM, OUT OF OR IN
  20:Middlewares/Third_Party/FreeRTOS/Source/portable/MemMang/heap_4.c ****  * CONNECTION WITH THE SOFTWARE OR THE USE OR OTHER DEALINGS IN THE SOFTWARE.
  21:Middlewares/Third_Party/FreeRTOS/Source/portable/MemMang/heap_4.c ****  *
  22:Middlewares/Third_Party/FreeRTOS/Source/portable/MemMang/heap_4.c ****  * http://www.FreeRTOS.org
  23:Middlewares/Third_Party/FreeRTOS/Source/portable/MemMang/heap_4.c ****  * http://aws.amazon.com/freertos
  24:Middlewares/Third_Party/FreeRTOS/Source/portable/MemMang/heap_4.c ****  *
  25:Middlewares/Third_Party/FreeRTOS/Source/portable/MemMang/heap_4.c ****  * 1 tab == 4 spaces!
  26:Middlewares/Third_Party/FreeRTOS/Source/portable/MemMang/heap_4.c ****  */
  27:Middlewares/Third_Party/FreeRTOS/Source/portable/MemMang/heap_4.c **** 
  28:Middlewares/Third_Party/FreeRTOS/Source/portable/MemMang/heap_4.c **** /*
  29:Middlewares/Third_Party/FreeRTOS/Source/portable/MemMang/heap_4.c ****  * A sample implementation of pvPortMalloc() and vPortFree() that combines
  30:Middlewares/Third_Party/FreeRTOS/Source/portable/MemMang/heap_4.c ****  * (coalescences) adjacent memory blocks as they are freed, and in so doing
  31:Middlewares/Third_Party/FreeRTOS/Source/portable/MemMang/heap_4.c ****  * limits memory fragmentation.
  32:Middlewares/Third_Party/FreeRTOS/Source/portable/MemMang/heap_4.c ****  *
  33:Middlewares/Third_Party/FreeRTOS/Source/portable/MemMang/heap_4.c ****  * See heap_1.c, heap_2.c and heap_3.c for alternative implementations, and the
  34:Middlewares/Third_Party/FreeRTOS/Source/portable/MemMang/heap_4.c ****  * memory management pages of http://www.FreeRTOS.org for more information.
ARM GAS  /tmp/ccFMcYIR.s 			page 2


  35:Middlewares/Third_Party/FreeRTOS/Source/portable/MemMang/heap_4.c ****  */
  36:Middlewares/Third_Party/FreeRTOS/Source/portable/MemMang/heap_4.c **** #include <stdlib.h>
  37:Middlewares/Third_Party/FreeRTOS/Source/portable/MemMang/heap_4.c **** 
  38:Middlewares/Third_Party/FreeRTOS/Source/portable/MemMang/heap_4.c **** /* Defining MPU_WRAPPERS_INCLUDED_FROM_API_FILE prevents task.h from redefining
  39:Middlewares/Third_Party/FreeRTOS/Source/portable/MemMang/heap_4.c **** all the API functions to use the MPU wrappers.  That should only be done when
  40:Middlewares/Third_Party/FreeRTOS/Source/portable/MemMang/heap_4.c **** task.h is included from an application file. */
  41:Middlewares/Third_Party/FreeRTOS/Source/portable/MemMang/heap_4.c **** #define MPU_WRAPPERS_INCLUDED_FROM_API_FILE
  42:Middlewares/Third_Party/FreeRTOS/Source/portable/MemMang/heap_4.c **** 
  43:Middlewares/Third_Party/FreeRTOS/Source/portable/MemMang/heap_4.c **** #include "FreeRTOS.h"
  44:Middlewares/Third_Party/FreeRTOS/Source/portable/MemMang/heap_4.c **** #include "task.h"
  45:Middlewares/Third_Party/FreeRTOS/Source/portable/MemMang/heap_4.c **** 
  46:Middlewares/Third_Party/FreeRTOS/Source/portable/MemMang/heap_4.c **** #undef MPU_WRAPPERS_INCLUDED_FROM_API_FILE
  47:Middlewares/Third_Party/FreeRTOS/Source/portable/MemMang/heap_4.c **** 
  48:Middlewares/Third_Party/FreeRTOS/Source/portable/MemMang/heap_4.c **** #if( configSUPPORT_DYNAMIC_ALLOCATION == 0 )
  49:Middlewares/Third_Party/FreeRTOS/Source/portable/MemMang/heap_4.c **** 	#error This file must not be used if configSUPPORT_DYNAMIC_ALLOCATION is 0
  50:Middlewares/Third_Party/FreeRTOS/Source/portable/MemMang/heap_4.c **** #endif
  51:Middlewares/Third_Party/FreeRTOS/Source/portable/MemMang/heap_4.c **** 
  52:Middlewares/Third_Party/FreeRTOS/Source/portable/MemMang/heap_4.c **** /* Block sizes must not get too small. */
  53:Middlewares/Third_Party/FreeRTOS/Source/portable/MemMang/heap_4.c **** #define heapMINIMUM_BLOCK_SIZE	( ( size_t ) ( xHeapStructSize << 1 ) )
  54:Middlewares/Third_Party/FreeRTOS/Source/portable/MemMang/heap_4.c **** 
  55:Middlewares/Third_Party/FreeRTOS/Source/portable/MemMang/heap_4.c **** /* Assumes 8bit bytes! */
  56:Middlewares/Third_Party/FreeRTOS/Source/portable/MemMang/heap_4.c **** #define heapBITS_PER_BYTE		( ( size_t ) 8 )
  57:Middlewares/Third_Party/FreeRTOS/Source/portable/MemMang/heap_4.c **** 
  58:Middlewares/Third_Party/FreeRTOS/Source/portable/MemMang/heap_4.c **** /* Allocate the memory for the heap. */
  59:Middlewares/Third_Party/FreeRTOS/Source/portable/MemMang/heap_4.c **** #if( configAPPLICATION_ALLOCATED_HEAP == 1 )
  60:Middlewares/Third_Party/FreeRTOS/Source/portable/MemMang/heap_4.c **** 	/* The application writer has already defined the array used for the RTOS
  61:Middlewares/Third_Party/FreeRTOS/Source/portable/MemMang/heap_4.c **** 	heap - probably so it can be placed in a special segment or address. */
  62:Middlewares/Third_Party/FreeRTOS/Source/portable/MemMang/heap_4.c **** 	extern uint8_t ucHeap[ configTOTAL_HEAP_SIZE ];
  63:Middlewares/Third_Party/FreeRTOS/Source/portable/MemMang/heap_4.c **** #else
  64:Middlewares/Third_Party/FreeRTOS/Source/portable/MemMang/heap_4.c **** 	static uint8_t ucHeap[ configTOTAL_HEAP_SIZE ];
  65:Middlewares/Third_Party/FreeRTOS/Source/portable/MemMang/heap_4.c **** #endif /* configAPPLICATION_ALLOCATED_HEAP */
  66:Middlewares/Third_Party/FreeRTOS/Source/portable/MemMang/heap_4.c **** 
  67:Middlewares/Third_Party/FreeRTOS/Source/portable/MemMang/heap_4.c **** /* Define the linked list structure.  This is used to link free blocks in order
  68:Middlewares/Third_Party/FreeRTOS/Source/portable/MemMang/heap_4.c **** of their memory address. */
  69:Middlewares/Third_Party/FreeRTOS/Source/portable/MemMang/heap_4.c **** typedef struct A_BLOCK_LINK
  70:Middlewares/Third_Party/FreeRTOS/Source/portable/MemMang/heap_4.c **** {
  71:Middlewares/Third_Party/FreeRTOS/Source/portable/MemMang/heap_4.c **** 	struct A_BLOCK_LINK *pxNextFreeBlock;	/*<< The next free block in the list. */
  72:Middlewares/Third_Party/FreeRTOS/Source/portable/MemMang/heap_4.c **** 	size_t xBlockSize;						/*<< The size of the free block. */
  73:Middlewares/Third_Party/FreeRTOS/Source/portable/MemMang/heap_4.c **** } BlockLink_t;
  74:Middlewares/Third_Party/FreeRTOS/Source/portable/MemMang/heap_4.c **** 
  75:Middlewares/Third_Party/FreeRTOS/Source/portable/MemMang/heap_4.c **** /*-----------------------------------------------------------*/
  76:Middlewares/Third_Party/FreeRTOS/Source/portable/MemMang/heap_4.c **** 
  77:Middlewares/Third_Party/FreeRTOS/Source/portable/MemMang/heap_4.c **** /*
  78:Middlewares/Third_Party/FreeRTOS/Source/portable/MemMang/heap_4.c ****  * Inserts a block of memory that is being freed into the correct position in
  79:Middlewares/Third_Party/FreeRTOS/Source/portable/MemMang/heap_4.c ****  * the list of free memory blocks.  The block being freed will be merged with
  80:Middlewares/Third_Party/FreeRTOS/Source/portable/MemMang/heap_4.c ****  * the block in front it and/or the block behind it if the memory blocks are
  81:Middlewares/Third_Party/FreeRTOS/Source/portable/MemMang/heap_4.c ****  * adjacent to each other.
  82:Middlewares/Third_Party/FreeRTOS/Source/portable/MemMang/heap_4.c ****  */
  83:Middlewares/Third_Party/FreeRTOS/Source/portable/MemMang/heap_4.c **** static void prvInsertBlockIntoFreeList( BlockLink_t *pxBlockToInsert );
  84:Middlewares/Third_Party/FreeRTOS/Source/portable/MemMang/heap_4.c **** 
  85:Middlewares/Third_Party/FreeRTOS/Source/portable/MemMang/heap_4.c **** /*
  86:Middlewares/Third_Party/FreeRTOS/Source/portable/MemMang/heap_4.c ****  * Called automatically to setup the required heap structures the first time
  87:Middlewares/Third_Party/FreeRTOS/Source/portable/MemMang/heap_4.c ****  * pvPortMalloc() is called.
  88:Middlewares/Third_Party/FreeRTOS/Source/portable/MemMang/heap_4.c ****  */
  89:Middlewares/Third_Party/FreeRTOS/Source/portable/MemMang/heap_4.c **** static void prvHeapInit( void );
  90:Middlewares/Third_Party/FreeRTOS/Source/portable/MemMang/heap_4.c **** 
  91:Middlewares/Third_Party/FreeRTOS/Source/portable/MemMang/heap_4.c **** /*-----------------------------------------------------------*/
ARM GAS  /tmp/ccFMcYIR.s 			page 3


  92:Middlewares/Third_Party/FreeRTOS/Source/portable/MemMang/heap_4.c **** 
  93:Middlewares/Third_Party/FreeRTOS/Source/portable/MemMang/heap_4.c **** /* The size of the structure placed at the beginning of each allocated memory
  94:Middlewares/Third_Party/FreeRTOS/Source/portable/MemMang/heap_4.c **** block must by correctly byte aligned. */
  95:Middlewares/Third_Party/FreeRTOS/Source/portable/MemMang/heap_4.c **** static const size_t xHeapStructSize	= ( sizeof( BlockLink_t ) + ( ( size_t ) ( portBYTE_ALIGNMENT -
  96:Middlewares/Third_Party/FreeRTOS/Source/portable/MemMang/heap_4.c **** 
  97:Middlewares/Third_Party/FreeRTOS/Source/portable/MemMang/heap_4.c **** /* Create a couple of list links to mark the start and end of the list. */
  98:Middlewares/Third_Party/FreeRTOS/Source/portable/MemMang/heap_4.c **** static BlockLink_t xStart, *pxEnd = NULL;
  99:Middlewares/Third_Party/FreeRTOS/Source/portable/MemMang/heap_4.c **** 
 100:Middlewares/Third_Party/FreeRTOS/Source/portable/MemMang/heap_4.c **** /* Keeps track of the number of free bytes remaining, but says nothing about
 101:Middlewares/Third_Party/FreeRTOS/Source/portable/MemMang/heap_4.c **** fragmentation. */
 102:Middlewares/Third_Party/FreeRTOS/Source/portable/MemMang/heap_4.c **** static size_t xFreeBytesRemaining = 0U;
 103:Middlewares/Third_Party/FreeRTOS/Source/portable/MemMang/heap_4.c **** static size_t xMinimumEverFreeBytesRemaining = 0U;
 104:Middlewares/Third_Party/FreeRTOS/Source/portable/MemMang/heap_4.c **** 
 105:Middlewares/Third_Party/FreeRTOS/Source/portable/MemMang/heap_4.c **** /* Gets set to the top bit of an size_t type.  When this bit in the xBlockSize
 106:Middlewares/Third_Party/FreeRTOS/Source/portable/MemMang/heap_4.c **** member of an BlockLink_t structure is set then the block belongs to the
 107:Middlewares/Third_Party/FreeRTOS/Source/portable/MemMang/heap_4.c **** application.  When the bit is free the block is still part of the free heap
 108:Middlewares/Third_Party/FreeRTOS/Source/portable/MemMang/heap_4.c **** space. */
 109:Middlewares/Third_Party/FreeRTOS/Source/portable/MemMang/heap_4.c **** static size_t xBlockAllocatedBit = 0;
 110:Middlewares/Third_Party/FreeRTOS/Source/portable/MemMang/heap_4.c **** 
 111:Middlewares/Third_Party/FreeRTOS/Source/portable/MemMang/heap_4.c **** /*-----------------------------------------------------------*/
 112:Middlewares/Third_Party/FreeRTOS/Source/portable/MemMang/heap_4.c **** 
 113:Middlewares/Third_Party/FreeRTOS/Source/portable/MemMang/heap_4.c **** void *pvPortMalloc( size_t xWantedSize )
 114:Middlewares/Third_Party/FreeRTOS/Source/portable/MemMang/heap_4.c **** {
 115:Middlewares/Third_Party/FreeRTOS/Source/portable/MemMang/heap_4.c **** BlockLink_t *pxBlock, *pxPreviousBlock, *pxNewBlockLink;
 116:Middlewares/Third_Party/FreeRTOS/Source/portable/MemMang/heap_4.c **** void *pvReturn = NULL;
 117:Middlewares/Third_Party/FreeRTOS/Source/portable/MemMang/heap_4.c **** 
 118:Middlewares/Third_Party/FreeRTOS/Source/portable/MemMang/heap_4.c **** 	vTaskSuspendAll();
 119:Middlewares/Third_Party/FreeRTOS/Source/portable/MemMang/heap_4.c **** 	{
 120:Middlewares/Third_Party/FreeRTOS/Source/portable/MemMang/heap_4.c **** 		/* If this is the first call to malloc then the heap will require
 121:Middlewares/Third_Party/FreeRTOS/Source/portable/MemMang/heap_4.c **** 		initialisation to setup the list of free blocks. */
 122:Middlewares/Third_Party/FreeRTOS/Source/portable/MemMang/heap_4.c **** 		if( pxEnd == NULL )
 123:Middlewares/Third_Party/FreeRTOS/Source/portable/MemMang/heap_4.c **** 		{
 124:Middlewares/Third_Party/FreeRTOS/Source/portable/MemMang/heap_4.c **** 			prvHeapInit();
 125:Middlewares/Third_Party/FreeRTOS/Source/portable/MemMang/heap_4.c **** 		}
 126:Middlewares/Third_Party/FreeRTOS/Source/portable/MemMang/heap_4.c **** 		else
 127:Middlewares/Third_Party/FreeRTOS/Source/portable/MemMang/heap_4.c **** 		{
 128:Middlewares/Third_Party/FreeRTOS/Source/portable/MemMang/heap_4.c **** 			mtCOVERAGE_TEST_MARKER();
 129:Middlewares/Third_Party/FreeRTOS/Source/portable/MemMang/heap_4.c **** 		}
 130:Middlewares/Third_Party/FreeRTOS/Source/portable/MemMang/heap_4.c **** 
 131:Middlewares/Third_Party/FreeRTOS/Source/portable/MemMang/heap_4.c **** 		/* Check the requested block size is not so large that the top bit is
 132:Middlewares/Third_Party/FreeRTOS/Source/portable/MemMang/heap_4.c **** 		set.  The top bit of the block size member of the BlockLink_t structure
 133:Middlewares/Third_Party/FreeRTOS/Source/portable/MemMang/heap_4.c **** 		is used to determine who owns the block - the application or the
 134:Middlewares/Third_Party/FreeRTOS/Source/portable/MemMang/heap_4.c **** 		kernel, so it must be free. */
 135:Middlewares/Third_Party/FreeRTOS/Source/portable/MemMang/heap_4.c **** 		if( ( xWantedSize & xBlockAllocatedBit ) == 0 )
 136:Middlewares/Third_Party/FreeRTOS/Source/portable/MemMang/heap_4.c **** 		{
 137:Middlewares/Third_Party/FreeRTOS/Source/portable/MemMang/heap_4.c **** 			/* The wanted size is increased so it can contain a BlockLink_t
 138:Middlewares/Third_Party/FreeRTOS/Source/portable/MemMang/heap_4.c **** 			structure in addition to the requested amount of bytes. */
 139:Middlewares/Third_Party/FreeRTOS/Source/portable/MemMang/heap_4.c **** 			if( xWantedSize > 0 )
 140:Middlewares/Third_Party/FreeRTOS/Source/portable/MemMang/heap_4.c **** 			{
 141:Middlewares/Third_Party/FreeRTOS/Source/portable/MemMang/heap_4.c **** 				xWantedSize += xHeapStructSize;
 142:Middlewares/Third_Party/FreeRTOS/Source/portable/MemMang/heap_4.c **** 
 143:Middlewares/Third_Party/FreeRTOS/Source/portable/MemMang/heap_4.c **** 				/* Ensure that blocks are always aligned to the required number
 144:Middlewares/Third_Party/FreeRTOS/Source/portable/MemMang/heap_4.c **** 				of bytes. */
 145:Middlewares/Third_Party/FreeRTOS/Source/portable/MemMang/heap_4.c **** 				if( ( xWantedSize & portBYTE_ALIGNMENT_MASK ) != 0x00 )
 146:Middlewares/Third_Party/FreeRTOS/Source/portable/MemMang/heap_4.c **** 				{
 147:Middlewares/Third_Party/FreeRTOS/Source/portable/MemMang/heap_4.c **** 					/* Byte alignment required. */
 148:Middlewares/Third_Party/FreeRTOS/Source/portable/MemMang/heap_4.c **** 					xWantedSize += ( portBYTE_ALIGNMENT - ( xWantedSize & portBYTE_ALIGNMENT_MASK ) );
ARM GAS  /tmp/ccFMcYIR.s 			page 4


 149:Middlewares/Third_Party/FreeRTOS/Source/portable/MemMang/heap_4.c **** 					configASSERT( ( xWantedSize & portBYTE_ALIGNMENT_MASK ) == 0 );
 150:Middlewares/Third_Party/FreeRTOS/Source/portable/MemMang/heap_4.c **** 				}
 151:Middlewares/Third_Party/FreeRTOS/Source/portable/MemMang/heap_4.c **** 				else
 152:Middlewares/Third_Party/FreeRTOS/Source/portable/MemMang/heap_4.c **** 				{
 153:Middlewares/Third_Party/FreeRTOS/Source/portable/MemMang/heap_4.c **** 					mtCOVERAGE_TEST_MARKER();
 154:Middlewares/Third_Party/FreeRTOS/Source/portable/MemMang/heap_4.c **** 				}
 155:Middlewares/Third_Party/FreeRTOS/Source/portable/MemMang/heap_4.c **** 			}
 156:Middlewares/Third_Party/FreeRTOS/Source/portable/MemMang/heap_4.c **** 			else
 157:Middlewares/Third_Party/FreeRTOS/Source/portable/MemMang/heap_4.c **** 			{
 158:Middlewares/Third_Party/FreeRTOS/Source/portable/MemMang/heap_4.c **** 				mtCOVERAGE_TEST_MARKER();
 159:Middlewares/Third_Party/FreeRTOS/Source/portable/MemMang/heap_4.c **** 			}
 160:Middlewares/Third_Party/FreeRTOS/Source/portable/MemMang/heap_4.c **** 
 161:Middlewares/Third_Party/FreeRTOS/Source/portable/MemMang/heap_4.c **** 			if( ( xWantedSize > 0 ) && ( xWantedSize <= xFreeBytesRemaining ) )
 162:Middlewares/Third_Party/FreeRTOS/Source/portable/MemMang/heap_4.c **** 			{
 163:Middlewares/Third_Party/FreeRTOS/Source/portable/MemMang/heap_4.c **** 				/* Traverse the list from the start	(lowest address) block until
 164:Middlewares/Third_Party/FreeRTOS/Source/portable/MemMang/heap_4.c **** 				one	of adequate size is found. */
 165:Middlewares/Third_Party/FreeRTOS/Source/portable/MemMang/heap_4.c **** 				pxPreviousBlock = &xStart;
 166:Middlewares/Third_Party/FreeRTOS/Source/portable/MemMang/heap_4.c **** 				pxBlock = xStart.pxNextFreeBlock;
 167:Middlewares/Third_Party/FreeRTOS/Source/portable/MemMang/heap_4.c **** 				while( ( pxBlock->xBlockSize < xWantedSize ) && ( pxBlock->pxNextFreeBlock != NULL ) )
 168:Middlewares/Third_Party/FreeRTOS/Source/portable/MemMang/heap_4.c **** 				{
 169:Middlewares/Third_Party/FreeRTOS/Source/portable/MemMang/heap_4.c **** 					pxPreviousBlock = pxBlock;
 170:Middlewares/Third_Party/FreeRTOS/Source/portable/MemMang/heap_4.c **** 					pxBlock = pxBlock->pxNextFreeBlock;
 171:Middlewares/Third_Party/FreeRTOS/Source/portable/MemMang/heap_4.c **** 				}
 172:Middlewares/Third_Party/FreeRTOS/Source/portable/MemMang/heap_4.c **** 
 173:Middlewares/Third_Party/FreeRTOS/Source/portable/MemMang/heap_4.c **** 				/* If the end marker was reached then a block of adequate size
 174:Middlewares/Third_Party/FreeRTOS/Source/portable/MemMang/heap_4.c **** 				was	not found. */
 175:Middlewares/Third_Party/FreeRTOS/Source/portable/MemMang/heap_4.c **** 				if( pxBlock != pxEnd )
 176:Middlewares/Third_Party/FreeRTOS/Source/portable/MemMang/heap_4.c **** 				{
 177:Middlewares/Third_Party/FreeRTOS/Source/portable/MemMang/heap_4.c **** 					/* Return the memory space pointed to - jumping over the
 178:Middlewares/Third_Party/FreeRTOS/Source/portable/MemMang/heap_4.c **** 					BlockLink_t structure at its start. */
 179:Middlewares/Third_Party/FreeRTOS/Source/portable/MemMang/heap_4.c **** 					pvReturn = ( void * ) ( ( ( uint8_t * ) pxPreviousBlock->pxNextFreeBlock ) + xHeapStructSize )
 180:Middlewares/Third_Party/FreeRTOS/Source/portable/MemMang/heap_4.c **** 
 181:Middlewares/Third_Party/FreeRTOS/Source/portable/MemMang/heap_4.c **** 					/* This block is being returned for use so must be taken out
 182:Middlewares/Third_Party/FreeRTOS/Source/portable/MemMang/heap_4.c **** 					of the list of free blocks. */
 183:Middlewares/Third_Party/FreeRTOS/Source/portable/MemMang/heap_4.c **** 					pxPreviousBlock->pxNextFreeBlock = pxBlock->pxNextFreeBlock;
 184:Middlewares/Third_Party/FreeRTOS/Source/portable/MemMang/heap_4.c **** 
 185:Middlewares/Third_Party/FreeRTOS/Source/portable/MemMang/heap_4.c **** 					/* If the block is larger than required it can be split into
 186:Middlewares/Third_Party/FreeRTOS/Source/portable/MemMang/heap_4.c **** 					two. */
 187:Middlewares/Third_Party/FreeRTOS/Source/portable/MemMang/heap_4.c **** 					if( ( pxBlock->xBlockSize - xWantedSize ) > heapMINIMUM_BLOCK_SIZE )
 188:Middlewares/Third_Party/FreeRTOS/Source/portable/MemMang/heap_4.c **** 					{
 189:Middlewares/Third_Party/FreeRTOS/Source/portable/MemMang/heap_4.c **** 						/* This block is to be split into two.  Create a new
 190:Middlewares/Third_Party/FreeRTOS/Source/portable/MemMang/heap_4.c **** 						block following the number of bytes requested. The void
 191:Middlewares/Third_Party/FreeRTOS/Source/portable/MemMang/heap_4.c **** 						cast is used to prevent byte alignment warnings from the
 192:Middlewares/Third_Party/FreeRTOS/Source/portable/MemMang/heap_4.c **** 						compiler. */
 193:Middlewares/Third_Party/FreeRTOS/Source/portable/MemMang/heap_4.c **** 						pxNewBlockLink = ( void * ) ( ( ( uint8_t * ) pxBlock ) + xWantedSize );
 194:Middlewares/Third_Party/FreeRTOS/Source/portable/MemMang/heap_4.c **** 						configASSERT( ( ( ( size_t ) pxNewBlockLink ) & portBYTE_ALIGNMENT_MASK ) == 0 );
 195:Middlewares/Third_Party/FreeRTOS/Source/portable/MemMang/heap_4.c **** 
 196:Middlewares/Third_Party/FreeRTOS/Source/portable/MemMang/heap_4.c **** 						/* Calculate the sizes of two blocks split from the
 197:Middlewares/Third_Party/FreeRTOS/Source/portable/MemMang/heap_4.c **** 						single block. */
 198:Middlewares/Third_Party/FreeRTOS/Source/portable/MemMang/heap_4.c **** 						pxNewBlockLink->xBlockSize = pxBlock->xBlockSize - xWantedSize;
 199:Middlewares/Third_Party/FreeRTOS/Source/portable/MemMang/heap_4.c **** 						pxBlock->xBlockSize = xWantedSize;
 200:Middlewares/Third_Party/FreeRTOS/Source/portable/MemMang/heap_4.c **** 
 201:Middlewares/Third_Party/FreeRTOS/Source/portable/MemMang/heap_4.c **** 						/* Insert the new block into the list of free blocks. */
 202:Middlewares/Third_Party/FreeRTOS/Source/portable/MemMang/heap_4.c **** 						prvInsertBlockIntoFreeList( pxNewBlockLink );
 203:Middlewares/Third_Party/FreeRTOS/Source/portable/MemMang/heap_4.c **** 					}
 204:Middlewares/Third_Party/FreeRTOS/Source/portable/MemMang/heap_4.c **** 					else
 205:Middlewares/Third_Party/FreeRTOS/Source/portable/MemMang/heap_4.c **** 					{
ARM GAS  /tmp/ccFMcYIR.s 			page 5


 206:Middlewares/Third_Party/FreeRTOS/Source/portable/MemMang/heap_4.c **** 						mtCOVERAGE_TEST_MARKER();
 207:Middlewares/Third_Party/FreeRTOS/Source/portable/MemMang/heap_4.c **** 					}
 208:Middlewares/Third_Party/FreeRTOS/Source/portable/MemMang/heap_4.c **** 
 209:Middlewares/Third_Party/FreeRTOS/Source/portable/MemMang/heap_4.c **** 					xFreeBytesRemaining -= pxBlock->xBlockSize;
 210:Middlewares/Third_Party/FreeRTOS/Source/portable/MemMang/heap_4.c **** 
 211:Middlewares/Third_Party/FreeRTOS/Source/portable/MemMang/heap_4.c **** 					if( xFreeBytesRemaining < xMinimumEverFreeBytesRemaining )
 212:Middlewares/Third_Party/FreeRTOS/Source/portable/MemMang/heap_4.c **** 					{
 213:Middlewares/Third_Party/FreeRTOS/Source/portable/MemMang/heap_4.c **** 						xMinimumEverFreeBytesRemaining = xFreeBytesRemaining;
 214:Middlewares/Third_Party/FreeRTOS/Source/portable/MemMang/heap_4.c **** 					}
 215:Middlewares/Third_Party/FreeRTOS/Source/portable/MemMang/heap_4.c **** 					else
 216:Middlewares/Third_Party/FreeRTOS/Source/portable/MemMang/heap_4.c **** 					{
 217:Middlewares/Third_Party/FreeRTOS/Source/portable/MemMang/heap_4.c **** 						mtCOVERAGE_TEST_MARKER();
 218:Middlewares/Third_Party/FreeRTOS/Source/portable/MemMang/heap_4.c **** 					}
 219:Middlewares/Third_Party/FreeRTOS/Source/portable/MemMang/heap_4.c **** 
 220:Middlewares/Third_Party/FreeRTOS/Source/portable/MemMang/heap_4.c **** 					/* The block is being returned - it is allocated and owned
 221:Middlewares/Third_Party/FreeRTOS/Source/portable/MemMang/heap_4.c **** 					by the application and has no "next" block. */
 222:Middlewares/Third_Party/FreeRTOS/Source/portable/MemMang/heap_4.c **** 					pxBlock->xBlockSize |= xBlockAllocatedBit;
 223:Middlewares/Third_Party/FreeRTOS/Source/portable/MemMang/heap_4.c **** 					pxBlock->pxNextFreeBlock = NULL;
 224:Middlewares/Third_Party/FreeRTOS/Source/portable/MemMang/heap_4.c **** 				}
 225:Middlewares/Third_Party/FreeRTOS/Source/portable/MemMang/heap_4.c **** 				else
 226:Middlewares/Third_Party/FreeRTOS/Source/portable/MemMang/heap_4.c **** 				{
 227:Middlewares/Third_Party/FreeRTOS/Source/portable/MemMang/heap_4.c **** 					mtCOVERAGE_TEST_MARKER();
 228:Middlewares/Third_Party/FreeRTOS/Source/portable/MemMang/heap_4.c **** 				}
 229:Middlewares/Third_Party/FreeRTOS/Source/portable/MemMang/heap_4.c **** 			}
 230:Middlewares/Third_Party/FreeRTOS/Source/portable/MemMang/heap_4.c **** 			else
 231:Middlewares/Third_Party/FreeRTOS/Source/portable/MemMang/heap_4.c **** 			{
 232:Middlewares/Third_Party/FreeRTOS/Source/portable/MemMang/heap_4.c **** 				mtCOVERAGE_TEST_MARKER();
 233:Middlewares/Third_Party/FreeRTOS/Source/portable/MemMang/heap_4.c **** 			}
 234:Middlewares/Third_Party/FreeRTOS/Source/portable/MemMang/heap_4.c **** 		}
 235:Middlewares/Third_Party/FreeRTOS/Source/portable/MemMang/heap_4.c **** 		else
 236:Middlewares/Third_Party/FreeRTOS/Source/portable/MemMang/heap_4.c **** 		{
 237:Middlewares/Third_Party/FreeRTOS/Source/portable/MemMang/heap_4.c **** 			mtCOVERAGE_TEST_MARKER();
 238:Middlewares/Third_Party/FreeRTOS/Source/portable/MemMang/heap_4.c **** 		}
 239:Middlewares/Third_Party/FreeRTOS/Source/portable/MemMang/heap_4.c **** 
 240:Middlewares/Third_Party/FreeRTOS/Source/portable/MemMang/heap_4.c **** 		traceMALLOC( pvReturn, xWantedSize );
 241:Middlewares/Third_Party/FreeRTOS/Source/portable/MemMang/heap_4.c **** 	}
 242:Middlewares/Third_Party/FreeRTOS/Source/portable/MemMang/heap_4.c **** 	( void ) xTaskResumeAll();
 243:Middlewares/Third_Party/FreeRTOS/Source/portable/MemMang/heap_4.c **** 
 244:Middlewares/Third_Party/FreeRTOS/Source/portable/MemMang/heap_4.c **** 	#if( configUSE_MALLOC_FAILED_HOOK == 1 )
 245:Middlewares/Third_Party/FreeRTOS/Source/portable/MemMang/heap_4.c **** 	{
 246:Middlewares/Third_Party/FreeRTOS/Source/portable/MemMang/heap_4.c **** 		if( pvReturn == NULL )
 247:Middlewares/Third_Party/FreeRTOS/Source/portable/MemMang/heap_4.c **** 		{
 248:Middlewares/Third_Party/FreeRTOS/Source/portable/MemMang/heap_4.c **** 			extern void vApplicationMallocFailedHook( void );
 249:Middlewares/Third_Party/FreeRTOS/Source/portable/MemMang/heap_4.c **** 			vApplicationMallocFailedHook();
 250:Middlewares/Third_Party/FreeRTOS/Source/portable/MemMang/heap_4.c **** 		}
 251:Middlewares/Third_Party/FreeRTOS/Source/portable/MemMang/heap_4.c **** 		else
 252:Middlewares/Third_Party/FreeRTOS/Source/portable/MemMang/heap_4.c **** 		{
 253:Middlewares/Third_Party/FreeRTOS/Source/portable/MemMang/heap_4.c **** 			mtCOVERAGE_TEST_MARKER();
 254:Middlewares/Third_Party/FreeRTOS/Source/portable/MemMang/heap_4.c **** 		}
 255:Middlewares/Third_Party/FreeRTOS/Source/portable/MemMang/heap_4.c **** 	}
 256:Middlewares/Third_Party/FreeRTOS/Source/portable/MemMang/heap_4.c **** 	#endif
 257:Middlewares/Third_Party/FreeRTOS/Source/portable/MemMang/heap_4.c **** 
 258:Middlewares/Third_Party/FreeRTOS/Source/portable/MemMang/heap_4.c **** 	configASSERT( ( ( ( size_t ) pvReturn ) & ( size_t ) portBYTE_ALIGNMENT_MASK ) == 0 );
 259:Middlewares/Third_Party/FreeRTOS/Source/portable/MemMang/heap_4.c **** 	return pvReturn;
 260:Middlewares/Third_Party/FreeRTOS/Source/portable/MemMang/heap_4.c **** }
 261:Middlewares/Third_Party/FreeRTOS/Source/portable/MemMang/heap_4.c **** /*-----------------------------------------------------------*/
 262:Middlewares/Third_Party/FreeRTOS/Source/portable/MemMang/heap_4.c **** 
ARM GAS  /tmp/ccFMcYIR.s 			page 6


 263:Middlewares/Third_Party/FreeRTOS/Source/portable/MemMang/heap_4.c **** void vPortFree( void *pv )
 264:Middlewares/Third_Party/FreeRTOS/Source/portable/MemMang/heap_4.c **** {
 265:Middlewares/Third_Party/FreeRTOS/Source/portable/MemMang/heap_4.c **** uint8_t *puc = ( uint8_t * ) pv;
 266:Middlewares/Third_Party/FreeRTOS/Source/portable/MemMang/heap_4.c **** BlockLink_t *pxLink;
 267:Middlewares/Third_Party/FreeRTOS/Source/portable/MemMang/heap_4.c **** 
 268:Middlewares/Third_Party/FreeRTOS/Source/portable/MemMang/heap_4.c **** 	if( pv != NULL )
 269:Middlewares/Third_Party/FreeRTOS/Source/portable/MemMang/heap_4.c **** 	{
 270:Middlewares/Third_Party/FreeRTOS/Source/portable/MemMang/heap_4.c **** 		/* The memory being freed will have an BlockLink_t structure immediately
 271:Middlewares/Third_Party/FreeRTOS/Source/portable/MemMang/heap_4.c **** 		before it. */
 272:Middlewares/Third_Party/FreeRTOS/Source/portable/MemMang/heap_4.c **** 		puc -= xHeapStructSize;
 273:Middlewares/Third_Party/FreeRTOS/Source/portable/MemMang/heap_4.c **** 
 274:Middlewares/Third_Party/FreeRTOS/Source/portable/MemMang/heap_4.c **** 		/* This casting is to keep the compiler from issuing warnings. */
 275:Middlewares/Third_Party/FreeRTOS/Source/portable/MemMang/heap_4.c **** 		pxLink = ( void * ) puc;
 276:Middlewares/Third_Party/FreeRTOS/Source/portable/MemMang/heap_4.c **** 
 277:Middlewares/Third_Party/FreeRTOS/Source/portable/MemMang/heap_4.c **** 		/* Check the block is actually allocated. */
 278:Middlewares/Third_Party/FreeRTOS/Source/portable/MemMang/heap_4.c **** 		configASSERT( ( pxLink->xBlockSize & xBlockAllocatedBit ) != 0 );
 279:Middlewares/Third_Party/FreeRTOS/Source/portable/MemMang/heap_4.c **** 		configASSERT( pxLink->pxNextFreeBlock == NULL );
 280:Middlewares/Third_Party/FreeRTOS/Source/portable/MemMang/heap_4.c **** 
 281:Middlewares/Third_Party/FreeRTOS/Source/portable/MemMang/heap_4.c **** 		if( ( pxLink->xBlockSize & xBlockAllocatedBit ) != 0 )
 282:Middlewares/Third_Party/FreeRTOS/Source/portable/MemMang/heap_4.c **** 		{
 283:Middlewares/Third_Party/FreeRTOS/Source/portable/MemMang/heap_4.c **** 			if( pxLink->pxNextFreeBlock == NULL )
 284:Middlewares/Third_Party/FreeRTOS/Source/portable/MemMang/heap_4.c **** 			{
 285:Middlewares/Third_Party/FreeRTOS/Source/portable/MemMang/heap_4.c **** 				/* The block is being returned to the heap - it is no longer
 286:Middlewares/Third_Party/FreeRTOS/Source/portable/MemMang/heap_4.c **** 				allocated. */
 287:Middlewares/Third_Party/FreeRTOS/Source/portable/MemMang/heap_4.c **** 				pxLink->xBlockSize &= ~xBlockAllocatedBit;
 288:Middlewares/Third_Party/FreeRTOS/Source/portable/MemMang/heap_4.c **** 
 289:Middlewares/Third_Party/FreeRTOS/Source/portable/MemMang/heap_4.c **** 				vTaskSuspendAll();
 290:Middlewares/Third_Party/FreeRTOS/Source/portable/MemMang/heap_4.c **** 				{
 291:Middlewares/Third_Party/FreeRTOS/Source/portable/MemMang/heap_4.c **** 					/* Add this block to the list of free blocks. */
 292:Middlewares/Third_Party/FreeRTOS/Source/portable/MemMang/heap_4.c **** 					xFreeBytesRemaining += pxLink->xBlockSize;
 293:Middlewares/Third_Party/FreeRTOS/Source/portable/MemMang/heap_4.c **** 					traceFREE( pv, pxLink->xBlockSize );
 294:Middlewares/Third_Party/FreeRTOS/Source/portable/MemMang/heap_4.c **** 					prvInsertBlockIntoFreeList( ( ( BlockLink_t * ) pxLink ) );
 295:Middlewares/Third_Party/FreeRTOS/Source/portable/MemMang/heap_4.c **** 				}
 296:Middlewares/Third_Party/FreeRTOS/Source/portable/MemMang/heap_4.c **** 				( void ) xTaskResumeAll();
 297:Middlewares/Third_Party/FreeRTOS/Source/portable/MemMang/heap_4.c **** 			}
 298:Middlewares/Third_Party/FreeRTOS/Source/portable/MemMang/heap_4.c **** 			else
 299:Middlewares/Third_Party/FreeRTOS/Source/portable/MemMang/heap_4.c **** 			{
 300:Middlewares/Third_Party/FreeRTOS/Source/portable/MemMang/heap_4.c **** 				mtCOVERAGE_TEST_MARKER();
 301:Middlewares/Third_Party/FreeRTOS/Source/portable/MemMang/heap_4.c **** 			}
 302:Middlewares/Third_Party/FreeRTOS/Source/portable/MemMang/heap_4.c **** 		}
 303:Middlewares/Third_Party/FreeRTOS/Source/portable/MemMang/heap_4.c **** 		else
 304:Middlewares/Third_Party/FreeRTOS/Source/portable/MemMang/heap_4.c **** 		{
 305:Middlewares/Third_Party/FreeRTOS/Source/portable/MemMang/heap_4.c **** 			mtCOVERAGE_TEST_MARKER();
 306:Middlewares/Third_Party/FreeRTOS/Source/portable/MemMang/heap_4.c **** 		}
 307:Middlewares/Third_Party/FreeRTOS/Source/portable/MemMang/heap_4.c **** 	}
 308:Middlewares/Third_Party/FreeRTOS/Source/portable/MemMang/heap_4.c **** }
 309:Middlewares/Third_Party/FreeRTOS/Source/portable/MemMang/heap_4.c **** /*-----------------------------------------------------------*/
 310:Middlewares/Third_Party/FreeRTOS/Source/portable/MemMang/heap_4.c **** 
 311:Middlewares/Third_Party/FreeRTOS/Source/portable/MemMang/heap_4.c **** size_t xPortGetFreeHeapSize( void )
 312:Middlewares/Third_Party/FreeRTOS/Source/portable/MemMang/heap_4.c **** {
 313:Middlewares/Third_Party/FreeRTOS/Source/portable/MemMang/heap_4.c **** 	return xFreeBytesRemaining;
 314:Middlewares/Third_Party/FreeRTOS/Source/portable/MemMang/heap_4.c **** }
 315:Middlewares/Third_Party/FreeRTOS/Source/portable/MemMang/heap_4.c **** /*-----------------------------------------------------------*/
 316:Middlewares/Third_Party/FreeRTOS/Source/portable/MemMang/heap_4.c **** 
 317:Middlewares/Third_Party/FreeRTOS/Source/portable/MemMang/heap_4.c **** size_t xPortGetMinimumEverFreeHeapSize( void )
 318:Middlewares/Third_Party/FreeRTOS/Source/portable/MemMang/heap_4.c **** {
 319:Middlewares/Third_Party/FreeRTOS/Source/portable/MemMang/heap_4.c **** 	return xMinimumEverFreeBytesRemaining;
ARM GAS  /tmp/ccFMcYIR.s 			page 7


 320:Middlewares/Third_Party/FreeRTOS/Source/portable/MemMang/heap_4.c **** }
 321:Middlewares/Third_Party/FreeRTOS/Source/portable/MemMang/heap_4.c **** /*-----------------------------------------------------------*/
 322:Middlewares/Third_Party/FreeRTOS/Source/portable/MemMang/heap_4.c **** 
 323:Middlewares/Third_Party/FreeRTOS/Source/portable/MemMang/heap_4.c **** void vPortInitialiseBlocks( void )
 324:Middlewares/Third_Party/FreeRTOS/Source/portable/MemMang/heap_4.c **** {
 325:Middlewares/Third_Party/FreeRTOS/Source/portable/MemMang/heap_4.c **** 	/* This just exists to keep the linker quiet. */
 326:Middlewares/Third_Party/FreeRTOS/Source/portable/MemMang/heap_4.c **** }
 327:Middlewares/Third_Party/FreeRTOS/Source/portable/MemMang/heap_4.c **** /*-----------------------------------------------------------*/
 328:Middlewares/Third_Party/FreeRTOS/Source/portable/MemMang/heap_4.c **** 
 329:Middlewares/Third_Party/FreeRTOS/Source/portable/MemMang/heap_4.c **** static void prvHeapInit( void )
 330:Middlewares/Third_Party/FreeRTOS/Source/portable/MemMang/heap_4.c **** {
  25              		.loc 1 330 0
  26              		.cfi_startproc
  27              		@ args = 0, pretend = 0, frame = 0
  28              		@ frame_needed = 0, uses_anonymous_args = 0
  29              		@ link register save eliminated.
  30              	.LVL0:
 331:Middlewares/Third_Party/FreeRTOS/Source/portable/MemMang/heap_4.c **** BlockLink_t *pxFirstFreeBlock;
 332:Middlewares/Third_Party/FreeRTOS/Source/portable/MemMang/heap_4.c **** uint8_t *pucAlignedHeap;
 333:Middlewares/Third_Party/FreeRTOS/Source/portable/MemMang/heap_4.c **** size_t uxAddress;
 334:Middlewares/Third_Party/FreeRTOS/Source/portable/MemMang/heap_4.c **** size_t xTotalHeapSize = configTOTAL_HEAP_SIZE;
 335:Middlewares/Third_Party/FreeRTOS/Source/portable/MemMang/heap_4.c **** 
 336:Middlewares/Third_Party/FreeRTOS/Source/portable/MemMang/heap_4.c **** 	/* Ensure the heap starts on a correctly aligned boundary. */
 337:Middlewares/Third_Party/FreeRTOS/Source/portable/MemMang/heap_4.c **** 	uxAddress = ( size_t ) ucHeap;
  31              		.loc 1 337 0
  32 0000 124A     		ldr	r2, .L4
  33              	.LVL1:
 338:Middlewares/Third_Party/FreeRTOS/Source/portable/MemMang/heap_4.c **** 
 339:Middlewares/Third_Party/FreeRTOS/Source/portable/MemMang/heap_4.c **** 	if( ( uxAddress & portBYTE_ALIGNMENT_MASK ) != 0 )
  34              		.loc 1 339 0
  35 0002 5307     		lsls	r3, r2, #29
  36 0004 1FD0     		beq	.L3
 340:Middlewares/Third_Party/FreeRTOS/Source/portable/MemMang/heap_4.c **** 	{
 341:Middlewares/Third_Party/FreeRTOS/Source/portable/MemMang/heap_4.c **** 		uxAddress += ( portBYTE_ALIGNMENT - 1 );
  37              		.loc 1 341 0
  38 0006 D11D     		adds	r1, r2, #7
  39              	.LVL2:
 342:Middlewares/Third_Party/FreeRTOS/Source/portable/MemMang/heap_4.c **** 		uxAddress &= ~( ( size_t ) portBYTE_ALIGNMENT_MASK );
  40              		.loc 1 342 0
  41 0008 0723     		movs	r3, #7
  42 000a 9943     		bics	r1, r3
  43              	.LVL3:
 343:Middlewares/Third_Party/FreeRTOS/Source/portable/MemMang/heap_4.c **** 		xTotalHeapSize -= uxAddress - ( size_t ) ucHeap;
  44              		.loc 1 343 0
  45 000c C023     		movs	r3, #192
  46 000e 1B01     		lsls	r3, r3, #4
  47 0010 5B1A     		subs	r3, r3, r1
  48 0012 9B18     		adds	r3, r3, r2
  49              	.LVL4:
 342:Middlewares/Third_Party/FreeRTOS/Source/portable/MemMang/heap_4.c **** 		uxAddress &= ~( ( size_t ) portBYTE_ALIGNMENT_MASK );
  50              		.loc 1 342 0
  51 0014 0A00     		movs	r2, r1
  52              	.LVL5:
  53              	.L2:
 344:Middlewares/Third_Party/FreeRTOS/Source/portable/MemMang/heap_4.c **** 	}
 345:Middlewares/Third_Party/FreeRTOS/Source/portable/MemMang/heap_4.c **** 
 346:Middlewares/Third_Party/FreeRTOS/Source/portable/MemMang/heap_4.c **** 	pucAlignedHeap = ( uint8_t * ) uxAddress;
ARM GAS  /tmp/ccFMcYIR.s 			page 8


 347:Middlewares/Third_Party/FreeRTOS/Source/portable/MemMang/heap_4.c **** 
 348:Middlewares/Third_Party/FreeRTOS/Source/portable/MemMang/heap_4.c **** 	/* xStart is used to hold a pointer to the first item in the list of free
 349:Middlewares/Third_Party/FreeRTOS/Source/portable/MemMang/heap_4.c **** 	blocks.  The void cast is used to prevent compiler warnings. */
 350:Middlewares/Third_Party/FreeRTOS/Source/portable/MemMang/heap_4.c **** 	xStart.pxNextFreeBlock = ( void * ) pucAlignedHeap;
  54              		.loc 1 350 0
  55 0016 0E48     		ldr	r0, .L4+4
  56 0018 0260     		str	r2, [r0]
 351:Middlewares/Third_Party/FreeRTOS/Source/portable/MemMang/heap_4.c **** 	xStart.xBlockSize = ( size_t ) 0;
  57              		.loc 1 351 0
  58 001a 0021     		movs	r1, #0
  59 001c 4160     		str	r1, [r0, #4]
 352:Middlewares/Third_Party/FreeRTOS/Source/portable/MemMang/heap_4.c **** 
 353:Middlewares/Third_Party/FreeRTOS/Source/portable/MemMang/heap_4.c **** 	/* pxEnd is used to mark the end of the list of free blocks and is inserted
 354:Middlewares/Third_Party/FreeRTOS/Source/portable/MemMang/heap_4.c **** 	at the end of the heap space. */
 355:Middlewares/Third_Party/FreeRTOS/Source/portable/MemMang/heap_4.c **** 	uxAddress = ( ( size_t ) pucAlignedHeap ) + xTotalHeapSize;
  60              		.loc 1 355 0
  61 001e D318     		adds	r3, r2, r3
  62              	.LVL6:
 356:Middlewares/Third_Party/FreeRTOS/Source/portable/MemMang/heap_4.c **** 	uxAddress -= xHeapStructSize;
  63              		.loc 1 356 0
  64 0020 083B     		subs	r3, r3, #8
  65              	.LVL7:
 357:Middlewares/Third_Party/FreeRTOS/Source/portable/MemMang/heap_4.c **** 	uxAddress &= ~( ( size_t ) portBYTE_ALIGNMENT_MASK );
  66              		.loc 1 357 0
  67 0022 0720     		movs	r0, #7
  68 0024 8343     		bics	r3, r0
  69              	.LVL8:
 358:Middlewares/Third_Party/FreeRTOS/Source/portable/MemMang/heap_4.c **** 	pxEnd = ( void * ) uxAddress;
  70              		.loc 1 358 0
  71 0026 0B48     		ldr	r0, .L4+8
  72 0028 0360     		str	r3, [r0]
 359:Middlewares/Third_Party/FreeRTOS/Source/portable/MemMang/heap_4.c **** 	pxEnd->xBlockSize = 0;
  73              		.loc 1 359 0
  74 002a 5960     		str	r1, [r3, #4]
 360:Middlewares/Third_Party/FreeRTOS/Source/portable/MemMang/heap_4.c **** 	pxEnd->pxNextFreeBlock = NULL;
  75              		.loc 1 360 0
  76 002c 1960     		str	r1, [r3]
  77              	.LVL9:
 361:Middlewares/Third_Party/FreeRTOS/Source/portable/MemMang/heap_4.c **** 
 362:Middlewares/Third_Party/FreeRTOS/Source/portable/MemMang/heap_4.c **** 	/* To start with there is a single free block that is sized to take up the
 363:Middlewares/Third_Party/FreeRTOS/Source/portable/MemMang/heap_4.c **** 	entire heap space, minus the space taken by pxEnd. */
 364:Middlewares/Third_Party/FreeRTOS/Source/portable/MemMang/heap_4.c **** 	pxFirstFreeBlock = ( void * ) pucAlignedHeap;
 365:Middlewares/Third_Party/FreeRTOS/Source/portable/MemMang/heap_4.c **** 	pxFirstFreeBlock->xBlockSize = uxAddress - ( size_t ) pxFirstFreeBlock;
  78              		.loc 1 365 0
  79 002e 991A     		subs	r1, r3, r2
  80 0030 5160     		str	r1, [r2, #4]
 366:Middlewares/Third_Party/FreeRTOS/Source/portable/MemMang/heap_4.c **** 	pxFirstFreeBlock->pxNextFreeBlock = pxEnd;
  81              		.loc 1 366 0
  82 0032 1360     		str	r3, [r2]
 367:Middlewares/Third_Party/FreeRTOS/Source/portable/MemMang/heap_4.c **** 
 368:Middlewares/Third_Party/FreeRTOS/Source/portable/MemMang/heap_4.c **** 	/* Only one block exists - and it covers the entire usable heap space. */
 369:Middlewares/Third_Party/FreeRTOS/Source/portable/MemMang/heap_4.c **** 	xMinimumEverFreeBytesRemaining = pxFirstFreeBlock->xBlockSize;
  83              		.loc 1 369 0
  84 0034 084B     		ldr	r3, .L4+12
  85              	.LVL10:
  86 0036 1960     		str	r1, [r3]
 370:Middlewares/Third_Party/FreeRTOS/Source/portable/MemMang/heap_4.c **** 	xFreeBytesRemaining = pxFirstFreeBlock->xBlockSize;
ARM GAS  /tmp/ccFMcYIR.s 			page 9


  87              		.loc 1 370 0
  88 0038 084B     		ldr	r3, .L4+16
  89 003a 1960     		str	r1, [r3]
 371:Middlewares/Third_Party/FreeRTOS/Source/portable/MemMang/heap_4.c **** 
 372:Middlewares/Third_Party/FreeRTOS/Source/portable/MemMang/heap_4.c **** 	/* Work out the position of the top bit in a size_t variable. */
 373:Middlewares/Third_Party/FreeRTOS/Source/portable/MemMang/heap_4.c **** 	xBlockAllocatedBit = ( ( size_t ) 1 ) << ( ( sizeof( size_t ) * heapBITS_PER_BYTE ) - 1 );
  90              		.loc 1 373 0
  91 003c 084B     		ldr	r3, .L4+20
  92 003e 8022     		movs	r2, #128
  93              	.LVL11:
  94 0040 1206     		lsls	r2, r2, #24
  95 0042 1A60     		str	r2, [r3]
 374:Middlewares/Third_Party/FreeRTOS/Source/portable/MemMang/heap_4.c **** }
  96              		.loc 1 374 0
  97              		@ sp needed
  98 0044 7047     		bx	lr
  99              	.LVL12:
 100              	.L3:
 334:Middlewares/Third_Party/FreeRTOS/Source/portable/MemMang/heap_4.c **** 
 101              		.loc 1 334 0
 102 0046 C023     		movs	r3, #192
 103 0048 1B01     		lsls	r3, r3, #4
 104 004a E4E7     		b	.L2
 105              	.L5:
 106              		.align	2
 107              	.L4:
 108 004c 00000000 		.word	ucHeap
 109 0050 00000000 		.word	.LANCHOR0
 110 0054 00000000 		.word	.LANCHOR1
 111 0058 00000000 		.word	.LANCHOR2
 112 005c 00000000 		.word	.LANCHOR3
 113 0060 00000000 		.word	.LANCHOR4
 114              		.cfi_endproc
 115              	.LFE5:
 117              		.section	.text.prvInsertBlockIntoFreeList,"ax",%progbits
 118              		.align	1
 119              		.syntax unified
 120              		.code	16
 121              		.thumb_func
 122              		.fpu softvfp
 124              	prvInsertBlockIntoFreeList:
 125              	.LFB6:
 375:Middlewares/Third_Party/FreeRTOS/Source/portable/MemMang/heap_4.c **** /*-----------------------------------------------------------*/
 376:Middlewares/Third_Party/FreeRTOS/Source/portable/MemMang/heap_4.c **** 
 377:Middlewares/Third_Party/FreeRTOS/Source/portable/MemMang/heap_4.c **** static void prvInsertBlockIntoFreeList( BlockLink_t *pxBlockToInsert )
 378:Middlewares/Third_Party/FreeRTOS/Source/portable/MemMang/heap_4.c **** {
 126              		.loc 1 378 0
 127              		.cfi_startproc
 128              		@ args = 0, pretend = 0, frame = 0
 129              		@ frame_needed = 0, uses_anonymous_args = 0
 130              	.LVL13:
 131 0000 10B5     		push	{r4, lr}
 132              	.LCFI0:
 133              		.cfi_def_cfa_offset 8
 134              		.cfi_offset 4, -8
 135              		.cfi_offset 14, -4
 136              	.LVL14:
ARM GAS  /tmp/ccFMcYIR.s 			page 10


 379:Middlewares/Third_Party/FreeRTOS/Source/portable/MemMang/heap_4.c **** BlockLink_t *pxIterator;
 380:Middlewares/Third_Party/FreeRTOS/Source/portable/MemMang/heap_4.c **** uint8_t *puc;
 381:Middlewares/Third_Party/FreeRTOS/Source/portable/MemMang/heap_4.c **** 
 382:Middlewares/Third_Party/FreeRTOS/Source/portable/MemMang/heap_4.c **** 	/* Iterate through the list until a block is found that has a higher address
 383:Middlewares/Third_Party/FreeRTOS/Source/portable/MemMang/heap_4.c **** 	than the block being inserted. */
 384:Middlewares/Third_Party/FreeRTOS/Source/portable/MemMang/heap_4.c **** 	for( pxIterator = &xStart; pxIterator->pxNextFreeBlock < pxBlockToInsert; pxIterator = pxIterator-
 137              		.loc 1 384 0
 138 0002 124B     		ldr	r3, .L14
 139              	.LVL15:
 140              	.L7:
 141              		.loc 1 384 0 is_stmt 0 discriminator 1
 142 0004 1A68     		ldr	r2, [r3]
 143 0006 8242     		cmp	r2, r0
 144 0008 19D3     		bcc	.L13
 145              	.LVL16:
 385:Middlewares/Third_Party/FreeRTOS/Source/portable/MemMang/heap_4.c **** 	{
 386:Middlewares/Third_Party/FreeRTOS/Source/portable/MemMang/heap_4.c **** 		/* Nothing to do here, just iterate to the right position. */
 387:Middlewares/Third_Party/FreeRTOS/Source/portable/MemMang/heap_4.c **** 	}
 388:Middlewares/Third_Party/FreeRTOS/Source/portable/MemMang/heap_4.c **** 
 389:Middlewares/Third_Party/FreeRTOS/Source/portable/MemMang/heap_4.c **** 	/* Do the block being inserted, and the block it is being inserted after
 390:Middlewares/Third_Party/FreeRTOS/Source/portable/MemMang/heap_4.c **** 	make a contiguous block of memory? */
 391:Middlewares/Third_Party/FreeRTOS/Source/portable/MemMang/heap_4.c **** 	puc = ( uint8_t * ) pxIterator;
 392:Middlewares/Third_Party/FreeRTOS/Source/portable/MemMang/heap_4.c **** 	if( ( puc + pxIterator->xBlockSize ) == ( uint8_t * ) pxBlockToInsert )
 146              		.loc 1 392 0 is_stmt 1
 147 000a 5968     		ldr	r1, [r3, #4]
 148 000c 5C18     		adds	r4, r3, r1
 149 000e 8442     		cmp	r4, r0
 150 0010 03D1     		bne	.L8
 393:Middlewares/Third_Party/FreeRTOS/Source/portable/MemMang/heap_4.c **** 	{
 394:Middlewares/Third_Party/FreeRTOS/Source/portable/MemMang/heap_4.c **** 		pxIterator->xBlockSize += pxBlockToInsert->xBlockSize;
 151              		.loc 1 394 0
 152 0012 4068     		ldr	r0, [r0, #4]
 153              	.LVL17:
 154 0014 0918     		adds	r1, r1, r0
 155 0016 5960     		str	r1, [r3, #4]
 156              	.LVL18:
 395:Middlewares/Third_Party/FreeRTOS/Source/portable/MemMang/heap_4.c **** 		pxBlockToInsert = pxIterator;
 157              		.loc 1 395 0
 158 0018 1800     		movs	r0, r3
 159              	.LVL19:
 160              	.L8:
 396:Middlewares/Third_Party/FreeRTOS/Source/portable/MemMang/heap_4.c **** 	}
 397:Middlewares/Third_Party/FreeRTOS/Source/portable/MemMang/heap_4.c **** 	else
 398:Middlewares/Third_Party/FreeRTOS/Source/portable/MemMang/heap_4.c **** 	{
 399:Middlewares/Third_Party/FreeRTOS/Source/portable/MemMang/heap_4.c **** 		mtCOVERAGE_TEST_MARKER();
 400:Middlewares/Third_Party/FreeRTOS/Source/portable/MemMang/heap_4.c **** 	}
 401:Middlewares/Third_Party/FreeRTOS/Source/portable/MemMang/heap_4.c **** 
 402:Middlewares/Third_Party/FreeRTOS/Source/portable/MemMang/heap_4.c **** 	/* Do the block being inserted, and the block it is being inserted before
 403:Middlewares/Third_Party/FreeRTOS/Source/portable/MemMang/heap_4.c **** 	make a contiguous block of memory? */
 404:Middlewares/Third_Party/FreeRTOS/Source/portable/MemMang/heap_4.c **** 	puc = ( uint8_t * ) pxBlockToInsert;
 405:Middlewares/Third_Party/FreeRTOS/Source/portable/MemMang/heap_4.c **** 	if( ( puc + pxBlockToInsert->xBlockSize ) == ( uint8_t * ) pxIterator->pxNextFreeBlock )
 161              		.loc 1 405 0
 162 001a 4168     		ldr	r1, [r0, #4]
 163 001c 4418     		adds	r4, r0, r1
 164 001e A242     		cmp	r2, r4
 165 0020 11D1     		bne	.L9
 406:Middlewares/Third_Party/FreeRTOS/Source/portable/MemMang/heap_4.c **** 	{
ARM GAS  /tmp/ccFMcYIR.s 			page 11


 407:Middlewares/Third_Party/FreeRTOS/Source/portable/MemMang/heap_4.c **** 		if( pxIterator->pxNextFreeBlock != pxEnd )
 166              		.loc 1 407 0
 167 0022 0B4C     		ldr	r4, .L14+4
 168 0024 2468     		ldr	r4, [r4]
 169 0026 A242     		cmp	r2, r4
 170 0028 0BD0     		beq	.L10
 408:Middlewares/Third_Party/FreeRTOS/Source/portable/MemMang/heap_4.c **** 		{
 409:Middlewares/Third_Party/FreeRTOS/Source/portable/MemMang/heap_4.c **** 			/* Form one big block from the two blocks. */
 410:Middlewares/Third_Party/FreeRTOS/Source/portable/MemMang/heap_4.c **** 			pxBlockToInsert->xBlockSize += pxIterator->pxNextFreeBlock->xBlockSize;
 171              		.loc 1 410 0
 172 002a 5268     		ldr	r2, [r2, #4]
 173 002c 8918     		adds	r1, r1, r2
 174 002e 4160     		str	r1, [r0, #4]
 411:Middlewares/Third_Party/FreeRTOS/Source/portable/MemMang/heap_4.c **** 			pxBlockToInsert->pxNextFreeBlock = pxIterator->pxNextFreeBlock->pxNextFreeBlock;
 175              		.loc 1 411 0
 176 0030 1A68     		ldr	r2, [r3]
 177 0032 1268     		ldr	r2, [r2]
 178 0034 0260     		str	r2, [r0]
 179              	.L11:
 412:Middlewares/Third_Party/FreeRTOS/Source/portable/MemMang/heap_4.c **** 		}
 413:Middlewares/Third_Party/FreeRTOS/Source/portable/MemMang/heap_4.c **** 		else
 414:Middlewares/Third_Party/FreeRTOS/Source/portable/MemMang/heap_4.c **** 		{
 415:Middlewares/Third_Party/FreeRTOS/Source/portable/MemMang/heap_4.c **** 			pxBlockToInsert->pxNextFreeBlock = pxEnd;
 416:Middlewares/Third_Party/FreeRTOS/Source/portable/MemMang/heap_4.c **** 		}
 417:Middlewares/Third_Party/FreeRTOS/Source/portable/MemMang/heap_4.c **** 	}
 418:Middlewares/Third_Party/FreeRTOS/Source/portable/MemMang/heap_4.c **** 	else
 419:Middlewares/Third_Party/FreeRTOS/Source/portable/MemMang/heap_4.c **** 	{
 420:Middlewares/Third_Party/FreeRTOS/Source/portable/MemMang/heap_4.c **** 		pxBlockToInsert->pxNextFreeBlock = pxIterator->pxNextFreeBlock;
 421:Middlewares/Third_Party/FreeRTOS/Source/portable/MemMang/heap_4.c **** 	}
 422:Middlewares/Third_Party/FreeRTOS/Source/portable/MemMang/heap_4.c **** 
 423:Middlewares/Third_Party/FreeRTOS/Source/portable/MemMang/heap_4.c **** 	/* If the block being inserted plugged a gab, so was merged with the block
 424:Middlewares/Third_Party/FreeRTOS/Source/portable/MemMang/heap_4.c **** 	before and the block after, then it's pxNextFreeBlock pointer will have
 425:Middlewares/Third_Party/FreeRTOS/Source/portable/MemMang/heap_4.c **** 	already been set, and should not be set here as that would make it point
 426:Middlewares/Third_Party/FreeRTOS/Source/portable/MemMang/heap_4.c **** 	to itself. */
 427:Middlewares/Third_Party/FreeRTOS/Source/portable/MemMang/heap_4.c **** 	if( pxIterator != pxBlockToInsert )
 180              		.loc 1 427 0
 181 0036 9842     		cmp	r0, r3
 182 0038 00D0     		beq	.L6
 428:Middlewares/Third_Party/FreeRTOS/Source/portable/MemMang/heap_4.c **** 	{
 429:Middlewares/Third_Party/FreeRTOS/Source/portable/MemMang/heap_4.c **** 		pxIterator->pxNextFreeBlock = pxBlockToInsert;
 183              		.loc 1 429 0
 184 003a 1860     		str	r0, [r3]
 185              	.L6:
 430:Middlewares/Third_Party/FreeRTOS/Source/portable/MemMang/heap_4.c **** 	}
 431:Middlewares/Third_Party/FreeRTOS/Source/portable/MemMang/heap_4.c **** 	else
 432:Middlewares/Third_Party/FreeRTOS/Source/portable/MemMang/heap_4.c **** 	{
 433:Middlewares/Third_Party/FreeRTOS/Source/portable/MemMang/heap_4.c **** 		mtCOVERAGE_TEST_MARKER();
 434:Middlewares/Third_Party/FreeRTOS/Source/portable/MemMang/heap_4.c **** 	}
 435:Middlewares/Third_Party/FreeRTOS/Source/portable/MemMang/heap_4.c **** }
 186              		.loc 1 435 0
 187              		@ sp needed
 188 003c 10BD     		pop	{r4, pc}
 189              	.LVL20:
 190              	.L13:
 384:Middlewares/Third_Party/FreeRTOS/Source/portable/MemMang/heap_4.c **** 	{
 191              		.loc 1 384 0
 192 003e 1300     		movs	r3, r2
ARM GAS  /tmp/ccFMcYIR.s 			page 12


 193              	.LVL21:
 194 0040 E0E7     		b	.L7
 195              	.LVL22:
 196              	.L10:
 415:Middlewares/Third_Party/FreeRTOS/Source/portable/MemMang/heap_4.c **** 		}
 197              		.loc 1 415 0
 198 0042 0460     		str	r4, [r0]
 199 0044 F7E7     		b	.L11
 200              	.L9:
 420:Middlewares/Third_Party/FreeRTOS/Source/portable/MemMang/heap_4.c **** 	}
 201              		.loc 1 420 0
 202 0046 0260     		str	r2, [r0]
 203 0048 F5E7     		b	.L11
 204              	.L15:
 205 004a C046     		.align	2
 206              	.L14:
 207 004c 00000000 		.word	.LANCHOR0
 208 0050 00000000 		.word	.LANCHOR1
 209              		.cfi_endproc
 210              	.LFE6:
 212              		.section	.text.pvPortMalloc,"ax",%progbits
 213              		.align	1
 214              		.global	pvPortMalloc
 215              		.syntax unified
 216              		.code	16
 217              		.thumb_func
 218              		.fpu softvfp
 220              	pvPortMalloc:
 221              	.LFB0:
 114:Middlewares/Third_Party/FreeRTOS/Source/portable/MemMang/heap_4.c **** BlockLink_t *pxBlock, *pxPreviousBlock, *pxNewBlockLink;
 222              		.loc 1 114 0
 223              		.cfi_startproc
 224              		@ args = 0, pretend = 0, frame = 0
 225              		@ frame_needed = 0, uses_anonymous_args = 0
 226              	.LVL23:
 227 0000 70B5     		push	{r4, r5, r6, lr}
 228              	.LCFI1:
 229              		.cfi_def_cfa_offset 16
 230              		.cfi_offset 4, -16
 231              		.cfi_offset 5, -12
 232              		.cfi_offset 6, -8
 233              		.cfi_offset 14, -4
 234 0002 0400     		movs	r4, r0
 235              	.LVL24:
 118:Middlewares/Third_Party/FreeRTOS/Source/portable/MemMang/heap_4.c **** 	{
 236              		.loc 1 118 0
 237 0004 FFF7FEFF 		bl	vTaskSuspendAll
 238              	.LVL25:
 122:Middlewares/Third_Party/FreeRTOS/Source/portable/MemMang/heap_4.c **** 		{
 239              		.loc 1 122 0
 240 0008 2E4B     		ldr	r3, .L35
 241 000a 1B68     		ldr	r3, [r3]
 242 000c 002B     		cmp	r3, #0
 243 000e 0FD0     		beq	.L34
 244              	.L17:
 135:Middlewares/Third_Party/FreeRTOS/Source/portable/MemMang/heap_4.c **** 		{
 245              		.loc 1 135 0
ARM GAS  /tmp/ccFMcYIR.s 			page 13


 246 0010 2D4B     		ldr	r3, .L35+4
 247 0012 1B68     		ldr	r3, [r3]
 248 0014 2342     		tst	r3, r4
 249 0016 4BD1     		bne	.L29
 139:Middlewares/Third_Party/FreeRTOS/Source/portable/MemMang/heap_4.c **** 			{
 250              		.loc 1 139 0
 251 0018 002C     		cmp	r4, #0
 252 001a 0CD0     		beq	.L19
 141:Middlewares/Third_Party/FreeRTOS/Source/portable/MemMang/heap_4.c **** 
 253              		.loc 1 141 0
 254 001c 0834     		adds	r4, r4, #8
 255              	.LVL26:
 145:Middlewares/Third_Party/FreeRTOS/Source/portable/MemMang/heap_4.c **** 				{
 256              		.loc 1 145 0
 257 001e 6307     		lsls	r3, r4, #29
 258 0020 09D0     		beq	.L19
 148:Middlewares/Third_Party/FreeRTOS/Source/portable/MemMang/heap_4.c **** 					configASSERT( ( xWantedSize & portBYTE_ALIGNMENT_MASK ) == 0 );
 259              		.loc 1 148 0
 260 0022 0723     		movs	r3, #7
 261 0024 9C43     		bics	r4, r3
 262              	.LVL27:
 263 0026 0834     		adds	r4, r4, #8
 264              	.LVL28:
 149:Middlewares/Third_Party/FreeRTOS/Source/portable/MemMang/heap_4.c **** 				}
 265              		.loc 1 149 0
 266 0028 2342     		tst	r3, r4
 267 002a 04D0     		beq	.L19
 149:Middlewares/Third_Party/FreeRTOS/Source/portable/MemMang/heap_4.c **** 				}
 268              		.loc 1 149 0 is_stmt 0 discriminator 1
 269              		.syntax divided
 270              	@ 149 "Middlewares/Third_Party/FreeRTOS/Source/portable/MemMang/heap_4.c" 1
 271 002c 72B6     		 cpsid i 
 272              	@ 0 "" 2
 273              		.thumb
 274              		.syntax unified
 275              	.L20:
 276 002e FEE7     		b	.L20
 277              	.L34:
 124:Middlewares/Third_Party/FreeRTOS/Source/portable/MemMang/heap_4.c **** 		}
 278              		.loc 1 124 0 is_stmt 1
 279 0030 FFF7FEFF 		bl	prvHeapInit
 280              	.LVL29:
 281 0034 ECE7     		b	.L17
 282              	.L19:
 161:Middlewares/Third_Party/FreeRTOS/Source/portable/MemMang/heap_4.c **** 			{
 283              		.loc 1 161 0
 284 0036 002C     		cmp	r4, #0
 285 0038 3CD0     		beq	.L30
 161:Middlewares/Third_Party/FreeRTOS/Source/portable/MemMang/heap_4.c **** 			{
 286              		.loc 1 161 0 is_stmt 0 discriminator 1
 287 003a 244B     		ldr	r3, .L35+8
 288 003c 1B68     		ldr	r3, [r3]
 289 003e A342     		cmp	r3, r4
 290 0040 3AD3     		bcc	.L31
 291              	.LVL30:
 166:Middlewares/Third_Party/FreeRTOS/Source/portable/MemMang/heap_4.c **** 				while( ( pxBlock->xBlockSize < xWantedSize ) && ( pxBlock->pxNextFreeBlock != NULL ) )
 292              		.loc 1 166 0 is_stmt 1
ARM GAS  /tmp/ccFMcYIR.s 			page 14


 293 0042 234B     		ldr	r3, .L35+12
 294 0044 1D68     		ldr	r5, [r3]
 295              	.LVL31:
 167:Middlewares/Third_Party/FreeRTOS/Source/portable/MemMang/heap_4.c **** 				{
 296              		.loc 1 167 0
 297 0046 01E0     		b	.L22
 298              	.LVL32:
 299              	.L32:
 169:Middlewares/Third_Party/FreeRTOS/Source/portable/MemMang/heap_4.c **** 					pxBlock = pxBlock->pxNextFreeBlock;
 300              		.loc 1 169 0
 301 0048 2B00     		movs	r3, r5
 302              	.LVL33:
 170:Middlewares/Third_Party/FreeRTOS/Source/portable/MemMang/heap_4.c **** 				}
 303              		.loc 1 170 0
 304 004a 1500     		movs	r5, r2
 305              	.LVL34:
 306              	.L22:
 167:Middlewares/Third_Party/FreeRTOS/Source/portable/MemMang/heap_4.c **** 				{
 307              		.loc 1 167 0
 308 004c 6A68     		ldr	r2, [r5, #4]
 309 004e A242     		cmp	r2, r4
 310 0050 02D2     		bcs	.L21
 167:Middlewares/Third_Party/FreeRTOS/Source/portable/MemMang/heap_4.c **** 				{
 311              		.loc 1 167 0 is_stmt 0 discriminator 1
 312 0052 2A68     		ldr	r2, [r5]
 313 0054 002A     		cmp	r2, #0
 314 0056 F7D1     		bne	.L32
 315              	.L21:
 175:Middlewares/Third_Party/FreeRTOS/Source/portable/MemMang/heap_4.c **** 				{
 316              		.loc 1 175 0 is_stmt 1
 317 0058 1A4A     		ldr	r2, .L35
 318 005a 1268     		ldr	r2, [r2]
 319 005c AA42     		cmp	r2, r5
 320 005e 2DD0     		beq	.L33
 179:Middlewares/Third_Party/FreeRTOS/Source/portable/MemMang/heap_4.c **** 
 321              		.loc 1 179 0
 322 0060 1E68     		ldr	r6, [r3]
 323 0062 0836     		adds	r6, r6, #8
 324              	.LVL35:
 183:Middlewares/Third_Party/FreeRTOS/Source/portable/MemMang/heap_4.c **** 
 325              		.loc 1 183 0
 326 0064 2A68     		ldr	r2, [r5]
 327 0066 1A60     		str	r2, [r3]
 187:Middlewares/Third_Party/FreeRTOS/Source/portable/MemMang/heap_4.c **** 					{
 328              		.loc 1 187 0
 329 0068 6B68     		ldr	r3, [r5, #4]
 330              	.LVL36:
 331 006a 1B1B     		subs	r3, r3, r4
 332 006c 102B     		cmp	r3, #16
 333 006e 08D9     		bls	.L23
 193:Middlewares/Third_Party/FreeRTOS/Source/portable/MemMang/heap_4.c **** 						configASSERT( ( ( ( size_t ) pxNewBlockLink ) & portBYTE_ALIGNMENT_MASK ) == 0 );
 334              		.loc 1 193 0
 335 0070 2819     		adds	r0, r5, r4
 336              	.LVL37:
 194:Middlewares/Third_Party/FreeRTOS/Source/portable/MemMang/heap_4.c **** 
 337              		.loc 1 194 0
 338 0072 4207     		lsls	r2, r0, #29
ARM GAS  /tmp/ccFMcYIR.s 			page 15


 339 0074 01D0     		beq	.L24
 194:Middlewares/Third_Party/FreeRTOS/Source/portable/MemMang/heap_4.c **** 
 340              		.loc 1 194 0 is_stmt 0 discriminator 1
 341              		.syntax divided
 342              	@ 194 "Middlewares/Third_Party/FreeRTOS/Source/portable/MemMang/heap_4.c" 1
 343 0076 72B6     		 cpsid i 
 344              	@ 0 "" 2
 345              		.thumb
 346              		.syntax unified
 347              	.L25:
 348 0078 FEE7     		b	.L25
 349              	.L24:
 198:Middlewares/Third_Party/FreeRTOS/Source/portable/MemMang/heap_4.c **** 						pxBlock->xBlockSize = xWantedSize;
 350              		.loc 1 198 0 is_stmt 1
 351 007a 4360     		str	r3, [r0, #4]
 199:Middlewares/Third_Party/FreeRTOS/Source/portable/MemMang/heap_4.c **** 
 352              		.loc 1 199 0
 353 007c 6C60     		str	r4, [r5, #4]
 202:Middlewares/Third_Party/FreeRTOS/Source/portable/MemMang/heap_4.c **** 					}
 354              		.loc 1 202 0
 355 007e FFF7FEFF 		bl	prvInsertBlockIntoFreeList
 356              	.LVL38:
 357              	.L23:
 209:Middlewares/Third_Party/FreeRTOS/Source/portable/MemMang/heap_4.c **** 
 358              		.loc 1 209 0
 359 0082 6A68     		ldr	r2, [r5, #4]
 360 0084 1149     		ldr	r1, .L35+8
 361 0086 0B68     		ldr	r3, [r1]
 362 0088 9B1A     		subs	r3, r3, r2
 363 008a 0B60     		str	r3, [r1]
 211:Middlewares/Third_Party/FreeRTOS/Source/portable/MemMang/heap_4.c **** 					{
 364              		.loc 1 211 0
 365 008c 1149     		ldr	r1, .L35+16
 366 008e 0968     		ldr	r1, [r1]
 367 0090 8B42     		cmp	r3, r1
 368 0092 01D2     		bcs	.L26
 213:Middlewares/Third_Party/FreeRTOS/Source/portable/MemMang/heap_4.c **** 					}
 369              		.loc 1 213 0
 370 0094 0F49     		ldr	r1, .L35+16
 371 0096 0B60     		str	r3, [r1]
 372              	.L26:
 222:Middlewares/Third_Party/FreeRTOS/Source/portable/MemMang/heap_4.c **** 					pxBlock->pxNextFreeBlock = NULL;
 373              		.loc 1 222 0
 374 0098 0B4B     		ldr	r3, .L35+4
 375 009a 1B68     		ldr	r3, [r3]
 376 009c 1343     		orrs	r3, r2
 377 009e 6B60     		str	r3, [r5, #4]
 223:Middlewares/Third_Party/FreeRTOS/Source/portable/MemMang/heap_4.c **** 				}
 378              		.loc 1 223 0
 379 00a0 0023     		movs	r3, #0
 380 00a2 2B60     		str	r3, [r5]
 381              	.LVL39:
 382              	.L18:
 242:Middlewares/Third_Party/FreeRTOS/Source/portable/MemMang/heap_4.c **** 
 383              		.loc 1 242 0
 384 00a4 FFF7FEFF 		bl	xTaskResumeAll
 385              	.LVL40:
ARM GAS  /tmp/ccFMcYIR.s 			page 16


 258:Middlewares/Third_Party/FreeRTOS/Source/portable/MemMang/heap_4.c **** 	return pvReturn;
 386              		.loc 1 258 0
 387 00a8 7307     		lsls	r3, r6, #29
 388 00aa 09D0     		beq	.L16
 258:Middlewares/Third_Party/FreeRTOS/Source/portable/MemMang/heap_4.c **** 	return pvReturn;
 389              		.loc 1 258 0 is_stmt 0 discriminator 1
 390              		.syntax divided
 391              	@ 258 "Middlewares/Third_Party/FreeRTOS/Source/portable/MemMang/heap_4.c" 1
 392 00ac 72B6     		 cpsid i 
 393              	@ 0 "" 2
 394              		.thumb
 395              		.syntax unified
 396              	.L28:
 397 00ae FEE7     		b	.L28
 398              	.LVL41:
 399              	.L29:
 116:Middlewares/Third_Party/FreeRTOS/Source/portable/MemMang/heap_4.c **** 
 400              		.loc 1 116 0 is_stmt 1
 401 00b0 0026     		movs	r6, #0
 402 00b2 F7E7     		b	.L18
 403              	.L30:
 404 00b4 0026     		movs	r6, #0
 405 00b6 F5E7     		b	.L18
 406              	.L31:
 407 00b8 0026     		movs	r6, #0
 408 00ba F3E7     		b	.L18
 409              	.LVL42:
 410              	.L33:
 411 00bc 0026     		movs	r6, #0
 412 00be F1E7     		b	.L18
 413              	.LVL43:
 414              	.L16:
 260:Middlewares/Third_Party/FreeRTOS/Source/portable/MemMang/heap_4.c **** /*-----------------------------------------------------------*/
 415              		.loc 1 260 0
 416 00c0 3000     		movs	r0, r6
 417              		@ sp needed
 418              	.LVL44:
 419              	.LVL45:
 420 00c2 70BD     		pop	{r4, r5, r6, pc}
 421              	.L36:
 422              		.align	2
 423              	.L35:
 424 00c4 00000000 		.word	.LANCHOR1
 425 00c8 00000000 		.word	.LANCHOR4
 426 00cc 00000000 		.word	.LANCHOR3
 427 00d0 00000000 		.word	.LANCHOR0
 428 00d4 00000000 		.word	.LANCHOR2
 429              		.cfi_endproc
 430              	.LFE0:
 432              		.section	.text.vPortFree,"ax",%progbits
 433              		.align	1
 434              		.global	vPortFree
 435              		.syntax unified
 436              		.code	16
 437              		.thumb_func
 438              		.fpu softvfp
 440              	vPortFree:
ARM GAS  /tmp/ccFMcYIR.s 			page 17


 441              	.LFB1:
 264:Middlewares/Third_Party/FreeRTOS/Source/portable/MemMang/heap_4.c **** uint8_t *puc = ( uint8_t * ) pv;
 442              		.loc 1 264 0
 443              		.cfi_startproc
 444              		@ args = 0, pretend = 0, frame = 0
 445              		@ frame_needed = 0, uses_anonymous_args = 0
 446              	.LVL46:
 447 0000 70B5     		push	{r4, r5, r6, lr}
 448              	.LCFI2:
 449              		.cfi_def_cfa_offset 16
 450              		.cfi_offset 4, -16
 451              		.cfi_offset 5, -12
 452              		.cfi_offset 6, -8
 453              		.cfi_offset 14, -4
 454              	.LVL47:
 268:Middlewares/Third_Party/FreeRTOS/Source/portable/MemMang/heap_4.c **** 	{
 455              		.loc 1 268 0
 456 0002 0028     		cmp	r0, #0
 457 0004 20D0     		beq	.L37
 272:Middlewares/Third_Party/FreeRTOS/Source/portable/MemMang/heap_4.c **** 
 458              		.loc 1 272 0
 459 0006 0500     		movs	r5, r0
 460 0008 083D     		subs	r5, r5, #8
 461              	.LVL48:
 278:Middlewares/Third_Party/FreeRTOS/Source/portable/MemMang/heap_4.c **** 		configASSERT( pxLink->pxNextFreeBlock == NULL );
 462              		.loc 1 278 0
 463 000a 6B68     		ldr	r3, [r5, #4]
 464 000c 0F4A     		ldr	r2, .L43
 465 000e 1268     		ldr	r2, [r2]
 466 0010 1A42     		tst	r2, r3
 467 0012 01D1     		bne	.L39
 278:Middlewares/Third_Party/FreeRTOS/Source/portable/MemMang/heap_4.c **** 		configASSERT( pxLink->pxNextFreeBlock == NULL );
 468              		.loc 1 278 0 is_stmt 0 discriminator 1
 469              		.syntax divided
 470              	@ 278 "Middlewares/Third_Party/FreeRTOS/Source/portable/MemMang/heap_4.c" 1
 471 0014 72B6     		 cpsid i 
 472              	@ 0 "" 2
 473              		.thumb
 474              		.syntax unified
 475              	.L40:
 476 0016 FEE7     		b	.L40
 477              	.L39:
 279:Middlewares/Third_Party/FreeRTOS/Source/portable/MemMang/heap_4.c **** 
 478              		.loc 1 279 0 is_stmt 1
 479 0018 0100     		movs	r1, r0
 480 001a 0839     		subs	r1, r1, #8
 481 001c 0968     		ldr	r1, [r1]
 482 001e 0029     		cmp	r1, #0
 483 0020 01D0     		beq	.L41
 279:Middlewares/Third_Party/FreeRTOS/Source/portable/MemMang/heap_4.c **** 
 484              		.loc 1 279 0 is_stmt 0 discriminator 1
 485              		.syntax divided
 486              	@ 279 "Middlewares/Third_Party/FreeRTOS/Source/portable/MemMang/heap_4.c" 1
 487 0022 72B6     		 cpsid i 
 488              	@ 0 "" 2
 489              		.thumb
 490              		.syntax unified
ARM GAS  /tmp/ccFMcYIR.s 			page 18


 491              	.L42:
 492 0024 FEE7     		b	.L42
 493              	.L41:
 287:Middlewares/Third_Party/FreeRTOS/Source/portable/MemMang/heap_4.c **** 
 494              		.loc 1 287 0 is_stmt 1
 495 0026 0838     		subs	r0, r0, #8
 496              	.LVL49:
 497 0028 0400     		movs	r4, r0
 498 002a 9343     		bics	r3, r2
 499 002c 4360     		str	r3, [r0, #4]
 289:Middlewares/Third_Party/FreeRTOS/Source/portable/MemMang/heap_4.c **** 				{
 500              		.loc 1 289 0
 501 002e FFF7FEFF 		bl	vTaskSuspendAll
 502              	.LVL50:
 292:Middlewares/Third_Party/FreeRTOS/Source/portable/MemMang/heap_4.c **** 					traceFREE( pv, pxLink->xBlockSize );
 503              		.loc 1 292 0
 504 0032 6368     		ldr	r3, [r4, #4]
 505 0034 064A     		ldr	r2, .L43+4
 506 0036 1168     		ldr	r1, [r2]
 507 0038 8C46     		mov	ip, r1
 508 003a 6344     		add	r3, r3, ip
 509 003c 1360     		str	r3, [r2]
 294:Middlewares/Third_Party/FreeRTOS/Source/portable/MemMang/heap_4.c **** 				}
 510              		.loc 1 294 0
 511 003e 2800     		movs	r0, r5
 512 0040 FFF7FEFF 		bl	prvInsertBlockIntoFreeList
 513              	.LVL51:
 296:Middlewares/Third_Party/FreeRTOS/Source/portable/MemMang/heap_4.c **** 			}
 514              		.loc 1 296 0
 515 0044 FFF7FEFF 		bl	xTaskResumeAll
 516              	.LVL52:
 517              	.L37:
 308:Middlewares/Third_Party/FreeRTOS/Source/portable/MemMang/heap_4.c **** /*-----------------------------------------------------------*/
 518              		.loc 1 308 0
 519              		@ sp needed
 520 0048 70BD     		pop	{r4, r5, r6, pc}
 521              	.L44:
 522 004a C046     		.align	2
 523              	.L43:
 524 004c 00000000 		.word	.LANCHOR4
 525 0050 00000000 		.word	.LANCHOR3
 526              		.cfi_endproc
 527              	.LFE1:
 529              		.section	.text.xPortGetFreeHeapSize,"ax",%progbits
 530              		.align	1
 531              		.global	xPortGetFreeHeapSize
 532              		.syntax unified
 533              		.code	16
 534              		.thumb_func
 535              		.fpu softvfp
 537              	xPortGetFreeHeapSize:
 538              	.LFB2:
 312:Middlewares/Third_Party/FreeRTOS/Source/portable/MemMang/heap_4.c **** 	return xFreeBytesRemaining;
 539              		.loc 1 312 0
 540              		.cfi_startproc
 541              		@ args = 0, pretend = 0, frame = 0
 542              		@ frame_needed = 0, uses_anonymous_args = 0
ARM GAS  /tmp/ccFMcYIR.s 			page 19


 543              		@ link register save eliminated.
 313:Middlewares/Third_Party/FreeRTOS/Source/portable/MemMang/heap_4.c **** }
 544              		.loc 1 313 0
 545 0000 014B     		ldr	r3, .L46
 546 0002 1868     		ldr	r0, [r3]
 314:Middlewares/Third_Party/FreeRTOS/Source/portable/MemMang/heap_4.c **** /*-----------------------------------------------------------*/
 547              		.loc 1 314 0
 548              		@ sp needed
 549 0004 7047     		bx	lr
 550              	.L47:
 551 0006 C046     		.align	2
 552              	.L46:
 553 0008 00000000 		.word	.LANCHOR3
 554              		.cfi_endproc
 555              	.LFE2:
 557              		.section	.text.xPortGetMinimumEverFreeHeapSize,"ax",%progbits
 558              		.align	1
 559              		.global	xPortGetMinimumEverFreeHeapSize
 560              		.syntax unified
 561              		.code	16
 562              		.thumb_func
 563              		.fpu softvfp
 565              	xPortGetMinimumEverFreeHeapSize:
 566              	.LFB3:
 318:Middlewares/Third_Party/FreeRTOS/Source/portable/MemMang/heap_4.c **** 	return xMinimumEverFreeBytesRemaining;
 567              		.loc 1 318 0
 568              		.cfi_startproc
 569              		@ args = 0, pretend = 0, frame = 0
 570              		@ frame_needed = 0, uses_anonymous_args = 0
 571              		@ link register save eliminated.
 319:Middlewares/Third_Party/FreeRTOS/Source/portable/MemMang/heap_4.c **** }
 572              		.loc 1 319 0
 573 0000 014B     		ldr	r3, .L49
 574 0002 1868     		ldr	r0, [r3]
 320:Middlewares/Third_Party/FreeRTOS/Source/portable/MemMang/heap_4.c **** /*-----------------------------------------------------------*/
 575              		.loc 1 320 0
 576              		@ sp needed
 577 0004 7047     		bx	lr
 578              	.L50:
 579 0006 C046     		.align	2
 580              	.L49:
 581 0008 00000000 		.word	.LANCHOR2
 582              		.cfi_endproc
 583              	.LFE3:
 585              		.section	.text.vPortInitialiseBlocks,"ax",%progbits
 586              		.align	1
 587              		.global	vPortInitialiseBlocks
 588              		.syntax unified
 589              		.code	16
 590              		.thumb_func
 591              		.fpu softvfp
 593              	vPortInitialiseBlocks:
 594              	.LFB4:
 324:Middlewares/Third_Party/FreeRTOS/Source/portable/MemMang/heap_4.c **** 	/* This just exists to keep the linker quiet. */
 595              		.loc 1 324 0
 596              		.cfi_startproc
 597              		@ args = 0, pretend = 0, frame = 0
ARM GAS  /tmp/ccFMcYIR.s 			page 20


 598              		@ frame_needed = 0, uses_anonymous_args = 0
 599              		@ link register save eliminated.
 326:Middlewares/Third_Party/FreeRTOS/Source/portable/MemMang/heap_4.c **** /*-----------------------------------------------------------*/
 600              		.loc 1 326 0
 601              		@ sp needed
 602 0000 7047     		bx	lr
 603              		.cfi_endproc
 604              	.LFE4:
 606              		.section	.bss.pxEnd,"aw",%nobits
 607              		.align	2
 608              		.set	.LANCHOR1,. + 0
 611              	pxEnd:
 612 0000 00000000 		.space	4
 613              		.section	.bss.ucHeap,"aw",%nobits
 614              		.align	2
 617              	ucHeap:
 618 0000 00000000 		.space	3072
 618      00000000 
 618      00000000 
 618      00000000 
 618      00000000 
 619              		.section	.bss.xBlockAllocatedBit,"aw",%nobits
 620              		.align	2
 621              		.set	.LANCHOR4,. + 0
 624              	xBlockAllocatedBit:
 625 0000 00000000 		.space	4
 626              		.section	.bss.xFreeBytesRemaining,"aw",%nobits
 627              		.align	2
 628              		.set	.LANCHOR3,. + 0
 631              	xFreeBytesRemaining:
 632 0000 00000000 		.space	4
 633              		.section	.bss.xMinimumEverFreeBytesRemaining,"aw",%nobits
 634              		.align	2
 635              		.set	.LANCHOR2,. + 0
 638              	xMinimumEverFreeBytesRemaining:
 639 0000 00000000 		.space	4
 640              		.section	.bss.xStart,"aw",%nobits
 641              		.align	2
 642              		.set	.LANCHOR0,. + 0
 645              	xStart:
 646 0000 00000000 		.space	8
 646      00000000 
 647              		.text
 648              	.Letext0:
 649              		.file 2 "/opt/gcc-arm-none-eabi-7-2018-q2-update/lib/gcc/arm-none-eabi/7.3.1/include/stddef.h"
 650              		.file 3 "/opt/gcc-arm-none-eabi-7-2018-q2-update/arm-none-eabi/include/machine/_default_types.h"
 651              		.file 4 "/opt/gcc-arm-none-eabi-7-2018-q2-update/arm-none-eabi/include/sys/lock.h"
 652              		.file 5 "/opt/gcc-arm-none-eabi-7-2018-q2-update/arm-none-eabi/include/sys/_types.h"
 653              		.file 6 "/opt/gcc-arm-none-eabi-7-2018-q2-update/arm-none-eabi/include/sys/reent.h"
 654              		.file 7 "/opt/gcc-arm-none-eabi-7-2018-q2-update/arm-none-eabi/include/stdlib.h"
 655              		.file 8 "/opt/gcc-arm-none-eabi-7-2018-q2-update/arm-none-eabi/include/sys/_stdint.h"
 656              		.file 9 "Inc/FreeRTOSConfig.h"
 657              		.file 10 "Middlewares/Third_Party/FreeRTOS/Source/include/task.h"
ARM GAS  /tmp/ccFMcYIR.s 			page 21


DEFINED SYMBOLS
                            *ABS*:0000000000000000 heap_4.c
     /tmp/ccFMcYIR.s:16     .text.prvHeapInit:0000000000000000 $t
     /tmp/ccFMcYIR.s:22     .text.prvHeapInit:0000000000000000 prvHeapInit
     /tmp/ccFMcYIR.s:108    .text.prvHeapInit:000000000000004c $d
     /tmp/ccFMcYIR.s:617    .bss.ucHeap:0000000000000000 ucHeap
     /tmp/ccFMcYIR.s:118    .text.prvInsertBlockIntoFreeList:0000000000000000 $t
     /tmp/ccFMcYIR.s:124    .text.prvInsertBlockIntoFreeList:0000000000000000 prvInsertBlockIntoFreeList
     /tmp/ccFMcYIR.s:207    .text.prvInsertBlockIntoFreeList:000000000000004c $d
     /tmp/ccFMcYIR.s:213    .text.pvPortMalloc:0000000000000000 $t
     /tmp/ccFMcYIR.s:220    .text.pvPortMalloc:0000000000000000 pvPortMalloc
     /tmp/ccFMcYIR.s:424    .text.pvPortMalloc:00000000000000c4 $d
     /tmp/ccFMcYIR.s:433    .text.vPortFree:0000000000000000 $t
     /tmp/ccFMcYIR.s:440    .text.vPortFree:0000000000000000 vPortFree
     /tmp/ccFMcYIR.s:524    .text.vPortFree:000000000000004c $d
     /tmp/ccFMcYIR.s:530    .text.xPortGetFreeHeapSize:0000000000000000 $t
     /tmp/ccFMcYIR.s:537    .text.xPortGetFreeHeapSize:0000000000000000 xPortGetFreeHeapSize
     /tmp/ccFMcYIR.s:553    .text.xPortGetFreeHeapSize:0000000000000008 $d
     /tmp/ccFMcYIR.s:558    .text.xPortGetMinimumEverFreeHeapSize:0000000000000000 $t
     /tmp/ccFMcYIR.s:565    .text.xPortGetMinimumEverFreeHeapSize:0000000000000000 xPortGetMinimumEverFreeHeapSize
     /tmp/ccFMcYIR.s:581    .text.xPortGetMinimumEverFreeHeapSize:0000000000000008 $d
     /tmp/ccFMcYIR.s:586    .text.vPortInitialiseBlocks:0000000000000000 $t
     /tmp/ccFMcYIR.s:593    .text.vPortInitialiseBlocks:0000000000000000 vPortInitialiseBlocks
     /tmp/ccFMcYIR.s:607    .bss.pxEnd:0000000000000000 $d
     /tmp/ccFMcYIR.s:611    .bss.pxEnd:0000000000000000 pxEnd
     /tmp/ccFMcYIR.s:614    .bss.ucHeap:0000000000000000 $d
     /tmp/ccFMcYIR.s:620    .bss.xBlockAllocatedBit:0000000000000000 $d
     /tmp/ccFMcYIR.s:624    .bss.xBlockAllocatedBit:0000000000000000 xBlockAllocatedBit
     /tmp/ccFMcYIR.s:627    .bss.xFreeBytesRemaining:0000000000000000 $d
     /tmp/ccFMcYIR.s:631    .bss.xFreeBytesRemaining:0000000000000000 xFreeBytesRemaining
     /tmp/ccFMcYIR.s:634    .bss.xMinimumEverFreeBytesRemaining:0000000000000000 $d
     /tmp/ccFMcYIR.s:638    .bss.xMinimumEverFreeBytesRemaining:0000000000000000 xMinimumEverFreeBytesRemaining
     /tmp/ccFMcYIR.s:641    .bss.xStart:0000000000000000 $d
     /tmp/ccFMcYIR.s:645    .bss.xStart:0000000000000000 xStart

UNDEFINED SYMBOLS
vTaskSuspendAll
xTaskResumeAll
