ARM GAS  /tmp/ccfAR4sG.s 			page 1


   1              		.cpu cortex-m0
   2              		.eabi_attribute 20, 1
   3              		.eabi_attribute 21, 1
   4              		.eabi_attribute 23, 3
   5              		.eabi_attribute 24, 1
   6              		.eabi_attribute 25, 1
   7              		.eabi_attribute 26, 1
   8              		.eabi_attribute 30, 1
   9              		.eabi_attribute 34, 0
  10              		.eabi_attribute 18, 4
  11              		.file	"list.c"
  12              		.text
  13              	.Ltext0:
  14              		.cfi_sections	.debug_frame
  15              		.section	.text.vListInitialise,"ax",%progbits
  16              		.align	1
  17              		.global	vListInitialise
  18              		.syntax unified
  19              		.code	16
  20              		.thumb_func
  21              		.fpu softvfp
  23              	vListInitialise:
  24              	.LFB0:
  25              		.file 1 "Middlewares/Third_Party/FreeRTOS/Source/list.c"
   1:Middlewares/Third_Party/FreeRTOS/Source/list.c **** /*
   2:Middlewares/Third_Party/FreeRTOS/Source/list.c ****  * FreeRTOS Kernel V10.0.1
   3:Middlewares/Third_Party/FreeRTOS/Source/list.c ****  * Copyright (C) 2017 Amazon.com, Inc. or its affiliates.  All Rights Reserved.
   4:Middlewares/Third_Party/FreeRTOS/Source/list.c ****  *
   5:Middlewares/Third_Party/FreeRTOS/Source/list.c ****  * Permission is hereby granted, free of charge, to any person obtaining a copy of
   6:Middlewares/Third_Party/FreeRTOS/Source/list.c ****  * this software and associated documentation files (the "Software"), to deal in
   7:Middlewares/Third_Party/FreeRTOS/Source/list.c ****  * the Software without restriction, including without limitation the rights to
   8:Middlewares/Third_Party/FreeRTOS/Source/list.c ****  * use, copy, modify, merge, publish, distribute, sublicense, and/or sell copies of
   9:Middlewares/Third_Party/FreeRTOS/Source/list.c ****  * the Software, and to permit persons to whom the Software is furnished to do so,
  10:Middlewares/Third_Party/FreeRTOS/Source/list.c ****  * subject to the following conditions:
  11:Middlewares/Third_Party/FreeRTOS/Source/list.c ****  *
  12:Middlewares/Third_Party/FreeRTOS/Source/list.c ****  * The above copyright notice and this permission notice shall be included in all
  13:Middlewares/Third_Party/FreeRTOS/Source/list.c ****  * copies or substantial portions of the Software.
  14:Middlewares/Third_Party/FreeRTOS/Source/list.c ****  *
  15:Middlewares/Third_Party/FreeRTOS/Source/list.c ****  * THE SOFTWARE IS PROVIDED "AS IS", WITHOUT WARRANTY OF ANY KIND, EXPRESS OR
  16:Middlewares/Third_Party/FreeRTOS/Source/list.c ****  * IMPLIED, INCLUDING BUT NOT LIMITED TO THE WARRANTIES OF MERCHANTABILITY, FITNESS
  17:Middlewares/Third_Party/FreeRTOS/Source/list.c ****  * FOR A PARTICULAR PURPOSE AND NONINFRINGEMENT. IN NO EVENT SHALL THE AUTHORS OR
  18:Middlewares/Third_Party/FreeRTOS/Source/list.c ****  * COPYRIGHT HOLDERS BE LIABLE FOR ANY CLAIM, DAMAGES OR OTHER LIABILITY, WHETHER
  19:Middlewares/Third_Party/FreeRTOS/Source/list.c ****  * IN AN ACTION OF CONTRACT, TORT OR OTHERWISE, ARISING FROM, OUT OF OR IN
  20:Middlewares/Third_Party/FreeRTOS/Source/list.c ****  * CONNECTION WITH THE SOFTWARE OR THE USE OR OTHER DEALINGS IN THE SOFTWARE.
  21:Middlewares/Third_Party/FreeRTOS/Source/list.c ****  *
  22:Middlewares/Third_Party/FreeRTOS/Source/list.c ****  * http://www.FreeRTOS.org
  23:Middlewares/Third_Party/FreeRTOS/Source/list.c ****  * http://aws.amazon.com/freertos
  24:Middlewares/Third_Party/FreeRTOS/Source/list.c ****  *
  25:Middlewares/Third_Party/FreeRTOS/Source/list.c ****  * 1 tab == 4 spaces!
  26:Middlewares/Third_Party/FreeRTOS/Source/list.c ****  */
  27:Middlewares/Third_Party/FreeRTOS/Source/list.c **** 
  28:Middlewares/Third_Party/FreeRTOS/Source/list.c **** 
  29:Middlewares/Third_Party/FreeRTOS/Source/list.c **** #include <stdlib.h>
  30:Middlewares/Third_Party/FreeRTOS/Source/list.c **** #include "FreeRTOS.h"
  31:Middlewares/Third_Party/FreeRTOS/Source/list.c **** #include "list.h"
  32:Middlewares/Third_Party/FreeRTOS/Source/list.c **** 
  33:Middlewares/Third_Party/FreeRTOS/Source/list.c **** /*-----------------------------------------------------------
ARM GAS  /tmp/ccfAR4sG.s 			page 2


  34:Middlewares/Third_Party/FreeRTOS/Source/list.c ****  * PUBLIC LIST API documented in list.h
  35:Middlewares/Third_Party/FreeRTOS/Source/list.c ****  *----------------------------------------------------------*/
  36:Middlewares/Third_Party/FreeRTOS/Source/list.c **** 
  37:Middlewares/Third_Party/FreeRTOS/Source/list.c **** void vListInitialise( List_t * const pxList )
  38:Middlewares/Third_Party/FreeRTOS/Source/list.c **** {
  26              		.loc 1 38 0
  27              		.cfi_startproc
  28              		@ args = 0, pretend = 0, frame = 0
  29              		@ frame_needed = 0, uses_anonymous_args = 0
  30              		@ link register save eliminated.
  31              	.LVL0:
  39:Middlewares/Third_Party/FreeRTOS/Source/list.c **** 	/* The list structure contains a list item which is used to mark the
  40:Middlewares/Third_Party/FreeRTOS/Source/list.c **** 	end of the list.  To initialise the list the list end is inserted
  41:Middlewares/Third_Party/FreeRTOS/Source/list.c **** 	as the only list entry. */
  42:Middlewares/Third_Party/FreeRTOS/Source/list.c **** 	pxList->pxIndex = ( ListItem_t * ) &( pxList->xListEnd );			/*lint !e826 !e740 The mini list struc
  32              		.loc 1 42 0
  33 0000 0300     		movs	r3, r0
  34 0002 0833     		adds	r3, r3, #8
  35 0004 4360     		str	r3, [r0, #4]
  43:Middlewares/Third_Party/FreeRTOS/Source/list.c **** 
  44:Middlewares/Third_Party/FreeRTOS/Source/list.c **** 	/* The list end value is the highest possible value in the list to
  45:Middlewares/Third_Party/FreeRTOS/Source/list.c **** 	ensure it remains at the end of the list. */
  46:Middlewares/Third_Party/FreeRTOS/Source/list.c **** 	pxList->xListEnd.xItemValue = portMAX_DELAY;
  36              		.loc 1 46 0
  37 0006 0122     		movs	r2, #1
  38 0008 5242     		rsbs	r2, r2, #0
  39 000a 8260     		str	r2, [r0, #8]
  47:Middlewares/Third_Party/FreeRTOS/Source/list.c **** 
  48:Middlewares/Third_Party/FreeRTOS/Source/list.c **** 	/* The list end next and previous pointers point to itself so we know
  49:Middlewares/Third_Party/FreeRTOS/Source/list.c **** 	when the list is empty. */
  50:Middlewares/Third_Party/FreeRTOS/Source/list.c **** 	pxList->xListEnd.pxNext = ( ListItem_t * ) &( pxList->xListEnd );	/*lint !e826 !e740 The mini list
  40              		.loc 1 50 0
  41 000c C360     		str	r3, [r0, #12]
  51:Middlewares/Third_Party/FreeRTOS/Source/list.c **** 	pxList->xListEnd.pxPrevious = ( ListItem_t * ) &( pxList->xListEnd );/*lint !e826 !e740 The mini l
  42              		.loc 1 51 0
  43 000e 0361     		str	r3, [r0, #16]
  52:Middlewares/Third_Party/FreeRTOS/Source/list.c **** 
  53:Middlewares/Third_Party/FreeRTOS/Source/list.c **** 	pxList->uxNumberOfItems = ( UBaseType_t ) 0U;
  44              		.loc 1 53 0
  45 0010 0023     		movs	r3, #0
  46 0012 0360     		str	r3, [r0]
  54:Middlewares/Third_Party/FreeRTOS/Source/list.c **** 
  55:Middlewares/Third_Party/FreeRTOS/Source/list.c **** 	/* Write known values into the list if
  56:Middlewares/Third_Party/FreeRTOS/Source/list.c **** 	configUSE_LIST_DATA_INTEGRITY_CHECK_BYTES is set to 1. */
  57:Middlewares/Third_Party/FreeRTOS/Source/list.c **** 	listSET_LIST_INTEGRITY_CHECK_1_VALUE( pxList );
  58:Middlewares/Third_Party/FreeRTOS/Source/list.c **** 	listSET_LIST_INTEGRITY_CHECK_2_VALUE( pxList );
  59:Middlewares/Third_Party/FreeRTOS/Source/list.c **** }
  47              		.loc 1 59 0
  48              		@ sp needed
  49 0014 7047     		bx	lr
  50              		.cfi_endproc
  51              	.LFE0:
  53              		.section	.text.vListInitialiseItem,"ax",%progbits
  54              		.align	1
  55              		.global	vListInitialiseItem
  56              		.syntax unified
  57              		.code	16
ARM GAS  /tmp/ccfAR4sG.s 			page 3


  58              		.thumb_func
  59              		.fpu softvfp
  61              	vListInitialiseItem:
  62              	.LFB1:
  60:Middlewares/Third_Party/FreeRTOS/Source/list.c **** /*-----------------------------------------------------------*/
  61:Middlewares/Third_Party/FreeRTOS/Source/list.c **** 
  62:Middlewares/Third_Party/FreeRTOS/Source/list.c **** void vListInitialiseItem( ListItem_t * const pxItem )
  63:Middlewares/Third_Party/FreeRTOS/Source/list.c **** {
  63              		.loc 1 63 0
  64              		.cfi_startproc
  65              		@ args = 0, pretend = 0, frame = 0
  66              		@ frame_needed = 0, uses_anonymous_args = 0
  67              		@ link register save eliminated.
  68              	.LVL1:
  64:Middlewares/Third_Party/FreeRTOS/Source/list.c **** 	/* Make sure the list item is not recorded as being on a list. */
  65:Middlewares/Third_Party/FreeRTOS/Source/list.c **** 	pxItem->pvContainer = NULL;
  69              		.loc 1 65 0
  70 0000 0023     		movs	r3, #0
  71 0002 0361     		str	r3, [r0, #16]
  66:Middlewares/Third_Party/FreeRTOS/Source/list.c **** 
  67:Middlewares/Third_Party/FreeRTOS/Source/list.c **** 	/* Write known values into the list item if
  68:Middlewares/Third_Party/FreeRTOS/Source/list.c **** 	configUSE_LIST_DATA_INTEGRITY_CHECK_BYTES is set to 1. */
  69:Middlewares/Third_Party/FreeRTOS/Source/list.c **** 	listSET_FIRST_LIST_ITEM_INTEGRITY_CHECK_VALUE( pxItem );
  70:Middlewares/Third_Party/FreeRTOS/Source/list.c **** 	listSET_SECOND_LIST_ITEM_INTEGRITY_CHECK_VALUE( pxItem );
  71:Middlewares/Third_Party/FreeRTOS/Source/list.c **** }
  72              		.loc 1 71 0
  73              		@ sp needed
  74 0004 7047     		bx	lr
  75              		.cfi_endproc
  76              	.LFE1:
  78              		.section	.text.vListInsertEnd,"ax",%progbits
  79              		.align	1
  80              		.global	vListInsertEnd
  81              		.syntax unified
  82              		.code	16
  83              		.thumb_func
  84              		.fpu softvfp
  86              	vListInsertEnd:
  87              	.LFB2:
  72:Middlewares/Third_Party/FreeRTOS/Source/list.c **** /*-----------------------------------------------------------*/
  73:Middlewares/Third_Party/FreeRTOS/Source/list.c **** 
  74:Middlewares/Third_Party/FreeRTOS/Source/list.c **** void vListInsertEnd( List_t * const pxList, ListItem_t * const pxNewListItem )
  75:Middlewares/Third_Party/FreeRTOS/Source/list.c **** {
  88              		.loc 1 75 0
  89              		.cfi_startproc
  90              		@ args = 0, pretend = 0, frame = 0
  91              		@ frame_needed = 0, uses_anonymous_args = 0
  92              		@ link register save eliminated.
  93              	.LVL2:
  76:Middlewares/Third_Party/FreeRTOS/Source/list.c **** ListItem_t * const pxIndex = pxList->pxIndex;
  94              		.loc 1 76 0
  95 0000 4368     		ldr	r3, [r0, #4]
  96              	.LVL3:
  77:Middlewares/Third_Party/FreeRTOS/Source/list.c **** 
  78:Middlewares/Third_Party/FreeRTOS/Source/list.c **** 	/* Only effective when configASSERT() is also defined, these tests may catch
  79:Middlewares/Third_Party/FreeRTOS/Source/list.c **** 	the list data structures being overwritten in memory.  They will not catch
  80:Middlewares/Third_Party/FreeRTOS/Source/list.c **** 	data errors caused by incorrect configuration or use of FreeRTOS. */
ARM GAS  /tmp/ccfAR4sG.s 			page 4


  81:Middlewares/Third_Party/FreeRTOS/Source/list.c **** 	listTEST_LIST_INTEGRITY( pxList );
  82:Middlewares/Third_Party/FreeRTOS/Source/list.c **** 	listTEST_LIST_ITEM_INTEGRITY( pxNewListItem );
  83:Middlewares/Third_Party/FreeRTOS/Source/list.c **** 
  84:Middlewares/Third_Party/FreeRTOS/Source/list.c **** 	/* Insert a new list item into pxList, but rather than sort the list,
  85:Middlewares/Third_Party/FreeRTOS/Source/list.c **** 	makes the new list item the last item to be removed by a call to
  86:Middlewares/Third_Party/FreeRTOS/Source/list.c **** 	listGET_OWNER_OF_NEXT_ENTRY(). */
  87:Middlewares/Third_Party/FreeRTOS/Source/list.c **** 	pxNewListItem->pxNext = pxIndex;
  97              		.loc 1 87 0
  98 0002 4B60     		str	r3, [r1, #4]
  88:Middlewares/Third_Party/FreeRTOS/Source/list.c **** 	pxNewListItem->pxPrevious = pxIndex->pxPrevious;
  99              		.loc 1 88 0
 100 0004 9A68     		ldr	r2, [r3, #8]
 101 0006 8A60     		str	r2, [r1, #8]
  89:Middlewares/Third_Party/FreeRTOS/Source/list.c **** 
  90:Middlewares/Third_Party/FreeRTOS/Source/list.c **** 	/* Only used during decision coverage testing. */
  91:Middlewares/Third_Party/FreeRTOS/Source/list.c **** 	mtCOVERAGE_TEST_DELAY();
  92:Middlewares/Third_Party/FreeRTOS/Source/list.c **** 
  93:Middlewares/Third_Party/FreeRTOS/Source/list.c **** 	pxIndex->pxPrevious->pxNext = pxNewListItem;
 102              		.loc 1 93 0
 103 0008 9A68     		ldr	r2, [r3, #8]
 104 000a 5160     		str	r1, [r2, #4]
  94:Middlewares/Third_Party/FreeRTOS/Source/list.c **** 	pxIndex->pxPrevious = pxNewListItem;
 105              		.loc 1 94 0
 106 000c 9960     		str	r1, [r3, #8]
  95:Middlewares/Third_Party/FreeRTOS/Source/list.c **** 
  96:Middlewares/Third_Party/FreeRTOS/Source/list.c **** 	/* Remember which list the item is in. */
  97:Middlewares/Third_Party/FreeRTOS/Source/list.c **** 	pxNewListItem->pvContainer = ( void * ) pxList;
 107              		.loc 1 97 0
 108 000e 0861     		str	r0, [r1, #16]
  98:Middlewares/Third_Party/FreeRTOS/Source/list.c **** 
  99:Middlewares/Third_Party/FreeRTOS/Source/list.c **** 	( pxList->uxNumberOfItems )++;
 109              		.loc 1 99 0
 110 0010 0368     		ldr	r3, [r0]
 111              	.LVL4:
 112 0012 0133     		adds	r3, r3, #1
 113 0014 0360     		str	r3, [r0]
 100:Middlewares/Third_Party/FreeRTOS/Source/list.c **** }
 114              		.loc 1 100 0
 115              		@ sp needed
 116 0016 7047     		bx	lr
 117              		.cfi_endproc
 118              	.LFE2:
 120              		.section	.text.vListInsert,"ax",%progbits
 121              		.align	1
 122              		.global	vListInsert
 123              		.syntax unified
 124              		.code	16
 125              		.thumb_func
 126              		.fpu softvfp
 128              	vListInsert:
 129              	.LFB3:
 101:Middlewares/Third_Party/FreeRTOS/Source/list.c **** /*-----------------------------------------------------------*/
 102:Middlewares/Third_Party/FreeRTOS/Source/list.c **** 
 103:Middlewares/Third_Party/FreeRTOS/Source/list.c **** void vListInsert( List_t * const pxList, ListItem_t * const pxNewListItem )
 104:Middlewares/Third_Party/FreeRTOS/Source/list.c **** {
 130              		.loc 1 104 0
 131              		.cfi_startproc
ARM GAS  /tmp/ccfAR4sG.s 			page 5


 132              		@ args = 0, pretend = 0, frame = 0
 133              		@ frame_needed = 0, uses_anonymous_args = 0
 134              	.LVL5:
 135 0000 30B5     		push	{r4, r5, lr}
 136              	.LCFI0:
 137              		.cfi_def_cfa_offset 12
 138              		.cfi_offset 4, -12
 139              		.cfi_offset 5, -8
 140              		.cfi_offset 14, -4
 105:Middlewares/Third_Party/FreeRTOS/Source/list.c **** ListItem_t *pxIterator;
 106:Middlewares/Third_Party/FreeRTOS/Source/list.c **** const TickType_t xValueOfInsertion = pxNewListItem->xItemValue;
 141              		.loc 1 106 0
 142 0002 0C68     		ldr	r4, [r1]
 143              	.LVL6:
 107:Middlewares/Third_Party/FreeRTOS/Source/list.c **** 
 108:Middlewares/Third_Party/FreeRTOS/Source/list.c **** 	/* Only effective when configASSERT() is also defined, these tests may catch
 109:Middlewares/Third_Party/FreeRTOS/Source/list.c **** 	the list data structures being overwritten in memory.  They will not catch
 110:Middlewares/Third_Party/FreeRTOS/Source/list.c **** 	data errors caused by incorrect configuration or use of FreeRTOS. */
 111:Middlewares/Third_Party/FreeRTOS/Source/list.c **** 	listTEST_LIST_INTEGRITY( pxList );
 112:Middlewares/Third_Party/FreeRTOS/Source/list.c **** 	listTEST_LIST_ITEM_INTEGRITY( pxNewListItem );
 113:Middlewares/Third_Party/FreeRTOS/Source/list.c **** 
 114:Middlewares/Third_Party/FreeRTOS/Source/list.c **** 	/* Insert the new list item into the list, sorted in xItemValue order.
 115:Middlewares/Third_Party/FreeRTOS/Source/list.c **** 
 116:Middlewares/Third_Party/FreeRTOS/Source/list.c **** 	If the list already contains a list item with the same item value then the
 117:Middlewares/Third_Party/FreeRTOS/Source/list.c **** 	new list item should be placed after it.  This ensures that TCB's which are
 118:Middlewares/Third_Party/FreeRTOS/Source/list.c **** 	stored in ready lists (all of which have the same xItemValue value) get a
 119:Middlewares/Third_Party/FreeRTOS/Source/list.c **** 	share of the CPU.  However, if the xItemValue is the same as the back marker
 120:Middlewares/Third_Party/FreeRTOS/Source/list.c **** 	the iteration loop below will not end.  Therefore the value is checked
 121:Middlewares/Third_Party/FreeRTOS/Source/list.c **** 	first, and the algorithm slightly modified if necessary. */
 122:Middlewares/Third_Party/FreeRTOS/Source/list.c **** 	if( xValueOfInsertion == portMAX_DELAY )
 144              		.loc 1 122 0
 145 0004 631C     		adds	r3, r4, #1
 146 0006 02D0     		beq	.L9
 123:Middlewares/Third_Party/FreeRTOS/Source/list.c **** 	{
 124:Middlewares/Third_Party/FreeRTOS/Source/list.c **** 		pxIterator = pxList->xListEnd.pxPrevious;
 125:Middlewares/Third_Party/FreeRTOS/Source/list.c **** 	}
 126:Middlewares/Third_Party/FreeRTOS/Source/list.c **** 	else
 127:Middlewares/Third_Party/FreeRTOS/Source/list.c **** 	{
 128:Middlewares/Third_Party/FreeRTOS/Source/list.c **** 		/* *** NOTE ***********************************************************
 129:Middlewares/Third_Party/FreeRTOS/Source/list.c **** 		If you find your application is crashing here then likely causes are
 130:Middlewares/Third_Party/FreeRTOS/Source/list.c **** 		listed below.  In addition see http://www.freertos.org/FAQHelp.html for
 131:Middlewares/Third_Party/FreeRTOS/Source/list.c **** 		more tips, and ensure configASSERT() is defined!
 132:Middlewares/Third_Party/FreeRTOS/Source/list.c **** 		http://www.freertos.org/a00110.html#configASSERT
 133:Middlewares/Third_Party/FreeRTOS/Source/list.c **** 
 134:Middlewares/Third_Party/FreeRTOS/Source/list.c **** 			1) Stack overflow -
 135:Middlewares/Third_Party/FreeRTOS/Source/list.c **** 			   see http://www.freertos.org/Stacks-and-stack-overflow-checking.html
 136:Middlewares/Third_Party/FreeRTOS/Source/list.c **** 			2) Incorrect interrupt priority assignment, especially on Cortex-M
 137:Middlewares/Third_Party/FreeRTOS/Source/list.c **** 			   parts where numerically high priority values denote low actual
 138:Middlewares/Third_Party/FreeRTOS/Source/list.c **** 			   interrupt priorities, which can seem counter intuitive.  See
 139:Middlewares/Third_Party/FreeRTOS/Source/list.c **** 			   http://www.freertos.org/RTOS-Cortex-M3-M4.html and the definition
 140:Middlewares/Third_Party/FreeRTOS/Source/list.c **** 			   of configMAX_SYSCALL_INTERRUPT_PRIORITY on
 141:Middlewares/Third_Party/FreeRTOS/Source/list.c **** 			   http://www.freertos.org/a00110.html
 142:Middlewares/Third_Party/FreeRTOS/Source/list.c **** 			3) Calling an API function from within a critical section or when
 143:Middlewares/Third_Party/FreeRTOS/Source/list.c **** 			   the scheduler is suspended, or calling an API function that does
 144:Middlewares/Third_Party/FreeRTOS/Source/list.c **** 			   not end in "FromISR" from an interrupt.
 145:Middlewares/Third_Party/FreeRTOS/Source/list.c **** 			4) Using a queue or semaphore before it has been initialised or
 146:Middlewares/Third_Party/FreeRTOS/Source/list.c **** 			   before the scheduler has been started (are interrupts firing
ARM GAS  /tmp/ccfAR4sG.s 			page 6


 147:Middlewares/Third_Party/FreeRTOS/Source/list.c **** 			   before vTaskStartScheduler() has been called?).
 148:Middlewares/Third_Party/FreeRTOS/Source/list.c **** 		**********************************************************************/
 149:Middlewares/Third_Party/FreeRTOS/Source/list.c **** 
 150:Middlewares/Third_Party/FreeRTOS/Source/list.c **** 		for( pxIterator = ( ListItem_t * ) &( pxList->xListEnd ); pxIterator->pxNext->xItemValue <= xValu
 147              		.loc 1 150 0
 148 0008 0200     		movs	r2, r0
 149 000a 0832     		adds	r2, r2, #8
 150              	.LVL7:
 151 000c 02E0     		b	.L7
 152              	.LVL8:
 153              	.L9:
 124:Middlewares/Third_Party/FreeRTOS/Source/list.c **** 	}
 154              		.loc 1 124 0
 155 000e 0269     		ldr	r2, [r0, #16]
 156              	.LVL9:
 157 0010 04E0     		b	.L6
 158              	.L8:
 159              		.loc 1 150 0
 160 0012 1A00     		movs	r2, r3
 161              	.LVL10:
 162              	.L7:
 163              		.loc 1 150 0 is_stmt 0 discriminator 1
 164 0014 5368     		ldr	r3, [r2, #4]
 165 0016 1D68     		ldr	r5, [r3]
 166 0018 A542     		cmp	r5, r4
 167 001a FAD9     		bls	.L8
 168              	.L6:
 151:Middlewares/Third_Party/FreeRTOS/Source/list.c **** 		{
 152:Middlewares/Third_Party/FreeRTOS/Source/list.c **** 			/* There is nothing to do here, just iterating to the wanted
 153:Middlewares/Third_Party/FreeRTOS/Source/list.c **** 			insertion position. */
 154:Middlewares/Third_Party/FreeRTOS/Source/list.c **** 		}
 155:Middlewares/Third_Party/FreeRTOS/Source/list.c **** 	}
 156:Middlewares/Third_Party/FreeRTOS/Source/list.c **** 
 157:Middlewares/Third_Party/FreeRTOS/Source/list.c **** 	pxNewListItem->pxNext = pxIterator->pxNext;
 169              		.loc 1 157 0 is_stmt 1
 170 001c 5368     		ldr	r3, [r2, #4]
 171 001e 4B60     		str	r3, [r1, #4]
 158:Middlewares/Third_Party/FreeRTOS/Source/list.c **** 	pxNewListItem->pxNext->pxPrevious = pxNewListItem;
 172              		.loc 1 158 0
 173 0020 9960     		str	r1, [r3, #8]
 159:Middlewares/Third_Party/FreeRTOS/Source/list.c **** 	pxNewListItem->pxPrevious = pxIterator;
 174              		.loc 1 159 0
 175 0022 8A60     		str	r2, [r1, #8]
 160:Middlewares/Third_Party/FreeRTOS/Source/list.c **** 	pxIterator->pxNext = pxNewListItem;
 176              		.loc 1 160 0
 177 0024 5160     		str	r1, [r2, #4]
 161:Middlewares/Third_Party/FreeRTOS/Source/list.c **** 
 162:Middlewares/Third_Party/FreeRTOS/Source/list.c **** 	/* Remember which list the item is in.  This allows fast removal of the
 163:Middlewares/Third_Party/FreeRTOS/Source/list.c **** 	item later. */
 164:Middlewares/Third_Party/FreeRTOS/Source/list.c **** 	pxNewListItem->pvContainer = ( void * ) pxList;
 178              		.loc 1 164 0
 179 0026 0861     		str	r0, [r1, #16]
 165:Middlewares/Third_Party/FreeRTOS/Source/list.c **** 
 166:Middlewares/Third_Party/FreeRTOS/Source/list.c **** 	( pxList->uxNumberOfItems )++;
 180              		.loc 1 166 0
 181 0028 0368     		ldr	r3, [r0]
 182 002a 0133     		adds	r3, r3, #1
ARM GAS  /tmp/ccfAR4sG.s 			page 7


 183 002c 0360     		str	r3, [r0]
 167:Middlewares/Third_Party/FreeRTOS/Source/list.c **** }
 184              		.loc 1 167 0
 185              		@ sp needed
 186              	.LVL11:
 187 002e 30BD     		pop	{r4, r5, pc}
 188              		.cfi_endproc
 189              	.LFE3:
 191              		.section	.text.uxListRemove,"ax",%progbits
 192              		.align	1
 193              		.global	uxListRemove
 194              		.syntax unified
 195              		.code	16
 196              		.thumb_func
 197              		.fpu softvfp
 199              	uxListRemove:
 200              	.LFB4:
 168:Middlewares/Third_Party/FreeRTOS/Source/list.c **** /*-----------------------------------------------------------*/
 169:Middlewares/Third_Party/FreeRTOS/Source/list.c **** 
 170:Middlewares/Third_Party/FreeRTOS/Source/list.c **** UBaseType_t uxListRemove( ListItem_t * const pxItemToRemove )
 171:Middlewares/Third_Party/FreeRTOS/Source/list.c **** {
 201              		.loc 1 171 0
 202              		.cfi_startproc
 203              		@ args = 0, pretend = 0, frame = 0
 204              		@ frame_needed = 0, uses_anonymous_args = 0
 205              		@ link register save eliminated.
 206              	.LVL12:
 172:Middlewares/Third_Party/FreeRTOS/Source/list.c **** /* The list item knows which list it is in.  Obtain the list from the list
 173:Middlewares/Third_Party/FreeRTOS/Source/list.c **** item. */
 174:Middlewares/Third_Party/FreeRTOS/Source/list.c **** List_t * const pxList = ( List_t * ) pxItemToRemove->pvContainer;
 207              		.loc 1 174 0
 208 0000 0369     		ldr	r3, [r0, #16]
 209              	.LVL13:
 175:Middlewares/Third_Party/FreeRTOS/Source/list.c **** 
 176:Middlewares/Third_Party/FreeRTOS/Source/list.c **** 	pxItemToRemove->pxNext->pxPrevious = pxItemToRemove->pxPrevious;
 210              		.loc 1 176 0
 211 0002 4268     		ldr	r2, [r0, #4]
 212 0004 8168     		ldr	r1, [r0, #8]
 213 0006 9160     		str	r1, [r2, #8]
 177:Middlewares/Third_Party/FreeRTOS/Source/list.c **** 	pxItemToRemove->pxPrevious->pxNext = pxItemToRemove->pxNext;
 214              		.loc 1 177 0
 215 0008 8268     		ldr	r2, [r0, #8]
 216 000a 4168     		ldr	r1, [r0, #4]
 217 000c 5160     		str	r1, [r2, #4]
 178:Middlewares/Third_Party/FreeRTOS/Source/list.c **** 
 179:Middlewares/Third_Party/FreeRTOS/Source/list.c **** 	/* Only used during decision coverage testing. */
 180:Middlewares/Third_Party/FreeRTOS/Source/list.c **** 	mtCOVERAGE_TEST_DELAY();
 181:Middlewares/Third_Party/FreeRTOS/Source/list.c **** 
 182:Middlewares/Third_Party/FreeRTOS/Source/list.c **** 	/* Make sure the index is left pointing to a valid item. */
 183:Middlewares/Third_Party/FreeRTOS/Source/list.c **** 	if( pxList->pxIndex == pxItemToRemove )
 218              		.loc 1 183 0
 219 000e 5A68     		ldr	r2, [r3, #4]
 220 0010 8242     		cmp	r2, r0
 221 0012 06D0     		beq	.L12
 222              	.L11:
 184:Middlewares/Third_Party/FreeRTOS/Source/list.c **** 	{
 185:Middlewares/Third_Party/FreeRTOS/Source/list.c **** 		pxList->pxIndex = pxItemToRemove->pxPrevious;
ARM GAS  /tmp/ccfAR4sG.s 			page 8


 186:Middlewares/Third_Party/FreeRTOS/Source/list.c **** 	}
 187:Middlewares/Third_Party/FreeRTOS/Source/list.c **** 	else
 188:Middlewares/Third_Party/FreeRTOS/Source/list.c **** 	{
 189:Middlewares/Third_Party/FreeRTOS/Source/list.c **** 		mtCOVERAGE_TEST_MARKER();
 190:Middlewares/Third_Party/FreeRTOS/Source/list.c **** 	}
 191:Middlewares/Third_Party/FreeRTOS/Source/list.c **** 
 192:Middlewares/Third_Party/FreeRTOS/Source/list.c **** 	pxItemToRemove->pvContainer = NULL;
 223              		.loc 1 192 0
 224 0014 0022     		movs	r2, #0
 225 0016 0261     		str	r2, [r0, #16]
 193:Middlewares/Third_Party/FreeRTOS/Source/list.c **** 	( pxList->uxNumberOfItems )--;
 226              		.loc 1 193 0
 227 0018 1A68     		ldr	r2, [r3]
 228 001a 013A     		subs	r2, r2, #1
 229 001c 1A60     		str	r2, [r3]
 194:Middlewares/Third_Party/FreeRTOS/Source/list.c **** 
 195:Middlewares/Third_Party/FreeRTOS/Source/list.c **** 	return pxList->uxNumberOfItems;
 230              		.loc 1 195 0
 231 001e 1868     		ldr	r0, [r3]
 232              	.LVL14:
 196:Middlewares/Third_Party/FreeRTOS/Source/list.c **** }
 233              		.loc 1 196 0
 234              		@ sp needed
 235 0020 7047     		bx	lr
 236              	.LVL15:
 237              	.L12:
 185:Middlewares/Third_Party/FreeRTOS/Source/list.c **** 	}
 238              		.loc 1 185 0
 239 0022 8268     		ldr	r2, [r0, #8]
 240 0024 5A60     		str	r2, [r3, #4]
 241 0026 F5E7     		b	.L11
 242              		.cfi_endproc
 243              	.LFE4:
 245              		.text
 246              	.Letext0:
 247              		.file 2 "/opt/gcc-arm-none-eabi-7-2018-q2-update/arm-none-eabi/include/machine/_default_types.h"
 248              		.file 3 "/opt/gcc-arm-none-eabi-7-2018-q2-update/arm-none-eabi/include/sys/lock.h"
 249              		.file 4 "/opt/gcc-arm-none-eabi-7-2018-q2-update/arm-none-eabi/include/sys/_types.h"
 250              		.file 5 "/opt/gcc-arm-none-eabi-7-2018-q2-update/lib/gcc/arm-none-eabi/7.3.1/include/stddef.h"
 251              		.file 6 "/opt/gcc-arm-none-eabi-7-2018-q2-update/arm-none-eabi/include/sys/reent.h"
 252              		.file 7 "/opt/gcc-arm-none-eabi-7-2018-q2-update/arm-none-eabi/include/stdlib.h"
 253              		.file 8 "/opt/gcc-arm-none-eabi-7-2018-q2-update/arm-none-eabi/include/sys/_stdint.h"
 254              		.file 9 "Inc/FreeRTOSConfig.h"
 255              		.file 10 "Middlewares/Third_Party/FreeRTOS/Source/portable/GCC/ARM_CM0/portmacro.h"
 256              		.file 11 "Middlewares/Third_Party/FreeRTOS/Source/include/list.h"
ARM GAS  /tmp/ccfAR4sG.s 			page 9


DEFINED SYMBOLS
                            *ABS*:0000000000000000 list.c
     /tmp/ccfAR4sG.s:16     .text.vListInitialise:0000000000000000 $t
     /tmp/ccfAR4sG.s:23     .text.vListInitialise:0000000000000000 vListInitialise
     /tmp/ccfAR4sG.s:54     .text.vListInitialiseItem:0000000000000000 $t
     /tmp/ccfAR4sG.s:61     .text.vListInitialiseItem:0000000000000000 vListInitialiseItem
     /tmp/ccfAR4sG.s:79     .text.vListInsertEnd:0000000000000000 $t
     /tmp/ccfAR4sG.s:86     .text.vListInsertEnd:0000000000000000 vListInsertEnd
     /tmp/ccfAR4sG.s:121    .text.vListInsert:0000000000000000 $t
     /tmp/ccfAR4sG.s:128    .text.vListInsert:0000000000000000 vListInsert
     /tmp/ccfAR4sG.s:192    .text.uxListRemove:0000000000000000 $t
     /tmp/ccfAR4sG.s:199    .text.uxListRemove:0000000000000000 uxListRemove

NO UNDEFINED SYMBOLS
