ARM GAS  /tmp/cc9kQGo6.s 			page 1


   1              		.cpu cortex-m0
   2              		.eabi_attribute 20, 1
   3              		.eabi_attribute 21, 1
   4              		.eabi_attribute 23, 3
   5              		.eabi_attribute 24, 1
   6              		.eabi_attribute 25, 1
   7              		.eabi_attribute 26, 1
   8              		.eabi_attribute 30, 1
   9              		.eabi_attribute 34, 0
  10              		.eabi_attribute 18, 4
  11              		.file	"stm32f0xx_hal_gpio.c"
  12              		.text
  13              	.Ltext0:
  14              		.cfi_sections	.debug_frame
  15              		.section	.text.HAL_GPIO_Init,"ax",%progbits
  16              		.align	1
  17              		.global	HAL_GPIO_Init
  18              		.syntax unified
  19              		.code	16
  20              		.thumb_func
  21              		.fpu softvfp
  23              	HAL_GPIO_Init:
  24              	.LFB40:
  25              		.file 1 "Drivers/STM32F0xx_HAL_Driver/Src/stm32f0xx_hal_gpio.c"
   1:Drivers/STM32F0xx_HAL_Driver/Src/stm32f0xx_hal_gpio.c **** /**
   2:Drivers/STM32F0xx_HAL_Driver/Src/stm32f0xx_hal_gpio.c ****   ******************************************************************************
   3:Drivers/STM32F0xx_HAL_Driver/Src/stm32f0xx_hal_gpio.c ****   * @file    stm32f0xx_hal_gpio.c
   4:Drivers/STM32F0xx_HAL_Driver/Src/stm32f0xx_hal_gpio.c ****   * @author  MCD Application Team
   5:Drivers/STM32F0xx_HAL_Driver/Src/stm32f0xx_hal_gpio.c ****   * @brief   GPIO HAL module driver.
   6:Drivers/STM32F0xx_HAL_Driver/Src/stm32f0xx_hal_gpio.c ****   *          This file provides firmware functions to manage the following 
   7:Drivers/STM32F0xx_HAL_Driver/Src/stm32f0xx_hal_gpio.c ****   *          functionalities of the General Purpose Input/Output (GPIO) peripheral:
   8:Drivers/STM32F0xx_HAL_Driver/Src/stm32f0xx_hal_gpio.c ****   *           + Initialization and de-initialization functions
   9:Drivers/STM32F0xx_HAL_Driver/Src/stm32f0xx_hal_gpio.c ****   *           + IO operation functions
  10:Drivers/STM32F0xx_HAL_Driver/Src/stm32f0xx_hal_gpio.c ****   *         
  11:Drivers/STM32F0xx_HAL_Driver/Src/stm32f0xx_hal_gpio.c ****   @verbatim
  12:Drivers/STM32F0xx_HAL_Driver/Src/stm32f0xx_hal_gpio.c ****   ==============================================================================
  13:Drivers/STM32F0xx_HAL_Driver/Src/stm32f0xx_hal_gpio.c ****                     ##### GPIO Peripheral features #####
  14:Drivers/STM32F0xx_HAL_Driver/Src/stm32f0xx_hal_gpio.c ****   ==============================================================================         
  15:Drivers/STM32F0xx_HAL_Driver/Src/stm32f0xx_hal_gpio.c ****   [..] 
  16:Drivers/STM32F0xx_HAL_Driver/Src/stm32f0xx_hal_gpio.c ****     (+) Each port bit of the general-purpose I/O (GPIO) ports can be individually
  17:Drivers/STM32F0xx_HAL_Driver/Src/stm32f0xx_hal_gpio.c ****   configured by software in several modes:
  18:Drivers/STM32F0xx_HAL_Driver/Src/stm32f0xx_hal_gpio.c ****         (++) Input mode
  19:Drivers/STM32F0xx_HAL_Driver/Src/stm32f0xx_hal_gpio.c ****         (++) Analog mode
  20:Drivers/STM32F0xx_HAL_Driver/Src/stm32f0xx_hal_gpio.c ****         (++) Output mode
  21:Drivers/STM32F0xx_HAL_Driver/Src/stm32f0xx_hal_gpio.c ****         (++) Alternate function mode
  22:Drivers/STM32F0xx_HAL_Driver/Src/stm32f0xx_hal_gpio.c ****         (++) External interrupt/event lines
  23:Drivers/STM32F0xx_HAL_Driver/Src/stm32f0xx_hal_gpio.c ****  
  24:Drivers/STM32F0xx_HAL_Driver/Src/stm32f0xx_hal_gpio.c ****     (+) During and just after reset, the alternate functions and external interrupt
  25:Drivers/STM32F0xx_HAL_Driver/Src/stm32f0xx_hal_gpio.c ****   lines are not active and the I/O ports are configured in input floating mode.
  26:Drivers/STM32F0xx_HAL_Driver/Src/stm32f0xx_hal_gpio.c ****   
  27:Drivers/STM32F0xx_HAL_Driver/Src/stm32f0xx_hal_gpio.c ****     (+) All GPIO pins have weak internal pull-up and pull-down resistors, which can be
  28:Drivers/STM32F0xx_HAL_Driver/Src/stm32f0xx_hal_gpio.c ****   activated or not.
  29:Drivers/STM32F0xx_HAL_Driver/Src/stm32f0xx_hal_gpio.c ****            
  30:Drivers/STM32F0xx_HAL_Driver/Src/stm32f0xx_hal_gpio.c ****     (+) In Output or Alternate mode, each IO can be configured on open-drain or push-pull
  31:Drivers/STM32F0xx_HAL_Driver/Src/stm32f0xx_hal_gpio.c ****   type and the IO speed can be selected depending on the VDD value.
  32:Drivers/STM32F0xx_HAL_Driver/Src/stm32f0xx_hal_gpio.c ****        
  33:Drivers/STM32F0xx_HAL_Driver/Src/stm32f0xx_hal_gpio.c ****     (+) The microcontroller IO pins are connected to onboard peripherals/modules through a
ARM GAS  /tmp/cc9kQGo6.s 			page 2


  34:Drivers/STM32F0xx_HAL_Driver/Src/stm32f0xx_hal_gpio.c ****         multiplexer that allows only one peripheral alternate function (AF) connected
  35:Drivers/STM32F0xx_HAL_Driver/Src/stm32f0xx_hal_gpio.c ****   to an IO pin at a time. In this way, there can be no conflict between peripherals 
  36:Drivers/STM32F0xx_HAL_Driver/Src/stm32f0xx_hal_gpio.c ****   sharing the same IO pin. 
  37:Drivers/STM32F0xx_HAL_Driver/Src/stm32f0xx_hal_gpio.c ****   
  38:Drivers/STM32F0xx_HAL_Driver/Src/stm32f0xx_hal_gpio.c ****     (+) All ports have external interrupt/event capability. To use external interrupt
  39:Drivers/STM32F0xx_HAL_Driver/Src/stm32f0xx_hal_gpio.c ****   lines, the port must be configured in input mode. All available GPIO pins are 
  40:Drivers/STM32F0xx_HAL_Driver/Src/stm32f0xx_hal_gpio.c ****   connected to the 16 external interrupt/event lines from EXTI0 to EXTI15.
  41:Drivers/STM32F0xx_HAL_Driver/Src/stm32f0xx_hal_gpio.c ****   
  42:Drivers/STM32F0xx_HAL_Driver/Src/stm32f0xx_hal_gpio.c ****     (+) The external interrupt/event controller consists of up to 28 edge detectors
  43:Drivers/STM32F0xx_HAL_Driver/Src/stm32f0xx_hal_gpio.c ****         (16 lines are connected to GPIO) for generating event/interrupt requests (each
  44:Drivers/STM32F0xx_HAL_Driver/Src/stm32f0xx_hal_gpio.c ****         input line can be independently configured to select the type (interrupt or event)
  45:Drivers/STM32F0xx_HAL_Driver/Src/stm32f0xx_hal_gpio.c ****         and the corresponding trigger event (rising or falling or both). Each line can
  46:Drivers/STM32F0xx_HAL_Driver/Src/stm32f0xx_hal_gpio.c ****         also be masked independently.
  47:Drivers/STM32F0xx_HAL_Driver/Src/stm32f0xx_hal_gpio.c ****    
  48:Drivers/STM32F0xx_HAL_Driver/Src/stm32f0xx_hal_gpio.c ****             ##### How to use this driver #####
  49:Drivers/STM32F0xx_HAL_Driver/Src/stm32f0xx_hal_gpio.c ****   ==============================================================================  
  50:Drivers/STM32F0xx_HAL_Driver/Src/stm32f0xx_hal_gpio.c ****   [..]
  51:Drivers/STM32F0xx_HAL_Driver/Src/stm32f0xx_hal_gpio.c ****    (#) Enable the GPIO AHB clock using the following function : __HAL_RCC_GPIOx_CLK_ENABLE(). 
  52:Drivers/STM32F0xx_HAL_Driver/Src/stm32f0xx_hal_gpio.c ****                                     
  53:Drivers/STM32F0xx_HAL_Driver/Src/stm32f0xx_hal_gpio.c ****    (#) Configure the GPIO pin(s) using HAL_GPIO_Init().
  54:Drivers/STM32F0xx_HAL_Driver/Src/stm32f0xx_hal_gpio.c ****        (++) Configure the IO mode using "Mode" member from GPIO_InitTypeDef structure
  55:Drivers/STM32F0xx_HAL_Driver/Src/stm32f0xx_hal_gpio.c ****        (++) Activate Pull-up, Pull-down resistor using "Pull" member from GPIO_InitTypeDef 
  56:Drivers/STM32F0xx_HAL_Driver/Src/stm32f0xx_hal_gpio.c ****             structure.
  57:Drivers/STM32F0xx_HAL_Driver/Src/stm32f0xx_hal_gpio.c ****        (++) In case of Output or alternate function mode selection: the speed is 
  58:Drivers/STM32F0xx_HAL_Driver/Src/stm32f0xx_hal_gpio.c ****              configured through "Speed" member from GPIO_InitTypeDef structure.
  59:Drivers/STM32F0xx_HAL_Driver/Src/stm32f0xx_hal_gpio.c ****         (++) In alternate mode is selection, the alternate function connected to the IO
  60:Drivers/STM32F0xx_HAL_Driver/Src/stm32f0xx_hal_gpio.c ****              is configured through "Alternate" member from GPIO_InitTypeDef structure.
  61:Drivers/STM32F0xx_HAL_Driver/Src/stm32f0xx_hal_gpio.c ****        (++) Analog mode is required when a pin is to be used as ADC channel 
  62:Drivers/STM32F0xx_HAL_Driver/Src/stm32f0xx_hal_gpio.c ****             or DAC output.
  63:Drivers/STM32F0xx_HAL_Driver/Src/stm32f0xx_hal_gpio.c ****        (++) In case of external interrupt/event selection the "Mode" member from 
  64:Drivers/STM32F0xx_HAL_Driver/Src/stm32f0xx_hal_gpio.c ****             GPIO_InitTypeDef structure select the type (interrupt or event) and 
  65:Drivers/STM32F0xx_HAL_Driver/Src/stm32f0xx_hal_gpio.c ****             the corresponding trigger event (rising or falling or both).
  66:Drivers/STM32F0xx_HAL_Driver/Src/stm32f0xx_hal_gpio.c ****   
  67:Drivers/STM32F0xx_HAL_Driver/Src/stm32f0xx_hal_gpio.c ****    (#) In case of external interrupt/event mode selection, configure NVIC IRQ priority 
  68:Drivers/STM32F0xx_HAL_Driver/Src/stm32f0xx_hal_gpio.c ****        mapped to the EXTI line using HAL_NVIC_SetPriority() and enable it using
  69:Drivers/STM32F0xx_HAL_Driver/Src/stm32f0xx_hal_gpio.c ****        HAL_NVIC_EnableIRQ().
  70:Drivers/STM32F0xx_HAL_Driver/Src/stm32f0xx_hal_gpio.c ****   
  71:Drivers/STM32F0xx_HAL_Driver/Src/stm32f0xx_hal_gpio.c ****    (#) HAL_GPIO_DeInit allows to set register values to their reset value. It's also 
  72:Drivers/STM32F0xx_HAL_Driver/Src/stm32f0xx_hal_gpio.c ****        recommended to use it to unconfigure pin which was used as an external interrupt 
  73:Drivers/STM32F0xx_HAL_Driver/Src/stm32f0xx_hal_gpio.c ****        or in event mode. That's the only way to reset corresponding bit in EXTI & SYSCFG 
  74:Drivers/STM32F0xx_HAL_Driver/Src/stm32f0xx_hal_gpio.c ****        registers.
  75:Drivers/STM32F0xx_HAL_Driver/Src/stm32f0xx_hal_gpio.c ****   
  76:Drivers/STM32F0xx_HAL_Driver/Src/stm32f0xx_hal_gpio.c ****    (#) To get the level of a pin configured in input mode use HAL_GPIO_ReadPin().
  77:Drivers/STM32F0xx_HAL_Driver/Src/stm32f0xx_hal_gpio.c ****   
  78:Drivers/STM32F0xx_HAL_Driver/Src/stm32f0xx_hal_gpio.c ****    (#) To set/reset the level of a pin configured in output mode use 
  79:Drivers/STM32F0xx_HAL_Driver/Src/stm32f0xx_hal_gpio.c ****        HAL_GPIO_WritePin()/HAL_GPIO_TogglePin().
  80:Drivers/STM32F0xx_HAL_Driver/Src/stm32f0xx_hal_gpio.c ****   
  81:Drivers/STM32F0xx_HAL_Driver/Src/stm32f0xx_hal_gpio.c ****    (#) To lock pin configuration until next reset use HAL_GPIO_LockPin().
  82:Drivers/STM32F0xx_HAL_Driver/Src/stm32f0xx_hal_gpio.c ****   
  83:Drivers/STM32F0xx_HAL_Driver/Src/stm32f0xx_hal_gpio.c ****    (#) During and just after reset, the alternate functions are not 
  84:Drivers/STM32F0xx_HAL_Driver/Src/stm32f0xx_hal_gpio.c ****        active and the GPIO pins are configured in input floating mode (except JTAG
  85:Drivers/STM32F0xx_HAL_Driver/Src/stm32f0xx_hal_gpio.c ****        pins).
  86:Drivers/STM32F0xx_HAL_Driver/Src/stm32f0xx_hal_gpio.c ****   
  87:Drivers/STM32F0xx_HAL_Driver/Src/stm32f0xx_hal_gpio.c ****    (#) The LSE oscillator pins OSC32_IN and OSC32_OUT can be used as general purpose 
  88:Drivers/STM32F0xx_HAL_Driver/Src/stm32f0xx_hal_gpio.c ****        (PC14 and PC15, respectively) when the LSE oscillator is off. The LSE has 
  89:Drivers/STM32F0xx_HAL_Driver/Src/stm32f0xx_hal_gpio.c ****        priority over the GPIO function.
  90:Drivers/STM32F0xx_HAL_Driver/Src/stm32f0xx_hal_gpio.c ****   
ARM GAS  /tmp/cc9kQGo6.s 			page 3


  91:Drivers/STM32F0xx_HAL_Driver/Src/stm32f0xx_hal_gpio.c ****    (#) The HSE oscillator pins OSC_IN/OSC_OUT can be used as 
  92:Drivers/STM32F0xx_HAL_Driver/Src/stm32f0xx_hal_gpio.c ****         general purpose PF0 and PF1, respectively, when the HSE oscillator is off.
  93:Drivers/STM32F0xx_HAL_Driver/Src/stm32f0xx_hal_gpio.c ****        The HSE has priority over the GPIO function.
  94:Drivers/STM32F0xx_HAL_Driver/Src/stm32f0xx_hal_gpio.c ****   
  95:Drivers/STM32F0xx_HAL_Driver/Src/stm32f0xx_hal_gpio.c ****   @endverbatim
  96:Drivers/STM32F0xx_HAL_Driver/Src/stm32f0xx_hal_gpio.c ****   ******************************************************************************
  97:Drivers/STM32F0xx_HAL_Driver/Src/stm32f0xx_hal_gpio.c ****   * @attention
  98:Drivers/STM32F0xx_HAL_Driver/Src/stm32f0xx_hal_gpio.c ****   *
  99:Drivers/STM32F0xx_HAL_Driver/Src/stm32f0xx_hal_gpio.c ****   * <h2><center>&copy; Copyright (c) 2016 STMicroelectronics.
 100:Drivers/STM32F0xx_HAL_Driver/Src/stm32f0xx_hal_gpio.c ****   * All rights reserved.</center></h2>
 101:Drivers/STM32F0xx_HAL_Driver/Src/stm32f0xx_hal_gpio.c ****   *
 102:Drivers/STM32F0xx_HAL_Driver/Src/stm32f0xx_hal_gpio.c ****   * This software component is licensed by ST under BSD 3-Clause license,
 103:Drivers/STM32F0xx_HAL_Driver/Src/stm32f0xx_hal_gpio.c ****   * the "License"; You may not use this file except in compliance with the
 104:Drivers/STM32F0xx_HAL_Driver/Src/stm32f0xx_hal_gpio.c ****   * License. You may obtain a copy of the License at:
 105:Drivers/STM32F0xx_HAL_Driver/Src/stm32f0xx_hal_gpio.c ****   *                        opensource.org/licenses/BSD-3-Clause
 106:Drivers/STM32F0xx_HAL_Driver/Src/stm32f0xx_hal_gpio.c ****   *
 107:Drivers/STM32F0xx_HAL_Driver/Src/stm32f0xx_hal_gpio.c ****   ******************************************************************************
 108:Drivers/STM32F0xx_HAL_Driver/Src/stm32f0xx_hal_gpio.c ****   */
 109:Drivers/STM32F0xx_HAL_Driver/Src/stm32f0xx_hal_gpio.c **** 
 110:Drivers/STM32F0xx_HAL_Driver/Src/stm32f0xx_hal_gpio.c **** /* Includes ------------------------------------------------------------------*/
 111:Drivers/STM32F0xx_HAL_Driver/Src/stm32f0xx_hal_gpio.c **** #include "stm32f0xx_hal.h"
 112:Drivers/STM32F0xx_HAL_Driver/Src/stm32f0xx_hal_gpio.c **** 
 113:Drivers/STM32F0xx_HAL_Driver/Src/stm32f0xx_hal_gpio.c **** /** @addtogroup STM32F0xx_HAL_Driver
 114:Drivers/STM32F0xx_HAL_Driver/Src/stm32f0xx_hal_gpio.c ****   * @{
 115:Drivers/STM32F0xx_HAL_Driver/Src/stm32f0xx_hal_gpio.c ****   */
 116:Drivers/STM32F0xx_HAL_Driver/Src/stm32f0xx_hal_gpio.c **** 
 117:Drivers/STM32F0xx_HAL_Driver/Src/stm32f0xx_hal_gpio.c **** /** @defgroup GPIO GPIO
 118:Drivers/STM32F0xx_HAL_Driver/Src/stm32f0xx_hal_gpio.c ****   * @brief GPIO HAL module driver
 119:Drivers/STM32F0xx_HAL_Driver/Src/stm32f0xx_hal_gpio.c ****   * @{
 120:Drivers/STM32F0xx_HAL_Driver/Src/stm32f0xx_hal_gpio.c ****   */
 121:Drivers/STM32F0xx_HAL_Driver/Src/stm32f0xx_hal_gpio.c **** 
 122:Drivers/STM32F0xx_HAL_Driver/Src/stm32f0xx_hal_gpio.c **** /** MISRA C:2012 deviation rule has been granted for following rules:
 123:Drivers/STM32F0xx_HAL_Driver/Src/stm32f0xx_hal_gpio.c ****   * Rule-18.1_d - Medium: Array pointer `GPIOx' is accessed with index [..,..]
 124:Drivers/STM32F0xx_HAL_Driver/Src/stm32f0xx_hal_gpio.c ****   * which may be out of array bounds [..,UNKNOWN] in following APIs:
 125:Drivers/STM32F0xx_HAL_Driver/Src/stm32f0xx_hal_gpio.c ****   * HAL_GPIO_Init
 126:Drivers/STM32F0xx_HAL_Driver/Src/stm32f0xx_hal_gpio.c ****   * HAL_GPIO_DeInit
 127:Drivers/STM32F0xx_HAL_Driver/Src/stm32f0xx_hal_gpio.c ****   */
 128:Drivers/STM32F0xx_HAL_Driver/Src/stm32f0xx_hal_gpio.c **** 
 129:Drivers/STM32F0xx_HAL_Driver/Src/stm32f0xx_hal_gpio.c **** #ifdef HAL_GPIO_MODULE_ENABLED
 130:Drivers/STM32F0xx_HAL_Driver/Src/stm32f0xx_hal_gpio.c **** 
 131:Drivers/STM32F0xx_HAL_Driver/Src/stm32f0xx_hal_gpio.c **** /* Private typedef -----------------------------------------------------------*/
 132:Drivers/STM32F0xx_HAL_Driver/Src/stm32f0xx_hal_gpio.c **** /* Private defines -----------------------------------------------------------*/
 133:Drivers/STM32F0xx_HAL_Driver/Src/stm32f0xx_hal_gpio.c **** /** @defgroup GPIO_Private_Defines GPIO Private Defines
 134:Drivers/STM32F0xx_HAL_Driver/Src/stm32f0xx_hal_gpio.c ****   * @{
 135:Drivers/STM32F0xx_HAL_Driver/Src/stm32f0xx_hal_gpio.c ****   */
 136:Drivers/STM32F0xx_HAL_Driver/Src/stm32f0xx_hal_gpio.c **** #define GPIO_MODE             (0x00000003U)
 137:Drivers/STM32F0xx_HAL_Driver/Src/stm32f0xx_hal_gpio.c **** #define EXTI_MODE             (0x10000000U)
 138:Drivers/STM32F0xx_HAL_Driver/Src/stm32f0xx_hal_gpio.c **** #define GPIO_MODE_IT          (0x00010000U)
 139:Drivers/STM32F0xx_HAL_Driver/Src/stm32f0xx_hal_gpio.c **** #define GPIO_MODE_EVT         (0x00020000U)
 140:Drivers/STM32F0xx_HAL_Driver/Src/stm32f0xx_hal_gpio.c **** #define RISING_EDGE           (0x00100000U)
 141:Drivers/STM32F0xx_HAL_Driver/Src/stm32f0xx_hal_gpio.c **** #define FALLING_EDGE          (0x00200000U)
 142:Drivers/STM32F0xx_HAL_Driver/Src/stm32f0xx_hal_gpio.c **** #define GPIO_OUTPUT_TYPE      (0x00000010U)
 143:Drivers/STM32F0xx_HAL_Driver/Src/stm32f0xx_hal_gpio.c **** 
 144:Drivers/STM32F0xx_HAL_Driver/Src/stm32f0xx_hal_gpio.c **** #define GPIO_NUMBER           (16U)
 145:Drivers/STM32F0xx_HAL_Driver/Src/stm32f0xx_hal_gpio.c **** /**
 146:Drivers/STM32F0xx_HAL_Driver/Src/stm32f0xx_hal_gpio.c ****   * @}
 147:Drivers/STM32F0xx_HAL_Driver/Src/stm32f0xx_hal_gpio.c ****   */
ARM GAS  /tmp/cc9kQGo6.s 			page 4


 148:Drivers/STM32F0xx_HAL_Driver/Src/stm32f0xx_hal_gpio.c **** 
 149:Drivers/STM32F0xx_HAL_Driver/Src/stm32f0xx_hal_gpio.c **** /* Private macros ------------------------------------------------------------*/
 150:Drivers/STM32F0xx_HAL_Driver/Src/stm32f0xx_hal_gpio.c **** /* Private variables ---------------------------------------------------------*/
 151:Drivers/STM32F0xx_HAL_Driver/Src/stm32f0xx_hal_gpio.c **** /* Private function prototypes -----------------------------------------------*/
 152:Drivers/STM32F0xx_HAL_Driver/Src/stm32f0xx_hal_gpio.c **** /* Exported functions --------------------------------------------------------*/
 153:Drivers/STM32F0xx_HAL_Driver/Src/stm32f0xx_hal_gpio.c **** 
 154:Drivers/STM32F0xx_HAL_Driver/Src/stm32f0xx_hal_gpio.c **** /** @defgroup GPIO_Exported_Functions GPIO Exported Functions
 155:Drivers/STM32F0xx_HAL_Driver/Src/stm32f0xx_hal_gpio.c ****   * @{
 156:Drivers/STM32F0xx_HAL_Driver/Src/stm32f0xx_hal_gpio.c ****   */
 157:Drivers/STM32F0xx_HAL_Driver/Src/stm32f0xx_hal_gpio.c **** 
 158:Drivers/STM32F0xx_HAL_Driver/Src/stm32f0xx_hal_gpio.c **** /** @defgroup GPIO_Exported_Functions_Group1 Initialization/de-initialization functions 
 159:Drivers/STM32F0xx_HAL_Driver/Src/stm32f0xx_hal_gpio.c ****  *  @brief    Initialization and Configuration functions 
 160:Drivers/STM32F0xx_HAL_Driver/Src/stm32f0xx_hal_gpio.c ****  *
 161:Drivers/STM32F0xx_HAL_Driver/Src/stm32f0xx_hal_gpio.c **** @verbatim    
 162:Drivers/STM32F0xx_HAL_Driver/Src/stm32f0xx_hal_gpio.c ****  ===============================================================================
 163:Drivers/STM32F0xx_HAL_Driver/Src/stm32f0xx_hal_gpio.c ****               ##### Initialization and de-initialization functions #####
 164:Drivers/STM32F0xx_HAL_Driver/Src/stm32f0xx_hal_gpio.c ****  ===============================================================================
 165:Drivers/STM32F0xx_HAL_Driver/Src/stm32f0xx_hal_gpio.c ****  
 166:Drivers/STM32F0xx_HAL_Driver/Src/stm32f0xx_hal_gpio.c **** @endverbatim
 167:Drivers/STM32F0xx_HAL_Driver/Src/stm32f0xx_hal_gpio.c ****   * @{
 168:Drivers/STM32F0xx_HAL_Driver/Src/stm32f0xx_hal_gpio.c ****   */
 169:Drivers/STM32F0xx_HAL_Driver/Src/stm32f0xx_hal_gpio.c **** 
 170:Drivers/STM32F0xx_HAL_Driver/Src/stm32f0xx_hal_gpio.c **** /**
 171:Drivers/STM32F0xx_HAL_Driver/Src/stm32f0xx_hal_gpio.c ****   * @brief  Initialize the GPIOx peripheral according to the specified parameters in the GPIO_Init.
 172:Drivers/STM32F0xx_HAL_Driver/Src/stm32f0xx_hal_gpio.c ****   * @param  GPIOx where x can be (A..F) to select the GPIO peripheral for STM32F0 family
 173:Drivers/STM32F0xx_HAL_Driver/Src/stm32f0xx_hal_gpio.c ****   * @param  GPIO_Init pointer to a GPIO_InitTypeDef structure that contains
 174:Drivers/STM32F0xx_HAL_Driver/Src/stm32f0xx_hal_gpio.c ****   *         the configuration information for the specified GPIO peripheral.
 175:Drivers/STM32F0xx_HAL_Driver/Src/stm32f0xx_hal_gpio.c ****   * @retval None
 176:Drivers/STM32F0xx_HAL_Driver/Src/stm32f0xx_hal_gpio.c ****   */
 177:Drivers/STM32F0xx_HAL_Driver/Src/stm32f0xx_hal_gpio.c **** void HAL_GPIO_Init(GPIO_TypeDef  *GPIOx, GPIO_InitTypeDef *GPIO_Init)
 178:Drivers/STM32F0xx_HAL_Driver/Src/stm32f0xx_hal_gpio.c **** { 
  26              		.loc 1 178 0
  27              		.cfi_startproc
  28              		@ args = 0, pretend = 0, frame = 8
  29              		@ frame_needed = 0, uses_anonymous_args = 0
  30              	.LVL0:
  31 0000 F0B5     		push	{r4, r5, r6, r7, lr}
  32              	.LCFI0:
  33              		.cfi_def_cfa_offset 20
  34              		.cfi_offset 4, -20
  35              		.cfi_offset 5, -16
  36              		.cfi_offset 6, -12
  37              		.cfi_offset 7, -8
  38              		.cfi_offset 14, -4
  39 0002 CE46     		mov	lr, r9
  40 0004 4746     		mov	r7, r8
  41 0006 80B5     		push	{r7, lr}
  42              	.LCFI1:
  43              		.cfi_def_cfa_offset 28
  44              		.cfi_offset 8, -28
  45              		.cfi_offset 9, -24
  46 0008 83B0     		sub	sp, sp, #12
  47              	.LCFI2:
  48              		.cfi_def_cfa_offset 40
  49              	.LVL1:
 179:Drivers/STM32F0xx_HAL_Driver/Src/stm32f0xx_hal_gpio.c ****   uint32_t position = 0x00u;
  50              		.loc 1 179 0
ARM GAS  /tmp/cc9kQGo6.s 			page 5


  51 000a 0023     		movs	r3, #0
 180:Drivers/STM32F0xx_HAL_Driver/Src/stm32f0xx_hal_gpio.c ****   uint32_t iocurrent;
 181:Drivers/STM32F0xx_HAL_Driver/Src/stm32f0xx_hal_gpio.c ****   uint32_t temp;
 182:Drivers/STM32F0xx_HAL_Driver/Src/stm32f0xx_hal_gpio.c **** 
 183:Drivers/STM32F0xx_HAL_Driver/Src/stm32f0xx_hal_gpio.c ****   /* Check the parameters */
 184:Drivers/STM32F0xx_HAL_Driver/Src/stm32f0xx_hal_gpio.c ****   assert_param(IS_GPIO_ALL_INSTANCE(GPIOx));
 185:Drivers/STM32F0xx_HAL_Driver/Src/stm32f0xx_hal_gpio.c ****   assert_param(IS_GPIO_PIN(GPIO_Init->Pin));
 186:Drivers/STM32F0xx_HAL_Driver/Src/stm32f0xx_hal_gpio.c ****   assert_param(IS_GPIO_MODE(GPIO_Init->Mode));
 187:Drivers/STM32F0xx_HAL_Driver/Src/stm32f0xx_hal_gpio.c ****   assert_param(IS_GPIO_PULL(GPIO_Init->Pull));
 188:Drivers/STM32F0xx_HAL_Driver/Src/stm32f0xx_hal_gpio.c **** 
 189:Drivers/STM32F0xx_HAL_Driver/Src/stm32f0xx_hal_gpio.c ****   /* Configure the port pins */
 190:Drivers/STM32F0xx_HAL_Driver/Src/stm32f0xx_hal_gpio.c ****   while (((GPIO_Init->Pin) >> position) != 0x00u)
  52              		.loc 1 190 0
  53 000c 33E0     		b	.L2
  54              	.LVL2:
  55              	.L20:
 191:Drivers/STM32F0xx_HAL_Driver/Src/stm32f0xx_hal_gpio.c ****   {
 192:Drivers/STM32F0xx_HAL_Driver/Src/stm32f0xx_hal_gpio.c ****     /* Get current io position */
 193:Drivers/STM32F0xx_HAL_Driver/Src/stm32f0xx_hal_gpio.c ****     iocurrent = (GPIO_Init->Pin) & (1uL << position);
 194:Drivers/STM32F0xx_HAL_Driver/Src/stm32f0xx_hal_gpio.c **** 
 195:Drivers/STM32F0xx_HAL_Driver/Src/stm32f0xx_hal_gpio.c ****     if (iocurrent != 0x00u)
 196:Drivers/STM32F0xx_HAL_Driver/Src/stm32f0xx_hal_gpio.c ****     {
 197:Drivers/STM32F0xx_HAL_Driver/Src/stm32f0xx_hal_gpio.c ****       /*--------------------- GPIO Mode Configuration ------------------------*/
 198:Drivers/STM32F0xx_HAL_Driver/Src/stm32f0xx_hal_gpio.c ****       /* In case of Output or Alternate function mode selection */
 199:Drivers/STM32F0xx_HAL_Driver/Src/stm32f0xx_hal_gpio.c ****       if((GPIO_Init->Mode == GPIO_MODE_OUTPUT_PP) || (GPIO_Init->Mode == GPIO_MODE_AF_PP) ||
 200:Drivers/STM32F0xx_HAL_Driver/Src/stm32f0xx_hal_gpio.c ****          (GPIO_Init->Mode == GPIO_MODE_OUTPUT_OD) || (GPIO_Init->Mode == GPIO_MODE_AF_OD))
 201:Drivers/STM32F0xx_HAL_Driver/Src/stm32f0xx_hal_gpio.c ****       {
 202:Drivers/STM32F0xx_HAL_Driver/Src/stm32f0xx_hal_gpio.c ****         /* Check the Speed parameter */
 203:Drivers/STM32F0xx_HAL_Driver/Src/stm32f0xx_hal_gpio.c ****         assert_param(IS_GPIO_SPEED(GPIO_Init->Speed));
 204:Drivers/STM32F0xx_HAL_Driver/Src/stm32f0xx_hal_gpio.c ****         /* Configure the IO Speed */
 205:Drivers/STM32F0xx_HAL_Driver/Src/stm32f0xx_hal_gpio.c ****         temp = GPIOx->OSPEEDR;
 206:Drivers/STM32F0xx_HAL_Driver/Src/stm32f0xx_hal_gpio.c ****         temp &= ~(GPIO_OSPEEDER_OSPEEDR0 << (position * 2u));
 207:Drivers/STM32F0xx_HAL_Driver/Src/stm32f0xx_hal_gpio.c ****         temp |= (GPIO_Init->Speed << (position * 2u));
 208:Drivers/STM32F0xx_HAL_Driver/Src/stm32f0xx_hal_gpio.c ****         GPIOx->OSPEEDR = temp;
 209:Drivers/STM32F0xx_HAL_Driver/Src/stm32f0xx_hal_gpio.c **** 
 210:Drivers/STM32F0xx_HAL_Driver/Src/stm32f0xx_hal_gpio.c ****         /* Configure the IO Output Type */
 211:Drivers/STM32F0xx_HAL_Driver/Src/stm32f0xx_hal_gpio.c ****         temp = GPIOx->OTYPER;
 212:Drivers/STM32F0xx_HAL_Driver/Src/stm32f0xx_hal_gpio.c ****         temp &= ~(GPIO_OTYPER_OT_0 << position) ;
 213:Drivers/STM32F0xx_HAL_Driver/Src/stm32f0xx_hal_gpio.c ****         temp |= (((GPIO_Init->Mode & GPIO_OUTPUT_TYPE) >> 4u) << position);
 214:Drivers/STM32F0xx_HAL_Driver/Src/stm32f0xx_hal_gpio.c ****         GPIOx->OTYPER = temp;
 215:Drivers/STM32F0xx_HAL_Driver/Src/stm32f0xx_hal_gpio.c ****       }
 216:Drivers/STM32F0xx_HAL_Driver/Src/stm32f0xx_hal_gpio.c **** 
 217:Drivers/STM32F0xx_HAL_Driver/Src/stm32f0xx_hal_gpio.c ****       /* Activate the Pull-up or Pull down resistor for the current IO */
 218:Drivers/STM32F0xx_HAL_Driver/Src/stm32f0xx_hal_gpio.c ****       temp = GPIOx->PUPDR;
 219:Drivers/STM32F0xx_HAL_Driver/Src/stm32f0xx_hal_gpio.c ****       temp &= ~(GPIO_PUPDR_PUPDR0 << (position * 2u));
 220:Drivers/STM32F0xx_HAL_Driver/Src/stm32f0xx_hal_gpio.c ****       temp |= ((GPIO_Init->Pull) << (position * 2u));
 221:Drivers/STM32F0xx_HAL_Driver/Src/stm32f0xx_hal_gpio.c ****       GPIOx->PUPDR = temp;
 222:Drivers/STM32F0xx_HAL_Driver/Src/stm32f0xx_hal_gpio.c **** 
 223:Drivers/STM32F0xx_HAL_Driver/Src/stm32f0xx_hal_gpio.c ****       /* In case of Alternate function mode selection */
 224:Drivers/STM32F0xx_HAL_Driver/Src/stm32f0xx_hal_gpio.c ****       if((GPIO_Init->Mode == GPIO_MODE_AF_PP) || (GPIO_Init->Mode == GPIO_MODE_AF_OD))
 225:Drivers/STM32F0xx_HAL_Driver/Src/stm32f0xx_hal_gpio.c ****       {
 226:Drivers/STM32F0xx_HAL_Driver/Src/stm32f0xx_hal_gpio.c ****         /* Check the Alternate function parameters */
 227:Drivers/STM32F0xx_HAL_Driver/Src/stm32f0xx_hal_gpio.c ****         assert_param(IS_GPIO_AF_INSTANCE(GPIOx));
 228:Drivers/STM32F0xx_HAL_Driver/Src/stm32f0xx_hal_gpio.c ****         assert_param(IS_GPIO_AF(GPIO_Init->Alternate));
 229:Drivers/STM32F0xx_HAL_Driver/Src/stm32f0xx_hal_gpio.c **** 
 230:Drivers/STM32F0xx_HAL_Driver/Src/stm32f0xx_hal_gpio.c ****         /* Configure Alternate function mapped with the current IO */
 231:Drivers/STM32F0xx_HAL_Driver/Src/stm32f0xx_hal_gpio.c ****         temp = GPIOx->AFR[position >> 3u];
ARM GAS  /tmp/cc9kQGo6.s 			page 6


 232:Drivers/STM32F0xx_HAL_Driver/Src/stm32f0xx_hal_gpio.c ****         temp &= ~(0xFu << ((position & 0x07u) * 4u));
 233:Drivers/STM32F0xx_HAL_Driver/Src/stm32f0xx_hal_gpio.c ****         temp |= ((GPIO_Init->Alternate) << ((position & 0x07u) * 4u));
 234:Drivers/STM32F0xx_HAL_Driver/Src/stm32f0xx_hal_gpio.c ****         GPIOx->AFR[position >> 3u] = temp;
 235:Drivers/STM32F0xx_HAL_Driver/Src/stm32f0xx_hal_gpio.c ****       }
 236:Drivers/STM32F0xx_HAL_Driver/Src/stm32f0xx_hal_gpio.c **** 
 237:Drivers/STM32F0xx_HAL_Driver/Src/stm32f0xx_hal_gpio.c ****       /* Configure IO Direction mode (Input, Output, Alternate or Analog) */
 238:Drivers/STM32F0xx_HAL_Driver/Src/stm32f0xx_hal_gpio.c ****       temp = GPIOx->MODER;
 239:Drivers/STM32F0xx_HAL_Driver/Src/stm32f0xx_hal_gpio.c ****       temp &= ~(GPIO_MODER_MODER0 << (position * 2u));
 240:Drivers/STM32F0xx_HAL_Driver/Src/stm32f0xx_hal_gpio.c ****       temp |= ((GPIO_Init->Mode & GPIO_MODE) << (position * 2u));
 241:Drivers/STM32F0xx_HAL_Driver/Src/stm32f0xx_hal_gpio.c ****       GPIOx->MODER = temp;
 242:Drivers/STM32F0xx_HAL_Driver/Src/stm32f0xx_hal_gpio.c **** 
 243:Drivers/STM32F0xx_HAL_Driver/Src/stm32f0xx_hal_gpio.c ****       /*--------------------- EXTI Mode Configuration ------------------------*/
 244:Drivers/STM32F0xx_HAL_Driver/Src/stm32f0xx_hal_gpio.c ****       /* Configure the External Interrupt or event for the current IO */
 245:Drivers/STM32F0xx_HAL_Driver/Src/stm32f0xx_hal_gpio.c ****       if((GPIO_Init->Mode & EXTI_MODE) == EXTI_MODE)
 246:Drivers/STM32F0xx_HAL_Driver/Src/stm32f0xx_hal_gpio.c ****       {
 247:Drivers/STM32F0xx_HAL_Driver/Src/stm32f0xx_hal_gpio.c ****         /* Enable SYSCFG Clock */
 248:Drivers/STM32F0xx_HAL_Driver/Src/stm32f0xx_hal_gpio.c ****         __HAL_RCC_SYSCFG_CLK_ENABLE();
 249:Drivers/STM32F0xx_HAL_Driver/Src/stm32f0xx_hal_gpio.c **** 
 250:Drivers/STM32F0xx_HAL_Driver/Src/stm32f0xx_hal_gpio.c ****         temp = SYSCFG->EXTICR[position >> 2u];
 251:Drivers/STM32F0xx_HAL_Driver/Src/stm32f0xx_hal_gpio.c ****         temp &= ~(0x0FuL << (4u * (position & 0x03u)));
 252:Drivers/STM32F0xx_HAL_Driver/Src/stm32f0xx_hal_gpio.c ****         temp |= (GPIO_GET_INDEX(GPIOx) << (4u * (position & 0x03u)));
  56              		.loc 1 252 0
  57 000e 0426     		movs	r6, #4
  58 0010 00E0     		b	.L8
  59              	.L14:
  60 0012 0026     		movs	r6, #0
  61              	.L8:
  62              		.loc 1 252 0 is_stmt 0 discriminator 20
  63 0014 AE40     		lsls	r6, r6, r5
  64 0016 3500     		movs	r5, r6
  65 0018 3D43     		orrs	r5, r7
  66              	.LVL3:
 253:Drivers/STM32F0xx_HAL_Driver/Src/stm32f0xx_hal_gpio.c ****         SYSCFG->EXTICR[position >> 2u] = temp;
  67              		.loc 1 253 0 is_stmt 1 discriminator 20
  68 001a 0234     		adds	r4, r4, #2
  69 001c A400     		lsls	r4, r4, #2
  70 001e 574E     		ldr	r6, .L21
  71 0020 A551     		str	r5, [r4, r6]
 254:Drivers/STM32F0xx_HAL_Driver/Src/stm32f0xx_hal_gpio.c **** 
 255:Drivers/STM32F0xx_HAL_Driver/Src/stm32f0xx_hal_gpio.c ****         /* Clear EXTI line configuration */
 256:Drivers/STM32F0xx_HAL_Driver/Src/stm32f0xx_hal_gpio.c ****         temp = EXTI->IMR;
  72              		.loc 1 256 0 discriminator 20
  73 0022 574C     		ldr	r4, .L21+4
  74 0024 2568     		ldr	r5, [r4]
  75              	.LVL4:
 257:Drivers/STM32F0xx_HAL_Driver/Src/stm32f0xx_hal_gpio.c ****         temp &= ~(iocurrent);
  76              		.loc 1 257 0 discriminator 20
  77 0026 D443     		mvns	r4, r2
  78 0028 2E00     		movs	r6, r5
  79 002a 2640     		ands	r6, r4
  80              	.LVL5:
 258:Drivers/STM32F0xx_HAL_Driver/Src/stm32f0xx_hal_gpio.c ****         if((GPIO_Init->Mode & GPIO_MODE_IT) == GPIO_MODE_IT)
  81              		.loc 1 258 0 discriminator 20
  82 002c 4F68     		ldr	r7, [r1, #4]
  83 002e FF03     		lsls	r7, r7, #15
  84 0030 01D5     		bpl	.L9
 259:Drivers/STM32F0xx_HAL_Driver/Src/stm32f0xx_hal_gpio.c ****         {
ARM GAS  /tmp/cc9kQGo6.s 			page 7


 260:Drivers/STM32F0xx_HAL_Driver/Src/stm32f0xx_hal_gpio.c ****           temp |= iocurrent;
  85              		.loc 1 260 0
  86 0032 1543     		orrs	r5, r2
  87 0034 2E00     		movs	r6, r5
  88              	.LVL6:
  89              	.L9:
 261:Drivers/STM32F0xx_HAL_Driver/Src/stm32f0xx_hal_gpio.c ****         }
 262:Drivers/STM32F0xx_HAL_Driver/Src/stm32f0xx_hal_gpio.c ****         EXTI->IMR = temp;
  90              		.loc 1 262 0
  91 0036 524D     		ldr	r5, .L21+4
  92 0038 2E60     		str	r6, [r5]
 263:Drivers/STM32F0xx_HAL_Driver/Src/stm32f0xx_hal_gpio.c **** 
 264:Drivers/STM32F0xx_HAL_Driver/Src/stm32f0xx_hal_gpio.c ****         temp = EXTI->EMR;
  93              		.loc 1 264 0
  94 003a 6D68     		ldr	r5, [r5, #4]
  95              	.LVL7:
 265:Drivers/STM32F0xx_HAL_Driver/Src/stm32f0xx_hal_gpio.c ****         temp &= ~(iocurrent);
  96              		.loc 1 265 0
  97 003c 2E00     		movs	r6, r5
  98 003e 2640     		ands	r6, r4
  99              	.LVL8:
 266:Drivers/STM32F0xx_HAL_Driver/Src/stm32f0xx_hal_gpio.c ****         if((GPIO_Init->Mode & GPIO_MODE_EVT) == GPIO_MODE_EVT)
 100              		.loc 1 266 0
 101 0040 4F68     		ldr	r7, [r1, #4]
 102 0042 BF03     		lsls	r7, r7, #14
 103 0044 01D5     		bpl	.L10
 267:Drivers/STM32F0xx_HAL_Driver/Src/stm32f0xx_hal_gpio.c ****         {
 268:Drivers/STM32F0xx_HAL_Driver/Src/stm32f0xx_hal_gpio.c ****           temp |= iocurrent;
 104              		.loc 1 268 0
 105 0046 1543     		orrs	r5, r2
 106 0048 2E00     		movs	r6, r5
 107              	.LVL9:
 108              	.L10:
 269:Drivers/STM32F0xx_HAL_Driver/Src/stm32f0xx_hal_gpio.c ****         }
 270:Drivers/STM32F0xx_HAL_Driver/Src/stm32f0xx_hal_gpio.c ****         EXTI->EMR = temp;
 109              		.loc 1 270 0
 110 004a 4D4D     		ldr	r5, .L21+4
 111 004c 6E60     		str	r6, [r5, #4]
 271:Drivers/STM32F0xx_HAL_Driver/Src/stm32f0xx_hal_gpio.c **** 
 272:Drivers/STM32F0xx_HAL_Driver/Src/stm32f0xx_hal_gpio.c ****         /* Clear Rising Falling edge configuration */
 273:Drivers/STM32F0xx_HAL_Driver/Src/stm32f0xx_hal_gpio.c ****         temp = EXTI->RTSR;
 112              		.loc 1 273 0
 113 004e AD68     		ldr	r5, [r5, #8]
 114              	.LVL10:
 274:Drivers/STM32F0xx_HAL_Driver/Src/stm32f0xx_hal_gpio.c ****         temp &= ~(iocurrent);
 115              		.loc 1 274 0
 116 0050 2E00     		movs	r6, r5
 117 0052 2640     		ands	r6, r4
 118              	.LVL11:
 275:Drivers/STM32F0xx_HAL_Driver/Src/stm32f0xx_hal_gpio.c ****         if((GPIO_Init->Mode & RISING_EDGE) == RISING_EDGE)
 119              		.loc 1 275 0
 120 0054 4F68     		ldr	r7, [r1, #4]
 121 0056 FF02     		lsls	r7, r7, #11
 122 0058 01D5     		bpl	.L11
 276:Drivers/STM32F0xx_HAL_Driver/Src/stm32f0xx_hal_gpio.c ****         {
 277:Drivers/STM32F0xx_HAL_Driver/Src/stm32f0xx_hal_gpio.c ****           temp |= iocurrent;
 123              		.loc 1 277 0
ARM GAS  /tmp/cc9kQGo6.s 			page 8


 124 005a 1543     		orrs	r5, r2
 125 005c 2E00     		movs	r6, r5
 126              	.LVL12:
 127              	.L11:
 278:Drivers/STM32F0xx_HAL_Driver/Src/stm32f0xx_hal_gpio.c ****         }
 279:Drivers/STM32F0xx_HAL_Driver/Src/stm32f0xx_hal_gpio.c ****         EXTI->RTSR = temp;
 128              		.loc 1 279 0
 129 005e 484D     		ldr	r5, .L21+4
 130 0060 AE60     		str	r6, [r5, #8]
 280:Drivers/STM32F0xx_HAL_Driver/Src/stm32f0xx_hal_gpio.c **** 
 281:Drivers/STM32F0xx_HAL_Driver/Src/stm32f0xx_hal_gpio.c ****         temp = EXTI->FTSR;
 131              		.loc 1 281 0
 132 0062 ED68     		ldr	r5, [r5, #12]
 133              	.LVL13:
 282:Drivers/STM32F0xx_HAL_Driver/Src/stm32f0xx_hal_gpio.c ****         temp &= ~(iocurrent);
 134              		.loc 1 282 0
 135 0064 2C40     		ands	r4, r5
 136              	.LVL14:
 283:Drivers/STM32F0xx_HAL_Driver/Src/stm32f0xx_hal_gpio.c ****         if((GPIO_Init->Mode & FALLING_EDGE) == FALLING_EDGE)
 137              		.loc 1 283 0
 138 0066 4E68     		ldr	r6, [r1, #4]
 139 0068 B602     		lsls	r6, r6, #10
 140 006a 01D5     		bpl	.L12
 284:Drivers/STM32F0xx_HAL_Driver/Src/stm32f0xx_hal_gpio.c ****         {
 285:Drivers/STM32F0xx_HAL_Driver/Src/stm32f0xx_hal_gpio.c ****           temp |= iocurrent;
 141              		.loc 1 285 0
 142 006c 2A43     		orrs	r2, r5
 143              	.LVL15:
 144 006e 1400     		movs	r4, r2
 145              	.LVL16:
 146              	.L12:
 286:Drivers/STM32F0xx_HAL_Driver/Src/stm32f0xx_hal_gpio.c ****         }
 287:Drivers/STM32F0xx_HAL_Driver/Src/stm32f0xx_hal_gpio.c ****         EXTI->FTSR = temp;
 147              		.loc 1 287 0
 148 0070 434A     		ldr	r2, .L21+4
 149 0072 D460     		str	r4, [r2, #12]
 150              	.LVL17:
 151              	.L3:
 288:Drivers/STM32F0xx_HAL_Driver/Src/stm32f0xx_hal_gpio.c ****       }
 289:Drivers/STM32F0xx_HAL_Driver/Src/stm32f0xx_hal_gpio.c ****     }
 290:Drivers/STM32F0xx_HAL_Driver/Src/stm32f0xx_hal_gpio.c **** 
 291:Drivers/STM32F0xx_HAL_Driver/Src/stm32f0xx_hal_gpio.c ****     position++;
 152              		.loc 1 291 0
 153 0074 0133     		adds	r3, r3, #1
 154              	.LVL18:
 155              	.L2:
 190:Drivers/STM32F0xx_HAL_Driver/Src/stm32f0xx_hal_gpio.c ****   {
 156              		.loc 1 190 0
 157 0076 0A68     		ldr	r2, [r1]
 158 0078 1400     		movs	r4, r2
 159 007a DC40     		lsrs	r4, r4, r3
 160 007c 79D0     		beq	.L19
 193:Drivers/STM32F0xx_HAL_Driver/Src/stm32f0xx_hal_gpio.c **** 
 161              		.loc 1 193 0
 162 007e 0124     		movs	r4, #1
 163 0080 9C40     		lsls	r4, r4, r3
 164 0082 2240     		ands	r2, r4
ARM GAS  /tmp/cc9kQGo6.s 			page 9


 165              	.LVL19:
 195:Drivers/STM32F0xx_HAL_Driver/Src/stm32f0xx_hal_gpio.c ****     {
 166              		.loc 1 195 0
 167 0084 F6D0     		beq	.L3
 199:Drivers/STM32F0xx_HAL_Driver/Src/stm32f0xx_hal_gpio.c ****          (GPIO_Init->Mode == GPIO_MODE_OUTPUT_OD) || (GPIO_Init->Mode == GPIO_MODE_AF_OD))
 168              		.loc 1 199 0
 169 0086 4D68     		ldr	r5, [r1, #4]
 170 0088 6E1E     		subs	r6, r5, #1
 171 008a 012E     		cmp	r6, #1
 172 008c 03D9     		bls	.L4
 199:Drivers/STM32F0xx_HAL_Driver/Src/stm32f0xx_hal_gpio.c ****          (GPIO_Init->Mode == GPIO_MODE_OUTPUT_OD) || (GPIO_Init->Mode == GPIO_MODE_AF_OD))
 173              		.loc 1 199 0 is_stmt 0 discriminator 1
 174 008e 112D     		cmp	r5, #17
 175 0090 01D0     		beq	.L4
 200:Drivers/STM32F0xx_HAL_Driver/Src/stm32f0xx_hal_gpio.c ****       {
 176              		.loc 1 200 0 is_stmt 1
 177 0092 122D     		cmp	r5, #18
 178 0094 12D1     		bne	.L5
 179              	.L4:
 205:Drivers/STM32F0xx_HAL_Driver/Src/stm32f0xx_hal_gpio.c ****         temp &= ~(GPIO_OSPEEDER_OSPEEDR0 << (position * 2u));
 180              		.loc 1 205 0
 181 0096 8568     		ldr	r5, [r0, #8]
 182              	.LVL20:
 206:Drivers/STM32F0xx_HAL_Driver/Src/stm32f0xx_hal_gpio.c ****         temp |= (GPIO_Init->Speed << (position * 2u));
 183              		.loc 1 206 0
 184 0098 5F00     		lsls	r7, r3, #1
 185 009a 0326     		movs	r6, #3
 186 009c BE40     		lsls	r6, r6, r7
 187 009e B543     		bics	r5, r6
 188              	.LVL21:
 189 00a0 2E00     		movs	r6, r5
 190              	.LVL22:
 207:Drivers/STM32F0xx_HAL_Driver/Src/stm32f0xx_hal_gpio.c ****         GPIOx->OSPEEDR = temp;
 191              		.loc 1 207 0
 192 00a2 CD68     		ldr	r5, [r1, #12]
 193              	.LVL23:
 194 00a4 BD40     		lsls	r5, r5, r7
 195 00a6 3543     		orrs	r5, r6
 196              	.LVL24:
 208:Drivers/STM32F0xx_HAL_Driver/Src/stm32f0xx_hal_gpio.c **** 
 197              		.loc 1 208 0
 198 00a8 8560     		str	r5, [r0, #8]
 211:Drivers/STM32F0xx_HAL_Driver/Src/stm32f0xx_hal_gpio.c ****         temp &= ~(GPIO_OTYPER_OT_0 << position) ;
 199              		.loc 1 211 0
 200 00aa 4568     		ldr	r5, [r0, #4]
 201              	.LVL25:
 212:Drivers/STM32F0xx_HAL_Driver/Src/stm32f0xx_hal_gpio.c ****         temp |= (((GPIO_Init->Mode & GPIO_OUTPUT_TYPE) >> 4u) << position);
 202              		.loc 1 212 0
 203 00ac A543     		bics	r5, r4
 204              	.LVL26:
 213:Drivers/STM32F0xx_HAL_Driver/Src/stm32f0xx_hal_gpio.c ****         GPIOx->OTYPER = temp;
 205              		.loc 1 213 0
 206 00ae 4C68     		ldr	r4, [r1, #4]
 207 00b0 2609     		lsrs	r6, r4, #4
 208 00b2 0124     		movs	r4, #1
 209 00b4 3440     		ands	r4, r6
 210 00b6 9C40     		lsls	r4, r4, r3
ARM GAS  /tmp/cc9kQGo6.s 			page 10


 211 00b8 2C43     		orrs	r4, r5
 212              	.LVL27:
 214:Drivers/STM32F0xx_HAL_Driver/Src/stm32f0xx_hal_gpio.c ****       }
 213              		.loc 1 214 0
 214 00ba 4460     		str	r4, [r0, #4]
 215              	.LVL28:
 216              	.L5:
 218:Drivers/STM32F0xx_HAL_Driver/Src/stm32f0xx_hal_gpio.c ****       temp &= ~(GPIO_PUPDR_PUPDR0 << (position * 2u));
 217              		.loc 1 218 0
 218 00bc C768     		ldr	r7, [r0, #12]
 219              	.LVL29:
 219:Drivers/STM32F0xx_HAL_Driver/Src/stm32f0xx_hal_gpio.c ****       temp |= ((GPIO_Init->Pull) << (position * 2u));
 220              		.loc 1 219 0
 221 00be 5E00     		lsls	r6, r3, #1
 222 00c0 0324     		movs	r4, #3
 223 00c2 B440     		lsls	r4, r4, r6
 224 00c4 E443     		mvns	r4, r4
 225 00c6 A446     		mov	ip, r4
 226 00c8 2740     		ands	r7, r4
 227              	.LVL30:
 220:Drivers/STM32F0xx_HAL_Driver/Src/stm32f0xx_hal_gpio.c ****       GPIOx->PUPDR = temp;
 228              		.loc 1 220 0
 229 00ca 8D68     		ldr	r5, [r1, #8]
 230 00cc B540     		lsls	r5, r5, r6
 231 00ce 3D43     		orrs	r5, r7
 232              	.LVL31:
 221:Drivers/STM32F0xx_HAL_Driver/Src/stm32f0xx_hal_gpio.c **** 
 233              		.loc 1 221 0
 234 00d0 C560     		str	r5, [r0, #12]
 224:Drivers/STM32F0xx_HAL_Driver/Src/stm32f0xx_hal_gpio.c ****       {
 235              		.loc 1 224 0
 236 00d2 4C68     		ldr	r4, [r1, #4]
 237 00d4 022C     		cmp	r4, #2
 238 00d6 01D0     		beq	.L6
 224:Drivers/STM32F0xx_HAL_Driver/Src/stm32f0xx_hal_gpio.c ****       {
 239              		.loc 1 224 0 is_stmt 0 discriminator 1
 240 00d8 122C     		cmp	r4, #18
 241 00da 10D1     		bne	.L7
 242              	.L6:
 231:Drivers/STM32F0xx_HAL_Driver/Src/stm32f0xx_hal_gpio.c ****         temp &= ~(0xFu << ((position & 0x07u) * 4u));
 243              		.loc 1 231 0 is_stmt 1
 244 00dc DC08     		lsrs	r4, r3, #3
 245 00de 0834     		adds	r4, r4, #8
 246 00e0 A400     		lsls	r4, r4, #2
 247 00e2 A146     		mov	r9, r4
 248 00e4 2758     		ldr	r7, [r4, r0]
 249              	.LVL32:
 232:Drivers/STM32F0xx_HAL_Driver/Src/stm32f0xx_hal_gpio.c ****         temp |= ((GPIO_Init->Alternate) << ((position & 0x07u) * 4u));
 250              		.loc 1 232 0
 251 00e6 0725     		movs	r5, #7
 252 00e8 1D40     		ands	r5, r3
 253 00ea AD00     		lsls	r5, r5, #2
 254 00ec 0F24     		movs	r4, #15
 255 00ee AC40     		lsls	r4, r4, r5
 256 00f0 A743     		bics	r7, r4
 257              	.LVL33:
 233:Drivers/STM32F0xx_HAL_Driver/Src/stm32f0xx_hal_gpio.c ****         GPIOx->AFR[position >> 3u] = temp;
ARM GAS  /tmp/cc9kQGo6.s 			page 11


 258              		.loc 1 233 0
 259 00f2 0C69     		ldr	r4, [r1, #16]
 260 00f4 AC40     		lsls	r4, r4, r5
 261 00f6 2500     		movs	r5, r4
 262 00f8 3D43     		orrs	r5, r7
 263              	.LVL34:
 234:Drivers/STM32F0xx_HAL_Driver/Src/stm32f0xx_hal_gpio.c ****       }
 264              		.loc 1 234 0
 265 00fa 4C46     		mov	r4, r9
 266 00fc 2550     		str	r5, [r4, r0]
 267              	.L7:
 238:Drivers/STM32F0xx_HAL_Driver/Src/stm32f0xx_hal_gpio.c ****       temp &= ~(GPIO_MODER_MODER0 << (position * 2u));
 268              		.loc 1 238 0
 269 00fe 0568     		ldr	r5, [r0]
 270              	.LVL35:
 239:Drivers/STM32F0xx_HAL_Driver/Src/stm32f0xx_hal_gpio.c ****       temp |= ((GPIO_Init->Mode & GPIO_MODE) << (position * 2u));
 271              		.loc 1 239 0
 272 0100 6446     		mov	r4, ip
 273 0102 2540     		ands	r5, r4
 274              	.LVL36:
 240:Drivers/STM32F0xx_HAL_Driver/Src/stm32f0xx_hal_gpio.c ****       GPIOx->MODER = temp;
 275              		.loc 1 240 0
 276 0104 0324     		movs	r4, #3
 277 0106 4F68     		ldr	r7, [r1, #4]
 278 0108 3C40     		ands	r4, r7
 279 010a B440     		lsls	r4, r4, r6
 280 010c 2C43     		orrs	r4, r5
 281              	.LVL37:
 241:Drivers/STM32F0xx_HAL_Driver/Src/stm32f0xx_hal_gpio.c **** 
 282              		.loc 1 241 0
 283 010e 0460     		str	r4, [r0]
 245:Drivers/STM32F0xx_HAL_Driver/Src/stm32f0xx_hal_gpio.c ****       {
 284              		.loc 1 245 0
 285 0110 4C68     		ldr	r4, [r1, #4]
 286              	.LVL38:
 287 0112 E400     		lsls	r4, r4, #3
 288 0114 AED5     		bpl	.L3
 289              	.LBB2:
 248:Drivers/STM32F0xx_HAL_Driver/Src/stm32f0xx_hal_gpio.c **** 
 290              		.loc 1 248 0
 291 0116 1B4D     		ldr	r5, .L21+8
 292 0118 AE69     		ldr	r6, [r5, #24]
 293 011a 0124     		movs	r4, #1
 294 011c 2643     		orrs	r6, r4
 295 011e AE61     		str	r6, [r5, #24]
 296              	.LVL39:
 297 0120 AD69     		ldr	r5, [r5, #24]
 298 0122 2C40     		ands	r4, r5
 299 0124 0194     		str	r4, [sp, #4]
 300 0126 019C     		ldr	r4, [sp, #4]
 301              	.LBE2:
 250:Drivers/STM32F0xx_HAL_Driver/Src/stm32f0xx_hal_gpio.c ****         temp &= ~(0x0FuL << (4u * (position & 0x03u)));
 302              		.loc 1 250 0
 303 0128 9C08     		lsrs	r4, r3, #2
 304 012a A51C     		adds	r5, r4, #2
 305 012c AD00     		lsls	r5, r5, #2
 306 012e 134E     		ldr	r6, .L21
ARM GAS  /tmp/cc9kQGo6.s 			page 12


 307 0130 AF59     		ldr	r7, [r5, r6]
 308              	.LVL40:
 251:Drivers/STM32F0xx_HAL_Driver/Src/stm32f0xx_hal_gpio.c ****         temp |= (GPIO_GET_INDEX(GPIOx) << (4u * (position & 0x03u)));
 309              		.loc 1 251 0
 310 0132 0326     		movs	r6, #3
 311 0134 1E40     		ands	r6, r3
 312 0136 B500     		lsls	r5, r6, #2
 313 0138 0F26     		movs	r6, #15
 314 013a AE40     		lsls	r6, r6, r5
 315 013c B743     		bics	r7, r6
 316              	.LVL41:
 252:Drivers/STM32F0xx_HAL_Driver/Src/stm32f0xx_hal_gpio.c ****         SYSCFG->EXTICR[position >> 2u] = temp;
 317              		.loc 1 252 0
 318 013e 9026     		movs	r6, #144
 319 0140 F605     		lsls	r6, r6, #23
 320 0142 B042     		cmp	r0, r6
 321 0144 00D1     		bne	.LCB326
 322 0146 64E7     		b	.L14	@long jump
 323              	.LCB326:
 252:Drivers/STM32F0xx_HAL_Driver/Src/stm32f0xx_hal_gpio.c ****         SYSCFG->EXTICR[position >> 2u] = temp;
 324              		.loc 1 252 0 is_stmt 0 discriminator 1
 325 0148 0F4E     		ldr	r6, .L21+12
 326 014a B042     		cmp	r0, r6
 327 014c 0BD0     		beq	.L15
 252:Drivers/STM32F0xx_HAL_Driver/Src/stm32f0xx_hal_gpio.c ****         SYSCFG->EXTICR[position >> 2u] = temp;
 328              		.loc 1 252 0 discriminator 3
 329 014e 0F4E     		ldr	r6, .L21+16
 330 0150 B042     		cmp	r0, r6
 331 0152 0AD0     		beq	.L16
 252:Drivers/STM32F0xx_HAL_Driver/Src/stm32f0xx_hal_gpio.c ****         SYSCFG->EXTICR[position >> 2u] = temp;
 332              		.loc 1 252 0 discriminator 5
 333 0154 0E4E     		ldr	r6, .L21+20
 334 0156 B042     		cmp	r0, r6
 335 0158 09D0     		beq	.L17
 252:Drivers/STM32F0xx_HAL_Driver/Src/stm32f0xx_hal_gpio.c ****         SYSCFG->EXTICR[position >> 2u] = temp;
 336              		.loc 1 252 0 discriminator 7
 337 015a 0E4E     		ldr	r6, .L21+24
 338 015c B042     		cmp	r0, r6
 339 015e 00D1     		bne	.LCB338
 340 0160 55E7     		b	.L20	@long jump
 341              	.LCB338:
 252:Drivers/STM32F0xx_HAL_Driver/Src/stm32f0xx_hal_gpio.c ****         SYSCFG->EXTICR[position >> 2u] = temp;
 342              		.loc 1 252 0
 343 0162 0526     		movs	r6, #5
 344 0164 56E7     		b	.L8
 345              	.L15:
 346 0166 0126     		movs	r6, #1
 347 0168 54E7     		b	.L8
 348              	.L16:
 349 016a 0226     		movs	r6, #2
 350 016c 52E7     		b	.L8
 351              	.L17:
 352 016e 0326     		movs	r6, #3
 353 0170 50E7     		b	.L8
 354              	.LVL42:
 355              	.L19:
 292:Drivers/STM32F0xx_HAL_Driver/Src/stm32f0xx_hal_gpio.c ****   } 
ARM GAS  /tmp/cc9kQGo6.s 			page 13


 293:Drivers/STM32F0xx_HAL_Driver/Src/stm32f0xx_hal_gpio.c **** }
 356              		.loc 1 293 0 is_stmt 1
 357 0172 03B0     		add	sp, sp, #12
 358              		@ sp needed
 359 0174 0CBC     		pop	{r2, r3}
 360 0176 9046     		mov	r8, r2
 361 0178 9946     		mov	r9, r3
 362 017a F0BD     		pop	{r4, r5, r6, r7, pc}
 363              	.L22:
 364              		.align	2
 365              	.L21:
 366 017c 00000140 		.word	1073807360
 367 0180 00040140 		.word	1073808384
 368 0184 00100240 		.word	1073876992
 369 0188 00040048 		.word	1207960576
 370 018c 00080048 		.word	1207961600
 371 0190 000C0048 		.word	1207962624
 372 0194 00100048 		.word	1207963648
 373              		.cfi_endproc
 374              	.LFE40:
 376              		.section	.text.HAL_GPIO_DeInit,"ax",%progbits
 377              		.align	1
 378              		.global	HAL_GPIO_DeInit
 379              		.syntax unified
 380              		.code	16
 381              		.thumb_func
 382              		.fpu softvfp
 384              	HAL_GPIO_DeInit:
 385              	.LFB41:
 294:Drivers/STM32F0xx_HAL_Driver/Src/stm32f0xx_hal_gpio.c **** 
 295:Drivers/STM32F0xx_HAL_Driver/Src/stm32f0xx_hal_gpio.c **** /**
 296:Drivers/STM32F0xx_HAL_Driver/Src/stm32f0xx_hal_gpio.c ****   * @brief  De-initialize the GPIOx peripheral registers to their default reset values.
 297:Drivers/STM32F0xx_HAL_Driver/Src/stm32f0xx_hal_gpio.c ****   * @param  GPIOx where x can be (A..F) to select the GPIO peripheral for STM32F0 family
 298:Drivers/STM32F0xx_HAL_Driver/Src/stm32f0xx_hal_gpio.c ****   * @param  GPIO_Pin specifies the port bit to be written.
 299:Drivers/STM32F0xx_HAL_Driver/Src/stm32f0xx_hal_gpio.c ****   *         This parameter can be one of GPIO_PIN_x where x can be (0..15).
 300:Drivers/STM32F0xx_HAL_Driver/Src/stm32f0xx_hal_gpio.c ****   * @retval None
 301:Drivers/STM32F0xx_HAL_Driver/Src/stm32f0xx_hal_gpio.c ****   */
 302:Drivers/STM32F0xx_HAL_Driver/Src/stm32f0xx_hal_gpio.c **** void HAL_GPIO_DeInit(GPIO_TypeDef  *GPIOx, uint32_t GPIO_Pin)
 303:Drivers/STM32F0xx_HAL_Driver/Src/stm32f0xx_hal_gpio.c **** {
 386              		.loc 1 303 0
 387              		.cfi_startproc
 388              		@ args = 0, pretend = 0, frame = 0
 389              		@ frame_needed = 0, uses_anonymous_args = 0
 390              	.LVL43:
 391 0000 F0B5     		push	{r4, r5, r6, r7, lr}
 392              	.LCFI3:
 393              		.cfi_def_cfa_offset 20
 394              		.cfi_offset 4, -20
 395              		.cfi_offset 5, -16
 396              		.cfi_offset 6, -12
 397              		.cfi_offset 7, -8
 398              		.cfi_offset 14, -4
 399 0002 CE46     		mov	lr, r9
 400 0004 4746     		mov	r7, r8
 401 0006 80B5     		push	{r7, lr}
 402              	.LCFI4:
 403              		.cfi_def_cfa_offset 28
ARM GAS  /tmp/cc9kQGo6.s 			page 14


 404              		.cfi_offset 8, -28
 405              		.cfi_offset 9, -24
 406 0008 8946     		mov	r9, r1
 407              	.LVL44:
 304:Drivers/STM32F0xx_HAL_Driver/Src/stm32f0xx_hal_gpio.c ****   uint32_t position = 0x00u;
 408              		.loc 1 304 0
 409 000a 0023     		movs	r3, #0
 305:Drivers/STM32F0xx_HAL_Driver/Src/stm32f0xx_hal_gpio.c ****   uint32_t iocurrent;
 306:Drivers/STM32F0xx_HAL_Driver/Src/stm32f0xx_hal_gpio.c ****   uint32_t tmp;
 307:Drivers/STM32F0xx_HAL_Driver/Src/stm32f0xx_hal_gpio.c **** 
 308:Drivers/STM32F0xx_HAL_Driver/Src/stm32f0xx_hal_gpio.c ****   /* Check the parameters */
 309:Drivers/STM32F0xx_HAL_Driver/Src/stm32f0xx_hal_gpio.c ****   assert_param(IS_GPIO_ALL_INSTANCE(GPIOx));
 310:Drivers/STM32F0xx_HAL_Driver/Src/stm32f0xx_hal_gpio.c ****   assert_param(IS_GPIO_PIN(GPIO_Pin));
 311:Drivers/STM32F0xx_HAL_Driver/Src/stm32f0xx_hal_gpio.c **** 
 312:Drivers/STM32F0xx_HAL_Driver/Src/stm32f0xx_hal_gpio.c ****   /* Configure the port pins */
 313:Drivers/STM32F0xx_HAL_Driver/Src/stm32f0xx_hal_gpio.c ****   while ((GPIO_Pin >> position) != 0x00u)
 410              		.loc 1 313 0
 411 000c 24E0     		b	.L24
 412              	.LVL45:
 413              	.L36:
 314:Drivers/STM32F0xx_HAL_Driver/Src/stm32f0xx_hal_gpio.c ****   {
 315:Drivers/STM32F0xx_HAL_Driver/Src/stm32f0xx_hal_gpio.c ****     /* Get current io position */
 316:Drivers/STM32F0xx_HAL_Driver/Src/stm32f0xx_hal_gpio.c ****     iocurrent = (GPIO_Pin) & (1uL << position);
 317:Drivers/STM32F0xx_HAL_Driver/Src/stm32f0xx_hal_gpio.c **** 
 318:Drivers/STM32F0xx_HAL_Driver/Src/stm32f0xx_hal_gpio.c ****     if (iocurrent != 0x00u)
 319:Drivers/STM32F0xx_HAL_Driver/Src/stm32f0xx_hal_gpio.c ****     {
 320:Drivers/STM32F0xx_HAL_Driver/Src/stm32f0xx_hal_gpio.c ****       /*------------------------- EXTI Mode Configuration --------------------*/
 321:Drivers/STM32F0xx_HAL_Driver/Src/stm32f0xx_hal_gpio.c ****       /* Clear the External Interrupt or Event for the current IO */
 322:Drivers/STM32F0xx_HAL_Driver/Src/stm32f0xx_hal_gpio.c **** 
 323:Drivers/STM32F0xx_HAL_Driver/Src/stm32f0xx_hal_gpio.c ****       tmp = SYSCFG->EXTICR[position >> 2u];
 324:Drivers/STM32F0xx_HAL_Driver/Src/stm32f0xx_hal_gpio.c ****       tmp &= (0x0FuL << (4u * (position & 0x03u)));
 325:Drivers/STM32F0xx_HAL_Driver/Src/stm32f0xx_hal_gpio.c ****       if (tmp == (GPIO_GET_INDEX(GPIOx) << (4u * (position & 0x03u))))
 414              		.loc 1 325 0
 415 000e 0421     		movs	r1, #4
 416 0010 8846     		mov	r8, r1
 417 0012 01E0     		b	.L26
 418              	.L29:
 419 0014 0021     		movs	r1, #0
 420 0016 8846     		mov	r8, r1
 421              	.L26:
 422              		.loc 1 325 0 is_stmt 0 discriminator 20
 423 0018 4146     		mov	r1, r8
 424 001a A140     		lsls	r1, r1, r4
 425 001c A942     		cmp	r1, r5
 426 001e 4BD0     		beq	.L34
 427              	.LVL46:
 428              	.L27:
 326:Drivers/STM32F0xx_HAL_Driver/Src/stm32f0xx_hal_gpio.c ****       {
 327:Drivers/STM32F0xx_HAL_Driver/Src/stm32f0xx_hal_gpio.c ****         /* Clear EXTI line configuration */
 328:Drivers/STM32F0xx_HAL_Driver/Src/stm32f0xx_hal_gpio.c ****         EXTI->IMR &= ~((uint32_t)iocurrent);
 329:Drivers/STM32F0xx_HAL_Driver/Src/stm32f0xx_hal_gpio.c ****         EXTI->EMR &= ~((uint32_t)iocurrent);
 330:Drivers/STM32F0xx_HAL_Driver/Src/stm32f0xx_hal_gpio.c ****         
 331:Drivers/STM32F0xx_HAL_Driver/Src/stm32f0xx_hal_gpio.c ****         /* Clear Rising Falling edge configuration */
 332:Drivers/STM32F0xx_HAL_Driver/Src/stm32f0xx_hal_gpio.c ****         EXTI->RTSR &= ~((uint32_t)iocurrent);
 333:Drivers/STM32F0xx_HAL_Driver/Src/stm32f0xx_hal_gpio.c ****         EXTI->FTSR &= ~((uint32_t)iocurrent);
 334:Drivers/STM32F0xx_HAL_Driver/Src/stm32f0xx_hal_gpio.c **** 
 335:Drivers/STM32F0xx_HAL_Driver/Src/stm32f0xx_hal_gpio.c ****         /* Configure the External Interrupt or event for the current IO */
ARM GAS  /tmp/cc9kQGo6.s 			page 15


 336:Drivers/STM32F0xx_HAL_Driver/Src/stm32f0xx_hal_gpio.c ****         tmp = 0x0FuL << (4u * (position & 0x03u));
 337:Drivers/STM32F0xx_HAL_Driver/Src/stm32f0xx_hal_gpio.c ****         SYSCFG->EXTICR[position >> 2u] &= ~tmp;
 338:Drivers/STM32F0xx_HAL_Driver/Src/stm32f0xx_hal_gpio.c ****       }
 339:Drivers/STM32F0xx_HAL_Driver/Src/stm32f0xx_hal_gpio.c **** 
 340:Drivers/STM32F0xx_HAL_Driver/Src/stm32f0xx_hal_gpio.c ****       /*------------------------- GPIO Mode Configuration --------------------*/
 341:Drivers/STM32F0xx_HAL_Driver/Src/stm32f0xx_hal_gpio.c ****       /* Configure IO Direction in Input Floating Mode */
 342:Drivers/STM32F0xx_HAL_Driver/Src/stm32f0xx_hal_gpio.c ****       GPIOx->MODER &= ~(GPIO_MODER_MODER0 << (position * 2u));
 429              		.loc 1 342 0 is_stmt 1
 430 0020 0568     		ldr	r5, [r0]
 431 0022 5E00     		lsls	r6, r3, #1
 432 0024 0324     		movs	r4, #3
 433 0026 B440     		lsls	r4, r4, r6
 434 0028 E443     		mvns	r4, r4
 435 002a 2540     		ands	r5, r4
 436 002c 0560     		str	r5, [r0]
 343:Drivers/STM32F0xx_HAL_Driver/Src/stm32f0xx_hal_gpio.c **** 
 344:Drivers/STM32F0xx_HAL_Driver/Src/stm32f0xx_hal_gpio.c ****       /* Configure the default Alternate Function in current IO */
 345:Drivers/STM32F0xx_HAL_Driver/Src/stm32f0xx_hal_gpio.c ****       GPIOx->AFR[position >> 3u] &= ~(0xFu << ((uint32_t)(position & 0x07u) * 4u)) ;
 437              		.loc 1 345 0
 438 002e DD08     		lsrs	r5, r3, #3
 439 0030 0835     		adds	r5, r5, #8
 440 0032 AD00     		lsls	r5, r5, #2
 441 0034 2F58     		ldr	r7, [r5, r0]
 442 0036 0726     		movs	r6, #7
 443 0038 1E40     		ands	r6, r3
 444 003a B600     		lsls	r6, r6, #2
 445 003c 0F21     		movs	r1, #15
 446 003e B140     		lsls	r1, r1, r6
 447 0040 8F43     		bics	r7, r1
 448 0042 2F50     		str	r7, [r5, r0]
 346:Drivers/STM32F0xx_HAL_Driver/Src/stm32f0xx_hal_gpio.c **** 
 347:Drivers/STM32F0xx_HAL_Driver/Src/stm32f0xx_hal_gpio.c ****       /* Deactivate the Pull-up and Pull-down resistor for the current IO */
 348:Drivers/STM32F0xx_HAL_Driver/Src/stm32f0xx_hal_gpio.c ****       GPIOx->PUPDR &= ~(GPIO_PUPDR_PUPDR0 << (position * 2u));
 449              		.loc 1 348 0
 450 0044 C568     		ldr	r5, [r0, #12]
 451 0046 2540     		ands	r5, r4
 452 0048 C560     		str	r5, [r0, #12]
 349:Drivers/STM32F0xx_HAL_Driver/Src/stm32f0xx_hal_gpio.c **** 
 350:Drivers/STM32F0xx_HAL_Driver/Src/stm32f0xx_hal_gpio.c ****       /* Configure the default value IO Output Type */
 351:Drivers/STM32F0xx_HAL_Driver/Src/stm32f0xx_hal_gpio.c ****       GPIOx->OTYPER  &= ~(GPIO_OTYPER_OT_0 << position) ;
 453              		.loc 1 351 0
 454 004a 4568     		ldr	r5, [r0, #4]
 455 004c 9543     		bics	r5, r2
 456 004e 4560     		str	r5, [r0, #4]
 352:Drivers/STM32F0xx_HAL_Driver/Src/stm32f0xx_hal_gpio.c **** 
 353:Drivers/STM32F0xx_HAL_Driver/Src/stm32f0xx_hal_gpio.c ****       /* Configure the default value for IO Speed */
 354:Drivers/STM32F0xx_HAL_Driver/Src/stm32f0xx_hal_gpio.c ****       GPIOx->OSPEEDR &= ~(GPIO_OSPEEDER_OSPEEDR0 << (position * 2u));
 457              		.loc 1 354 0
 458 0050 8268     		ldr	r2, [r0, #8]
 459              	.LVL47:
 460 0052 1440     		ands	r4, r2
 461 0054 8460     		str	r4, [r0, #8]
 462              	.L25:
 355:Drivers/STM32F0xx_HAL_Driver/Src/stm32f0xx_hal_gpio.c **** 
 356:Drivers/STM32F0xx_HAL_Driver/Src/stm32f0xx_hal_gpio.c ****     }
 357:Drivers/STM32F0xx_HAL_Driver/Src/stm32f0xx_hal_gpio.c **** 
 358:Drivers/STM32F0xx_HAL_Driver/Src/stm32f0xx_hal_gpio.c ****     position++;
ARM GAS  /tmp/cc9kQGo6.s 			page 16


 463              		.loc 1 358 0
 464 0056 0133     		adds	r3, r3, #1
 465              	.LVL48:
 466              	.L24:
 313:Drivers/STM32F0xx_HAL_Driver/Src/stm32f0xx_hal_gpio.c ****   {
 467              		.loc 1 313 0
 468 0058 4A46     		mov	r2, r9
 469 005a DA40     		lsrs	r2, r2, r3
 470 005c 42D0     		beq	.L35
 316:Drivers/STM32F0xx_HAL_Driver/Src/stm32f0xx_hal_gpio.c **** 
 471              		.loc 1 316 0
 472 005e 0122     		movs	r2, #1
 473 0060 9A40     		lsls	r2, r2, r3
 474 0062 4E46     		mov	r6, r9
 475 0064 1640     		ands	r6, r2
 476              	.LVL49:
 318:Drivers/STM32F0xx_HAL_Driver/Src/stm32f0xx_hal_gpio.c ****     {
 477              		.loc 1 318 0
 478 0066 F6D0     		beq	.L25
 323:Drivers/STM32F0xx_HAL_Driver/Src/stm32f0xx_hal_gpio.c ****       tmp &= (0x0FuL << (4u * (position & 0x03u)));
 479              		.loc 1 323 0
 480 0068 9908     		lsrs	r1, r3, #2
 481 006a 8C46     		mov	ip, r1
 482 006c 8C1C     		adds	r4, r1, #2
 483 006e A400     		lsls	r4, r4, #2
 484 0070 1E4D     		ldr	r5, .L37
 485 0072 6559     		ldr	r5, [r4, r5]
 486              	.LVL50:
 324:Drivers/STM32F0xx_HAL_Driver/Src/stm32f0xx_hal_gpio.c ****       if (tmp == (GPIO_GET_INDEX(GPIOx) << (4u * (position & 0x03u))))
 487              		.loc 1 324 0
 488 0074 0324     		movs	r4, #3
 489 0076 1C40     		ands	r4, r3
 490 0078 A400     		lsls	r4, r4, #2
 491 007a 0F27     		movs	r7, #15
 492 007c A740     		lsls	r7, r7, r4
 493 007e 3D40     		ands	r5, r7
 494              	.LVL51:
 325:Drivers/STM32F0xx_HAL_Driver/Src/stm32f0xx_hal_gpio.c ****       {
 495              		.loc 1 325 0
 496 0080 9021     		movs	r1, #144
 497 0082 C905     		lsls	r1, r1, #23
 498 0084 8842     		cmp	r0, r1
 499 0086 C5D0     		beq	.L29
 325:Drivers/STM32F0xx_HAL_Driver/Src/stm32f0xx_hal_gpio.c ****       {
 500              		.loc 1 325 0 is_stmt 0 discriminator 1
 501 0088 1949     		ldr	r1, .L37+4
 502 008a 8842     		cmp	r0, r1
 503 008c 0BD0     		beq	.L30
 325:Drivers/STM32F0xx_HAL_Driver/Src/stm32f0xx_hal_gpio.c ****       {
 504              		.loc 1 325 0 discriminator 3
 505 008e 1949     		ldr	r1, .L37+8
 506 0090 8842     		cmp	r0, r1
 507 0092 0BD0     		beq	.L31
 325:Drivers/STM32F0xx_HAL_Driver/Src/stm32f0xx_hal_gpio.c ****       {
 508              		.loc 1 325 0 discriminator 5
 509 0094 1849     		ldr	r1, .L37+12
 510 0096 8842     		cmp	r0, r1
ARM GAS  /tmp/cc9kQGo6.s 			page 17


 511 0098 0BD0     		beq	.L32
 325:Drivers/STM32F0xx_HAL_Driver/Src/stm32f0xx_hal_gpio.c ****       {
 512              		.loc 1 325 0 discriminator 7
 513 009a 1849     		ldr	r1, .L37+16
 514 009c 8842     		cmp	r0, r1
 515 009e B6D0     		beq	.L36
 325:Drivers/STM32F0xx_HAL_Driver/Src/stm32f0xx_hal_gpio.c ****       {
 516              		.loc 1 325 0
 517 00a0 0521     		movs	r1, #5
 518 00a2 8846     		mov	r8, r1
 519 00a4 B8E7     		b	.L26
 520              	.L30:
 521 00a6 0121     		movs	r1, #1
 522 00a8 8846     		mov	r8, r1
 523 00aa B5E7     		b	.L26
 524              	.L31:
 525 00ac 0221     		movs	r1, #2
 526 00ae 8846     		mov	r8, r1
 527 00b0 B2E7     		b	.L26
 528              	.L32:
 529 00b2 0321     		movs	r1, #3
 530 00b4 8846     		mov	r8, r1
 531 00b6 AFE7     		b	.L26
 532              	.L34:
 328:Drivers/STM32F0xx_HAL_Driver/Src/stm32f0xx_hal_gpio.c ****         EXTI->EMR &= ~((uint32_t)iocurrent);
 533              		.loc 1 328 0 is_stmt 1
 534 00b8 114C     		ldr	r4, .L37+20
 535 00ba 2568     		ldr	r5, [r4]
 536              	.LVL52:
 537 00bc F643     		mvns	r6, r6
 538              	.LVL53:
 539 00be 3540     		ands	r5, r6
 540 00c0 2560     		str	r5, [r4]
 329:Drivers/STM32F0xx_HAL_Driver/Src/stm32f0xx_hal_gpio.c ****         
 541              		.loc 1 329 0
 542 00c2 6568     		ldr	r5, [r4, #4]
 543 00c4 3540     		ands	r5, r6
 544 00c6 6560     		str	r5, [r4, #4]
 332:Drivers/STM32F0xx_HAL_Driver/Src/stm32f0xx_hal_gpio.c ****         EXTI->FTSR &= ~((uint32_t)iocurrent);
 545              		.loc 1 332 0
 546 00c8 A568     		ldr	r5, [r4, #8]
 547 00ca 3540     		ands	r5, r6
 548 00cc A560     		str	r5, [r4, #8]
 333:Drivers/STM32F0xx_HAL_Driver/Src/stm32f0xx_hal_gpio.c **** 
 549              		.loc 1 333 0
 550 00ce E568     		ldr	r5, [r4, #12]
 551 00d0 2E40     		ands	r6, r5
 552              	.LVL54:
 553 00d2 E660     		str	r6, [r4, #12]
 554              	.LVL55:
 337:Drivers/STM32F0xx_HAL_Driver/Src/stm32f0xx_hal_gpio.c ****       }
 555              		.loc 1 337 0
 556 00d4 054E     		ldr	r6, .L37
 557 00d6 6446     		mov	r4, ip
 558 00d8 0234     		adds	r4, r4, #2
 559 00da A400     		lsls	r4, r4, #2
 560 00dc A559     		ldr	r5, [r4, r6]
ARM GAS  /tmp/cc9kQGo6.s 			page 18


 561 00de BD43     		bics	r5, r7
 562 00e0 A551     		str	r5, [r4, r6]
 563 00e2 9DE7     		b	.L27
 564              	.LVL56:
 565              	.L35:
 359:Drivers/STM32F0xx_HAL_Driver/Src/stm32f0xx_hal_gpio.c ****   }
 360:Drivers/STM32F0xx_HAL_Driver/Src/stm32f0xx_hal_gpio.c **** }
 566              		.loc 1 360 0
 567              		@ sp needed
 568              	.LVL57:
 569 00e4 0CBC     		pop	{r2, r3}
 570 00e6 9046     		mov	r8, r2
 571 00e8 9946     		mov	r9, r3
 572 00ea F0BD     		pop	{r4, r5, r6, r7, pc}
 573              	.L38:
 574              		.align	2
 575              	.L37:
 576 00ec 00000140 		.word	1073807360
 577 00f0 00040048 		.word	1207960576
 578 00f4 00080048 		.word	1207961600
 579 00f8 000C0048 		.word	1207962624
 580 00fc 00100048 		.word	1207963648
 581 0100 00040140 		.word	1073808384
 582              		.cfi_endproc
 583              	.LFE41:
 585              		.section	.text.HAL_GPIO_ReadPin,"ax",%progbits
 586              		.align	1
 587              		.global	HAL_GPIO_ReadPin
 588              		.syntax unified
 589              		.code	16
 590              		.thumb_func
 591              		.fpu softvfp
 593              	HAL_GPIO_ReadPin:
 594              	.LFB42:
 361:Drivers/STM32F0xx_HAL_Driver/Src/stm32f0xx_hal_gpio.c **** 
 362:Drivers/STM32F0xx_HAL_Driver/Src/stm32f0xx_hal_gpio.c **** /**
 363:Drivers/STM32F0xx_HAL_Driver/Src/stm32f0xx_hal_gpio.c ****   * @}
 364:Drivers/STM32F0xx_HAL_Driver/Src/stm32f0xx_hal_gpio.c ****   */
 365:Drivers/STM32F0xx_HAL_Driver/Src/stm32f0xx_hal_gpio.c **** 
 366:Drivers/STM32F0xx_HAL_Driver/Src/stm32f0xx_hal_gpio.c **** /** @defgroup GPIO_Exported_Functions_Group2 IO operation functions 
 367:Drivers/STM32F0xx_HAL_Driver/Src/stm32f0xx_hal_gpio.c ****  *  @brief GPIO Read, Write, Toggle, Lock and EXTI management functions.
 368:Drivers/STM32F0xx_HAL_Driver/Src/stm32f0xx_hal_gpio.c ****  *
 369:Drivers/STM32F0xx_HAL_Driver/Src/stm32f0xx_hal_gpio.c **** @verbatim   
 370:Drivers/STM32F0xx_HAL_Driver/Src/stm32f0xx_hal_gpio.c ****  ===============================================================================
 371:Drivers/STM32F0xx_HAL_Driver/Src/stm32f0xx_hal_gpio.c ****                        ##### IO operation functions #####
 372:Drivers/STM32F0xx_HAL_Driver/Src/stm32f0xx_hal_gpio.c ****  ===============================================================================  
 373:Drivers/STM32F0xx_HAL_Driver/Src/stm32f0xx_hal_gpio.c **** 
 374:Drivers/STM32F0xx_HAL_Driver/Src/stm32f0xx_hal_gpio.c **** @endverbatim
 375:Drivers/STM32F0xx_HAL_Driver/Src/stm32f0xx_hal_gpio.c ****   * @{
 376:Drivers/STM32F0xx_HAL_Driver/Src/stm32f0xx_hal_gpio.c ****   */
 377:Drivers/STM32F0xx_HAL_Driver/Src/stm32f0xx_hal_gpio.c **** 
 378:Drivers/STM32F0xx_HAL_Driver/Src/stm32f0xx_hal_gpio.c **** /**
 379:Drivers/STM32F0xx_HAL_Driver/Src/stm32f0xx_hal_gpio.c ****   * @brief  Read the specified input port pin.
 380:Drivers/STM32F0xx_HAL_Driver/Src/stm32f0xx_hal_gpio.c ****   * @param  GPIOx where x can be (A..F) to select the GPIO peripheral for STM32F0 family
 381:Drivers/STM32F0xx_HAL_Driver/Src/stm32f0xx_hal_gpio.c ****   * @param  GPIO_Pin specifies the port bit to read.
 382:Drivers/STM32F0xx_HAL_Driver/Src/stm32f0xx_hal_gpio.c ****   *         This parameter can be GPIO_PIN_x where x can be (0..15).
 383:Drivers/STM32F0xx_HAL_Driver/Src/stm32f0xx_hal_gpio.c ****   * @retval The input port pin value.
ARM GAS  /tmp/cc9kQGo6.s 			page 19


 384:Drivers/STM32F0xx_HAL_Driver/Src/stm32f0xx_hal_gpio.c ****   */
 385:Drivers/STM32F0xx_HAL_Driver/Src/stm32f0xx_hal_gpio.c **** GPIO_PinState HAL_GPIO_ReadPin(GPIO_TypeDef* GPIOx, uint16_t GPIO_Pin)
 386:Drivers/STM32F0xx_HAL_Driver/Src/stm32f0xx_hal_gpio.c **** {
 595              		.loc 1 386 0
 596              		.cfi_startproc
 597              		@ args = 0, pretend = 0, frame = 0
 598              		@ frame_needed = 0, uses_anonymous_args = 0
 599              		@ link register save eliminated.
 600              	.LVL58:
 387:Drivers/STM32F0xx_HAL_Driver/Src/stm32f0xx_hal_gpio.c ****   GPIO_PinState bitstatus;
 388:Drivers/STM32F0xx_HAL_Driver/Src/stm32f0xx_hal_gpio.c **** 
 389:Drivers/STM32F0xx_HAL_Driver/Src/stm32f0xx_hal_gpio.c ****   /* Check the parameters */
 390:Drivers/STM32F0xx_HAL_Driver/Src/stm32f0xx_hal_gpio.c ****   assert_param(IS_GPIO_PIN(GPIO_Pin));
 391:Drivers/STM32F0xx_HAL_Driver/Src/stm32f0xx_hal_gpio.c **** 
 392:Drivers/STM32F0xx_HAL_Driver/Src/stm32f0xx_hal_gpio.c ****   if ((GPIOx->IDR & GPIO_Pin) != (uint32_t)GPIO_PIN_RESET)
 601              		.loc 1 392 0
 602 0000 0369     		ldr	r3, [r0, #16]
 603 0002 0B42     		tst	r3, r1
 604 0004 01D1     		bne	.L42
 393:Drivers/STM32F0xx_HAL_Driver/Src/stm32f0xx_hal_gpio.c ****   {
 394:Drivers/STM32F0xx_HAL_Driver/Src/stm32f0xx_hal_gpio.c ****     bitstatus = GPIO_PIN_SET;
 395:Drivers/STM32F0xx_HAL_Driver/Src/stm32f0xx_hal_gpio.c ****   }
 396:Drivers/STM32F0xx_HAL_Driver/Src/stm32f0xx_hal_gpio.c ****   else
 397:Drivers/STM32F0xx_HAL_Driver/Src/stm32f0xx_hal_gpio.c ****   {
 398:Drivers/STM32F0xx_HAL_Driver/Src/stm32f0xx_hal_gpio.c ****     bitstatus = GPIO_PIN_RESET;
 605              		.loc 1 398 0
 606 0006 0020     		movs	r0, #0
 607              	.LVL59:
 608              	.L40:
 399:Drivers/STM32F0xx_HAL_Driver/Src/stm32f0xx_hal_gpio.c ****   }
 400:Drivers/STM32F0xx_HAL_Driver/Src/stm32f0xx_hal_gpio.c ****   return bitstatus;
 401:Drivers/STM32F0xx_HAL_Driver/Src/stm32f0xx_hal_gpio.c ****   }
 609              		.loc 1 401 0
 610              		@ sp needed
 611 0008 7047     		bx	lr
 612              	.LVL60:
 613              	.L42:
 394:Drivers/STM32F0xx_HAL_Driver/Src/stm32f0xx_hal_gpio.c ****   }
 614              		.loc 1 394 0
 615 000a 0120     		movs	r0, #1
 616              	.LVL61:
 617 000c FCE7     		b	.L40
 618              		.cfi_endproc
 619              	.LFE42:
 621              		.section	.text.HAL_GPIO_WritePin,"ax",%progbits
 622              		.align	1
 623              		.global	HAL_GPIO_WritePin
 624              		.syntax unified
 625              		.code	16
 626              		.thumb_func
 627              		.fpu softvfp
 629              	HAL_GPIO_WritePin:
 630              	.LFB43:
 402:Drivers/STM32F0xx_HAL_Driver/Src/stm32f0xx_hal_gpio.c **** 
 403:Drivers/STM32F0xx_HAL_Driver/Src/stm32f0xx_hal_gpio.c **** /**
 404:Drivers/STM32F0xx_HAL_Driver/Src/stm32f0xx_hal_gpio.c ****   * @brief  Set or clear the selected data port bit.
 405:Drivers/STM32F0xx_HAL_Driver/Src/stm32f0xx_hal_gpio.c ****   * @note   This function uses GPIOx_BSRR and GPIOx_BRR registers to allow atomic read/modify
ARM GAS  /tmp/cc9kQGo6.s 			page 20


 406:Drivers/STM32F0xx_HAL_Driver/Src/stm32f0xx_hal_gpio.c ****   *         accesses. In this way, there is no risk of an IRQ occurring between
 407:Drivers/STM32F0xx_HAL_Driver/Src/stm32f0xx_hal_gpio.c ****   *         the read and the modify access.
 408:Drivers/STM32F0xx_HAL_Driver/Src/stm32f0xx_hal_gpio.c ****   *
 409:Drivers/STM32F0xx_HAL_Driver/Src/stm32f0xx_hal_gpio.c ****   * @param  GPIOx where x can be (A..H) to select the GPIO peripheral for STM32F0 family
 410:Drivers/STM32F0xx_HAL_Driver/Src/stm32f0xx_hal_gpio.c ****   * @param  GPIO_Pin specifies the port bit to be written.
 411:Drivers/STM32F0xx_HAL_Driver/Src/stm32f0xx_hal_gpio.c ****   *          This parameter can be one of GPIO_PIN_x where x can be (0..15).
 412:Drivers/STM32F0xx_HAL_Driver/Src/stm32f0xx_hal_gpio.c ****   * @param  PinState specifies the value to be written to the selected bit.
 413:Drivers/STM32F0xx_HAL_Driver/Src/stm32f0xx_hal_gpio.c ****   *          This parameter can be one of the GPIO_PinState enum values:
 414:Drivers/STM32F0xx_HAL_Driver/Src/stm32f0xx_hal_gpio.c ****   *            @arg GPIO_PIN_RESET: to clear the port pin
 415:Drivers/STM32F0xx_HAL_Driver/Src/stm32f0xx_hal_gpio.c ****   *            @arg GPIO_PIN_SET: to set the port pin
 416:Drivers/STM32F0xx_HAL_Driver/Src/stm32f0xx_hal_gpio.c ****   * @retval None
 417:Drivers/STM32F0xx_HAL_Driver/Src/stm32f0xx_hal_gpio.c ****   */
 418:Drivers/STM32F0xx_HAL_Driver/Src/stm32f0xx_hal_gpio.c **** void HAL_GPIO_WritePin(GPIO_TypeDef* GPIOx, uint16_t GPIO_Pin, GPIO_PinState PinState)
 419:Drivers/STM32F0xx_HAL_Driver/Src/stm32f0xx_hal_gpio.c **** {
 631              		.loc 1 419 0
 632              		.cfi_startproc
 633              		@ args = 0, pretend = 0, frame = 0
 634              		@ frame_needed = 0, uses_anonymous_args = 0
 635              		@ link register save eliminated.
 636              	.LVL62:
 420:Drivers/STM32F0xx_HAL_Driver/Src/stm32f0xx_hal_gpio.c ****   /* Check the parameters */
 421:Drivers/STM32F0xx_HAL_Driver/Src/stm32f0xx_hal_gpio.c ****   assert_param(IS_GPIO_PIN(GPIO_Pin));
 422:Drivers/STM32F0xx_HAL_Driver/Src/stm32f0xx_hal_gpio.c ****   assert_param(IS_GPIO_PIN_ACTION(PinState));
 423:Drivers/STM32F0xx_HAL_Driver/Src/stm32f0xx_hal_gpio.c **** 
 424:Drivers/STM32F0xx_HAL_Driver/Src/stm32f0xx_hal_gpio.c ****   if (PinState != GPIO_PIN_RESET)
 637              		.loc 1 424 0
 638 0000 002A     		cmp	r2, #0
 639 0002 01D1     		bne	.L46
 425:Drivers/STM32F0xx_HAL_Driver/Src/stm32f0xx_hal_gpio.c ****   {
 426:Drivers/STM32F0xx_HAL_Driver/Src/stm32f0xx_hal_gpio.c ****     GPIOx->BSRR = (uint32_t)GPIO_Pin;
 427:Drivers/STM32F0xx_HAL_Driver/Src/stm32f0xx_hal_gpio.c ****   }
 428:Drivers/STM32F0xx_HAL_Driver/Src/stm32f0xx_hal_gpio.c ****   else
 429:Drivers/STM32F0xx_HAL_Driver/Src/stm32f0xx_hal_gpio.c ****   {
 430:Drivers/STM32F0xx_HAL_Driver/Src/stm32f0xx_hal_gpio.c ****     GPIOx->BRR = (uint32_t)GPIO_Pin;
 640              		.loc 1 430 0
 641 0004 8162     		str	r1, [r0, #40]
 642              	.L43:
 431:Drivers/STM32F0xx_HAL_Driver/Src/stm32f0xx_hal_gpio.c ****   }
 432:Drivers/STM32F0xx_HAL_Driver/Src/stm32f0xx_hal_gpio.c **** }
 643              		.loc 1 432 0
 644              		@ sp needed
 645 0006 7047     		bx	lr
 646              	.L46:
 426:Drivers/STM32F0xx_HAL_Driver/Src/stm32f0xx_hal_gpio.c ****   }
 647              		.loc 1 426 0
 648 0008 8161     		str	r1, [r0, #24]
 649 000a FCE7     		b	.L43
 650              		.cfi_endproc
 651              	.LFE43:
 653              		.section	.text.HAL_GPIO_TogglePin,"ax",%progbits
 654              		.align	1
 655              		.global	HAL_GPIO_TogglePin
 656              		.syntax unified
 657              		.code	16
 658              		.thumb_func
 659              		.fpu softvfp
 661              	HAL_GPIO_TogglePin:
ARM GAS  /tmp/cc9kQGo6.s 			page 21


 662              	.LFB44:
 433:Drivers/STM32F0xx_HAL_Driver/Src/stm32f0xx_hal_gpio.c ****   
 434:Drivers/STM32F0xx_HAL_Driver/Src/stm32f0xx_hal_gpio.c **** /**
 435:Drivers/STM32F0xx_HAL_Driver/Src/stm32f0xx_hal_gpio.c ****   * @brief  Toggle the specified GPIO pin.
 436:Drivers/STM32F0xx_HAL_Driver/Src/stm32f0xx_hal_gpio.c ****   * @param  GPIOx where x can be (A..F) to select the GPIO peripheral for STM32F0 family
 437:Drivers/STM32F0xx_HAL_Driver/Src/stm32f0xx_hal_gpio.c ****   * @param  GPIO_Pin specifies the pin to be toggled.
 438:Drivers/STM32F0xx_HAL_Driver/Src/stm32f0xx_hal_gpio.c ****   * @retval None
 439:Drivers/STM32F0xx_HAL_Driver/Src/stm32f0xx_hal_gpio.c ****   */
 440:Drivers/STM32F0xx_HAL_Driver/Src/stm32f0xx_hal_gpio.c **** void HAL_GPIO_TogglePin(GPIO_TypeDef* GPIOx, uint16_t GPIO_Pin)
 441:Drivers/STM32F0xx_HAL_Driver/Src/stm32f0xx_hal_gpio.c **** {
 663              		.loc 1 441 0
 664              		.cfi_startproc
 665              		@ args = 0, pretend = 0, frame = 0
 666              		@ frame_needed = 0, uses_anonymous_args = 0
 667              		@ link register save eliminated.
 668              	.LVL63:
 442:Drivers/STM32F0xx_HAL_Driver/Src/stm32f0xx_hal_gpio.c ****   uint32_t odr;
 443:Drivers/STM32F0xx_HAL_Driver/Src/stm32f0xx_hal_gpio.c **** 
 444:Drivers/STM32F0xx_HAL_Driver/Src/stm32f0xx_hal_gpio.c ****   /* Check the parameters */
 445:Drivers/STM32F0xx_HAL_Driver/Src/stm32f0xx_hal_gpio.c ****   assert_param(IS_GPIO_PIN(GPIO_Pin));
 446:Drivers/STM32F0xx_HAL_Driver/Src/stm32f0xx_hal_gpio.c **** 
 447:Drivers/STM32F0xx_HAL_Driver/Src/stm32f0xx_hal_gpio.c ****   /* get current Ouput Data Register value */
 448:Drivers/STM32F0xx_HAL_Driver/Src/stm32f0xx_hal_gpio.c ****   odr = GPIOx->ODR;
 669              		.loc 1 448 0
 670 0000 4269     		ldr	r2, [r0, #20]
 671              	.LVL64:
 449:Drivers/STM32F0xx_HAL_Driver/Src/stm32f0xx_hal_gpio.c **** 
 450:Drivers/STM32F0xx_HAL_Driver/Src/stm32f0xx_hal_gpio.c ****   /* Set selected pins that were at low level, and reset ones that were high */
 451:Drivers/STM32F0xx_HAL_Driver/Src/stm32f0xx_hal_gpio.c ****   GPIOx->BSRR = ((odr & GPIO_Pin) << GPIO_NUMBER) | (~odr & GPIO_Pin);
 672              		.loc 1 451 0
 673 0002 1300     		movs	r3, r2
 674 0004 0B40     		ands	r3, r1
 675 0006 1B04     		lsls	r3, r3, #16
 676 0008 9143     		bics	r1, r2
 677              	.LVL65:
 678 000a 1943     		orrs	r1, r3
 679 000c 8161     		str	r1, [r0, #24]
 452:Drivers/STM32F0xx_HAL_Driver/Src/stm32f0xx_hal_gpio.c **** }
 680              		.loc 1 452 0
 681              		@ sp needed
 682 000e 7047     		bx	lr
 683              		.cfi_endproc
 684              	.LFE44:
 686              		.section	.text.HAL_GPIO_LockPin,"ax",%progbits
 687              		.align	1
 688              		.global	HAL_GPIO_LockPin
 689              		.syntax unified
 690              		.code	16
 691              		.thumb_func
 692              		.fpu softvfp
 694              	HAL_GPIO_LockPin:
 695              	.LFB45:
 453:Drivers/STM32F0xx_HAL_Driver/Src/stm32f0xx_hal_gpio.c **** 
 454:Drivers/STM32F0xx_HAL_Driver/Src/stm32f0xx_hal_gpio.c **** /**
 455:Drivers/STM32F0xx_HAL_Driver/Src/stm32f0xx_hal_gpio.c **** * @brief  Locks GPIO Pins configuration registers.
 456:Drivers/STM32F0xx_HAL_Driver/Src/stm32f0xx_hal_gpio.c **** * @note   The locked registers are GPIOx_MODER, GPIOx_OTYPER, GPIOx_OSPEEDR,
 457:Drivers/STM32F0xx_HAL_Driver/Src/stm32f0xx_hal_gpio.c **** *         GPIOx_PUPDR, GPIOx_AFRL and GPIOx_AFRH.
ARM GAS  /tmp/cc9kQGo6.s 			page 22


 458:Drivers/STM32F0xx_HAL_Driver/Src/stm32f0xx_hal_gpio.c **** * @note   The configuration of the locked GPIO pins can no longer be modified
 459:Drivers/STM32F0xx_HAL_Driver/Src/stm32f0xx_hal_gpio.c **** *         until the next reset.
 460:Drivers/STM32F0xx_HAL_Driver/Src/stm32f0xx_hal_gpio.c ****   * @param  GPIOx where x can be (A..F) to select the GPIO peripheral for STM32F0 family
 461:Drivers/STM32F0xx_HAL_Driver/Src/stm32f0xx_hal_gpio.c ****   * @param  GPIO_Pin specifies the port bits to be locked.
 462:Drivers/STM32F0xx_HAL_Driver/Src/stm32f0xx_hal_gpio.c **** *         This parameter can be any combination of GPIO_Pin_x where x can be (0..15).
 463:Drivers/STM32F0xx_HAL_Driver/Src/stm32f0xx_hal_gpio.c **** * @retval None
 464:Drivers/STM32F0xx_HAL_Driver/Src/stm32f0xx_hal_gpio.c **** */
 465:Drivers/STM32F0xx_HAL_Driver/Src/stm32f0xx_hal_gpio.c **** HAL_StatusTypeDef HAL_GPIO_LockPin(GPIO_TypeDef* GPIOx, uint16_t GPIO_Pin)
 466:Drivers/STM32F0xx_HAL_Driver/Src/stm32f0xx_hal_gpio.c **** {
 696              		.loc 1 466 0
 697              		.cfi_startproc
 698              		@ args = 0, pretend = 0, frame = 8
 699              		@ frame_needed = 0, uses_anonymous_args = 0
 700              		@ link register save eliminated.
 701              	.LVL66:
 702 0000 82B0     		sub	sp, sp, #8
 703              	.LCFI5:
 704              		.cfi_def_cfa_offset 8
 467:Drivers/STM32F0xx_HAL_Driver/Src/stm32f0xx_hal_gpio.c ****   __IO uint32_t tmp = GPIO_LCKR_LCKK;
 705              		.loc 1 467 0
 706 0002 8022     		movs	r2, #128
 707 0004 5202     		lsls	r2, r2, #9
 708 0006 0192     		str	r2, [sp, #4]
 468:Drivers/STM32F0xx_HAL_Driver/Src/stm32f0xx_hal_gpio.c **** 
 469:Drivers/STM32F0xx_HAL_Driver/Src/stm32f0xx_hal_gpio.c ****   /* Check the parameters */
 470:Drivers/STM32F0xx_HAL_Driver/Src/stm32f0xx_hal_gpio.c ****   assert_param(IS_GPIO_LOCK_INSTANCE(GPIOx));
 471:Drivers/STM32F0xx_HAL_Driver/Src/stm32f0xx_hal_gpio.c ****   assert_param(IS_GPIO_PIN(GPIO_Pin));
 472:Drivers/STM32F0xx_HAL_Driver/Src/stm32f0xx_hal_gpio.c **** 
 473:Drivers/STM32F0xx_HAL_Driver/Src/stm32f0xx_hal_gpio.c ****   /* Apply lock key write sequence */
 474:Drivers/STM32F0xx_HAL_Driver/Src/stm32f0xx_hal_gpio.c ****   SET_BIT(tmp, GPIO_Pin);
 709              		.loc 1 474 0
 710 0008 019B     		ldr	r3, [sp, #4]
 711 000a 0B43     		orrs	r3, r1
 712 000c 0193     		str	r3, [sp, #4]
 475:Drivers/STM32F0xx_HAL_Driver/Src/stm32f0xx_hal_gpio.c ****   /* Set LCKx bit(s): LCKK='1' + LCK[15-0] */
 476:Drivers/STM32F0xx_HAL_Driver/Src/stm32f0xx_hal_gpio.c ****   GPIOx->LCKR = tmp;
 713              		.loc 1 476 0
 714 000e 019B     		ldr	r3, [sp, #4]
 715 0010 C361     		str	r3, [r0, #28]
 477:Drivers/STM32F0xx_HAL_Driver/Src/stm32f0xx_hal_gpio.c ****   /* Reset LCKx bit(s): LCKK='0' + LCK[15-0] */
 478:Drivers/STM32F0xx_HAL_Driver/Src/stm32f0xx_hal_gpio.c ****   GPIOx->LCKR = GPIO_Pin;
 716              		.loc 1 478 0
 717 0012 C161     		str	r1, [r0, #28]
 479:Drivers/STM32F0xx_HAL_Driver/Src/stm32f0xx_hal_gpio.c ****   /* Set LCKx bit(s): LCKK='1' + LCK[15-0] */
 480:Drivers/STM32F0xx_HAL_Driver/Src/stm32f0xx_hal_gpio.c ****   GPIOx->LCKR = tmp;
 718              		.loc 1 480 0
 719 0014 019B     		ldr	r3, [sp, #4]
 720 0016 C361     		str	r3, [r0, #28]
 481:Drivers/STM32F0xx_HAL_Driver/Src/stm32f0xx_hal_gpio.c ****   /* Read LCKK register. This read is mandatory to complete key lock sequence */
 482:Drivers/STM32F0xx_HAL_Driver/Src/stm32f0xx_hal_gpio.c ****   tmp = GPIOx->LCKR;
 721              		.loc 1 482 0
 722 0018 C369     		ldr	r3, [r0, #28]
 723 001a 0193     		str	r3, [sp, #4]
 483:Drivers/STM32F0xx_HAL_Driver/Src/stm32f0xx_hal_gpio.c **** 
 484:Drivers/STM32F0xx_HAL_Driver/Src/stm32f0xx_hal_gpio.c ****   /* read again in order to confirm lock is active */
 485:Drivers/STM32F0xx_HAL_Driver/Src/stm32f0xx_hal_gpio.c ****  if((GPIOx->LCKR & GPIO_LCKR_LCKK) != 0x00u)
 724              		.loc 1 485 0
ARM GAS  /tmp/cc9kQGo6.s 			page 23


 725 001c C369     		ldr	r3, [r0, #28]
 726 001e 1342     		tst	r3, r2
 727 0020 02D1     		bne	.L51
 486:Drivers/STM32F0xx_HAL_Driver/Src/stm32f0xx_hal_gpio.c ****   {
 487:Drivers/STM32F0xx_HAL_Driver/Src/stm32f0xx_hal_gpio.c ****     return HAL_OK;
 488:Drivers/STM32F0xx_HAL_Driver/Src/stm32f0xx_hal_gpio.c ****   }
 489:Drivers/STM32F0xx_HAL_Driver/Src/stm32f0xx_hal_gpio.c ****   else
 490:Drivers/STM32F0xx_HAL_Driver/Src/stm32f0xx_hal_gpio.c ****   {
 491:Drivers/STM32F0xx_HAL_Driver/Src/stm32f0xx_hal_gpio.c ****     return HAL_ERROR;
 728              		.loc 1 491 0
 729 0022 0120     		movs	r0, #1
 730              	.LVL67:
 731              	.L49:
 492:Drivers/STM32F0xx_HAL_Driver/Src/stm32f0xx_hal_gpio.c ****   }
 493:Drivers/STM32F0xx_HAL_Driver/Src/stm32f0xx_hal_gpio.c **** }
 732              		.loc 1 493 0
 733 0024 02B0     		add	sp, sp, #8
 734              		@ sp needed
 735 0026 7047     		bx	lr
 736              	.LVL68:
 737              	.L51:
 487:Drivers/STM32F0xx_HAL_Driver/Src/stm32f0xx_hal_gpio.c ****   }
 738              		.loc 1 487 0
 739 0028 0020     		movs	r0, #0
 740              	.LVL69:
 741 002a FBE7     		b	.L49
 742              		.cfi_endproc
 743              	.LFE45:
 745              		.section	.text.HAL_GPIO_EXTI_Callback,"ax",%progbits
 746              		.align	1
 747              		.weak	HAL_GPIO_EXTI_Callback
 748              		.syntax unified
 749              		.code	16
 750              		.thumb_func
 751              		.fpu softvfp
 753              	HAL_GPIO_EXTI_Callback:
 754              	.LFB47:
 494:Drivers/STM32F0xx_HAL_Driver/Src/stm32f0xx_hal_gpio.c **** 
 495:Drivers/STM32F0xx_HAL_Driver/Src/stm32f0xx_hal_gpio.c **** /**
 496:Drivers/STM32F0xx_HAL_Driver/Src/stm32f0xx_hal_gpio.c ****   * @brief  Handle EXTI interrupt request.
 497:Drivers/STM32F0xx_HAL_Driver/Src/stm32f0xx_hal_gpio.c ****   * @param  GPIO_Pin Specifies the port pin connected to corresponding EXTI line.
 498:Drivers/STM32F0xx_HAL_Driver/Src/stm32f0xx_hal_gpio.c ****   * @retval None
 499:Drivers/STM32F0xx_HAL_Driver/Src/stm32f0xx_hal_gpio.c ****   */
 500:Drivers/STM32F0xx_HAL_Driver/Src/stm32f0xx_hal_gpio.c **** void HAL_GPIO_EXTI_IRQHandler(uint16_t GPIO_Pin)
 501:Drivers/STM32F0xx_HAL_Driver/Src/stm32f0xx_hal_gpio.c **** {
 502:Drivers/STM32F0xx_HAL_Driver/Src/stm32f0xx_hal_gpio.c ****   /* EXTI line interrupt detected */
 503:Drivers/STM32F0xx_HAL_Driver/Src/stm32f0xx_hal_gpio.c ****   if(__HAL_GPIO_EXTI_GET_IT(GPIO_Pin) != 0x00u)
 504:Drivers/STM32F0xx_HAL_Driver/Src/stm32f0xx_hal_gpio.c ****   { 
 505:Drivers/STM32F0xx_HAL_Driver/Src/stm32f0xx_hal_gpio.c ****     __HAL_GPIO_EXTI_CLEAR_IT(GPIO_Pin);
 506:Drivers/STM32F0xx_HAL_Driver/Src/stm32f0xx_hal_gpio.c ****     HAL_GPIO_EXTI_Callback(GPIO_Pin);
 507:Drivers/STM32F0xx_HAL_Driver/Src/stm32f0xx_hal_gpio.c ****   }
 508:Drivers/STM32F0xx_HAL_Driver/Src/stm32f0xx_hal_gpio.c **** }
 509:Drivers/STM32F0xx_HAL_Driver/Src/stm32f0xx_hal_gpio.c **** 
 510:Drivers/STM32F0xx_HAL_Driver/Src/stm32f0xx_hal_gpio.c **** /**
 511:Drivers/STM32F0xx_HAL_Driver/Src/stm32f0xx_hal_gpio.c ****   * @brief  EXTI line detection callback.
 512:Drivers/STM32F0xx_HAL_Driver/Src/stm32f0xx_hal_gpio.c ****   * @param  GPIO_Pin Specifies the port pin connected to corresponding EXTI line.
 513:Drivers/STM32F0xx_HAL_Driver/Src/stm32f0xx_hal_gpio.c ****   * @retval None
ARM GAS  /tmp/cc9kQGo6.s 			page 24


 514:Drivers/STM32F0xx_HAL_Driver/Src/stm32f0xx_hal_gpio.c ****   */
 515:Drivers/STM32F0xx_HAL_Driver/Src/stm32f0xx_hal_gpio.c **** __weak void HAL_GPIO_EXTI_Callback(uint16_t GPIO_Pin)
 516:Drivers/STM32F0xx_HAL_Driver/Src/stm32f0xx_hal_gpio.c **** {
 755              		.loc 1 516 0
 756              		.cfi_startproc
 757              		@ args = 0, pretend = 0, frame = 0
 758              		@ frame_needed = 0, uses_anonymous_args = 0
 759              		@ link register save eliminated.
 760              	.LVL70:
 517:Drivers/STM32F0xx_HAL_Driver/Src/stm32f0xx_hal_gpio.c ****   /* Prevent unused argument(s) compilation warning */
 518:Drivers/STM32F0xx_HAL_Driver/Src/stm32f0xx_hal_gpio.c ****   UNUSED(GPIO_Pin);
 519:Drivers/STM32F0xx_HAL_Driver/Src/stm32f0xx_hal_gpio.c **** 
 520:Drivers/STM32F0xx_HAL_Driver/Src/stm32f0xx_hal_gpio.c ****   /* NOTE: This function should not be modified, when the callback is needed,
 521:Drivers/STM32F0xx_HAL_Driver/Src/stm32f0xx_hal_gpio.c ****             the HAL_GPIO_EXTI_Callback could be implemented in the user file
 522:Drivers/STM32F0xx_HAL_Driver/Src/stm32f0xx_hal_gpio.c ****    */ 
 523:Drivers/STM32F0xx_HAL_Driver/Src/stm32f0xx_hal_gpio.c **** }
 761              		.loc 1 523 0
 762              		@ sp needed
 763 0000 7047     		bx	lr
 764              		.cfi_endproc
 765              	.LFE47:
 767              		.section	.text.HAL_GPIO_EXTI_IRQHandler,"ax",%progbits
 768              		.align	1
 769              		.global	HAL_GPIO_EXTI_IRQHandler
 770              		.syntax unified
 771              		.code	16
 772              		.thumb_func
 773              		.fpu softvfp
 775              	HAL_GPIO_EXTI_IRQHandler:
 776              	.LFB46:
 501:Drivers/STM32F0xx_HAL_Driver/Src/stm32f0xx_hal_gpio.c ****   /* EXTI line interrupt detected */
 777              		.loc 1 501 0
 778              		.cfi_startproc
 779              		@ args = 0, pretend = 0, frame = 0
 780              		@ frame_needed = 0, uses_anonymous_args = 0
 781              	.LVL71:
 782 0000 10B5     		push	{r4, lr}
 783              	.LCFI6:
 784              		.cfi_def_cfa_offset 8
 785              		.cfi_offset 4, -8
 786              		.cfi_offset 14, -4
 503:Drivers/STM32F0xx_HAL_Driver/Src/stm32f0xx_hal_gpio.c ****   { 
 787              		.loc 1 503 0
 788 0002 054B     		ldr	r3, .L56
 789 0004 5B69     		ldr	r3, [r3, #20]
 790 0006 1842     		tst	r0, r3
 791 0008 00D1     		bne	.L55
 792              	.LVL72:
 793              	.L53:
 508:Drivers/STM32F0xx_HAL_Driver/Src/stm32f0xx_hal_gpio.c **** 
 794              		.loc 1 508 0
 795              		@ sp needed
 796 000a 10BD     		pop	{r4, pc}
 797              	.LVL73:
 798              	.L55:
 505:Drivers/STM32F0xx_HAL_Driver/Src/stm32f0xx_hal_gpio.c ****     HAL_GPIO_EXTI_Callback(GPIO_Pin);
 799              		.loc 1 505 0
ARM GAS  /tmp/cc9kQGo6.s 			page 25


 800 000c 024B     		ldr	r3, .L56
 801 000e 5861     		str	r0, [r3, #20]
 506:Drivers/STM32F0xx_HAL_Driver/Src/stm32f0xx_hal_gpio.c ****   }
 802              		.loc 1 506 0
 803 0010 FFF7FEFF 		bl	HAL_GPIO_EXTI_Callback
 804              	.LVL74:
 508:Drivers/STM32F0xx_HAL_Driver/Src/stm32f0xx_hal_gpio.c **** 
 805              		.loc 1 508 0
 806 0014 F9E7     		b	.L53
 807              	.L57:
 808 0016 C046     		.align	2
 809              	.L56:
 810 0018 00040140 		.word	1073808384
 811              		.cfi_endproc
 812              	.LFE46:
 814              		.text
 815              	.Letext0:
 816              		.file 2 "/opt/gcc-arm-none-eabi-7-2018-q2-update/arm-none-eabi/include/machine/_default_types.h"
 817              		.file 3 "/opt/gcc-arm-none-eabi-7-2018-q2-update/arm-none-eabi/include/sys/_stdint.h"
 818              		.file 4 "Drivers/CMSIS/Device/ST/STM32F0xx/Include/system_stm32f0xx.h"
 819              		.file 5 "Drivers/CMSIS/Device/ST/STM32F0xx/Include/stm32f091xc.h"
 820              		.file 6 "Drivers/STM32F0xx_HAL_Driver/Inc/stm32f0xx_hal_def.h"
 821              		.file 7 "Drivers/STM32F0xx_HAL_Driver/Inc/stm32f0xx_hal_gpio.h"
 822              		.file 8 "Drivers/STM32F0xx_HAL_Driver/Inc/stm32f0xx_hal.h"
ARM GAS  /tmp/cc9kQGo6.s 			page 26


DEFINED SYMBOLS
                            *ABS*:0000000000000000 stm32f0xx_hal_gpio.c
     /tmp/cc9kQGo6.s:16     .text.HAL_GPIO_Init:0000000000000000 $t
     /tmp/cc9kQGo6.s:23     .text.HAL_GPIO_Init:0000000000000000 HAL_GPIO_Init
     /tmp/cc9kQGo6.s:366    .text.HAL_GPIO_Init:000000000000017c $d
     /tmp/cc9kQGo6.s:377    .text.HAL_GPIO_DeInit:0000000000000000 $t
     /tmp/cc9kQGo6.s:384    .text.HAL_GPIO_DeInit:0000000000000000 HAL_GPIO_DeInit
     /tmp/cc9kQGo6.s:576    .text.HAL_GPIO_DeInit:00000000000000ec $d
     /tmp/cc9kQGo6.s:586    .text.HAL_GPIO_ReadPin:0000000000000000 $t
     /tmp/cc9kQGo6.s:593    .text.HAL_GPIO_ReadPin:0000000000000000 HAL_GPIO_ReadPin
     /tmp/cc9kQGo6.s:622    .text.HAL_GPIO_WritePin:0000000000000000 $t
     /tmp/cc9kQGo6.s:629    .text.HAL_GPIO_WritePin:0000000000000000 HAL_GPIO_WritePin
     /tmp/cc9kQGo6.s:654    .text.HAL_GPIO_TogglePin:0000000000000000 $t
     /tmp/cc9kQGo6.s:661    .text.HAL_GPIO_TogglePin:0000000000000000 HAL_GPIO_TogglePin
     /tmp/cc9kQGo6.s:687    .text.HAL_GPIO_LockPin:0000000000000000 $t
     /tmp/cc9kQGo6.s:694    .text.HAL_GPIO_LockPin:0000000000000000 HAL_GPIO_LockPin
     /tmp/cc9kQGo6.s:746    .text.HAL_GPIO_EXTI_Callback:0000000000000000 $t
     /tmp/cc9kQGo6.s:753    .text.HAL_GPIO_EXTI_Callback:0000000000000000 HAL_GPIO_EXTI_Callback
     /tmp/cc9kQGo6.s:768    .text.HAL_GPIO_EXTI_IRQHandler:0000000000000000 $t
     /tmp/cc9kQGo6.s:775    .text.HAL_GPIO_EXTI_IRQHandler:0000000000000000 HAL_GPIO_EXTI_IRQHandler
     /tmp/cc9kQGo6.s:810    .text.HAL_GPIO_EXTI_IRQHandler:0000000000000018 $d

NO UNDEFINED SYMBOLS
